
  JOB TITLE.....: SCALE.0064.lulesh
  WORKING PATH..: /p/lustre2/wood67/experiments/apollo/SCALE.0064.lulesh.2808366

module swap intel/18.0.1 gcc/4.9.3
Lmod has detected the following error: Swap failed: "intel/18.0.1" is not
loaded.




Compiler path: '/usr/tce/packages/gcc/gcc-4.9.3/bin/gcc'
Compiler version:
gcc (GCC) 4.9.3
Copyright (C) 2015 Free Software Foundation, Inc.
This is free software; see the source for copying conditions.  There is NO
warranty; not even for MERCHANTABILITY or FITNESS FOR A PARTICULAR PURPOSE.



 .-- Processing ~/setenv.sh ...
 |
 |-- Initializing Spack environment...
 |-- Loading Spack packages...
 |    |-- python
 |    |    |-- py-scipy
 |    |    |-- py-scikit-learn
 |    |    |-- py-pandas
 |    |    |-- py-numpy
 |    |    |-- py-cffi
 |    |    \_
 |    \_
 |-- vim
 |-- cmake
 |-- libnl
 |-- libevpath
 |-- libffs
 |-- gtkorvo-atl
 |-- gtkorvo-dill
 |-- htop
 \_


Launching SOS daemons...

    SOS_WORK=/p/lustre2/wood67/experiments/apollo/SCALE.0064.lulesh.2808366
    SOS_EVPATH_MEETUP=/p/lustre2/wood67/experiments/apollo/SCALE.0064.lulesh.2808366/daemons

  --> sosd.aggregator(0) starting...
  --> sosd.listener(1) starting...
  --> sosd.listener(2) starting...

Pausing to ensure runtime is completely established...

==================================================================================
----------------------------------------------------------------------------------

           _/_/_/    _/_/      _/_/_/ ||[]||[]}))))}]|[]||||  Scalable
        _/        _/    _/  _/        |||||[][{(((({[]|[]|||  Observation
         _/_/    _/    _/    _/_/     |[][]|[]}))))}][]|||[]  System
            _/  _/    _/        _/    []|||[][{(((({[]|[]|||  for Scientific
     _/_/_/      _/_/    _/_/_/       ||[]||[]}))))}][]||[]|  Workflows

             Version: 1.25
      Target machine: quartz380

         Compiled on: May 16 2019 at 11:11:57 by wood67@quartz380
   Build environment: GNU/Linux 3.10.0-957.5.1.3chaos.ch6.x86_64 x86_64
         Commit head: fed825c40be2ca1c0269efd5887a691d75610485

----------------------------------------------------------------------------------
==================================================================================


SOS is ready for use!


--------------------------------------------------------------------------------


>>>> Starting SOS daemon statistics monitoring...


>>>> Creating Apollo VIEW and INDEX in the SOS databases...


>>>> Launching experiment codes...


	proc, size, iter, application                   , time(sec)
	  64,   45,  300, lulesh-v2.0-RAJA-seq.exe      , 35.00
	  64,   45,  300, lulesh-apollo                 , 41.19
	  64,   45,  600, lulesh-v2.0-RAJA-seq.exe      , 69.10
	  64,   45,  600, lulesh-apollo                 , 81.64
	  64,   45,  900, lulesh-v2.0-RAJA-seq.exe      , 102.85
	  64,   45,  900, lulesh-apollo                 , 122.14
	  64,   45, 1200, lulesh-v2.0-RAJA-seq.exe      , 136.76
	  64,   45, 1200, lulesh-apollo                 , 161.26
	  64,   45, 1500, lulesh-v2.0-RAJA-seq.exe      , 168.80
	  64,   45, 1500, lulesh-apollo                 , 197.01
--------------------------------------------------------------------------------

    DONE!

$SOS_WORK = /p/lustre2/wood67/experiments/apollo/SCALE.0064.lulesh.2808366

$SOS_WORK directory listing:
/p/lustre2/wood67/experiments/apollo/SCALE.0064.lulesh.2808366
|-- SQL.CREATE.indexApollo
|-- SQL.CREATE.viewApollo
|-- SQL.sanityCheck
|-- bin
|   |-- controller.py
|   |-- demo_app
|   |-- lulesh-apollo
|   |-- lulesh-v2.0-RAJA-seq.exe
|   |-- showdb
|   |-- sosd
|   |-- sosd_manifest
|   |-- sosd_probe
|   |-- sosd_stop
|   `-- ssos.py
|-- daemons
|   |-- monitor.0.csv
|   |-- monitor.1.csv
|   |-- monitor.2.csv
|   |-- sosd.00000.id
|   |-- sosd.00000.key
|   |-- sosd.00001.id
|   `-- sosd.00002.id
|-- launch
|   |-- BATCH_JOB_SCRIPT.sh
|   |-- CALIPER_SETTINGS
|   |-- COMMON_SETENV.sh
|   |-- COMMON_SPACK.sh
|   |-- COMMON_UNSETENV.sh
|   `-- SRUN_CONTROLLER
|-- lib
|   |-- libapollo.so
|   |-- libcaliper.so
|   |-- libsos.so
|   `-- ssos_python.so
`-- output
    |-- controller.out
    |-- lulesh-apollo.out
    `-- lulesh-baseline.out

5 directories, 33 files
--------------------------------------------------------------------------------

You are now in the $SOS_WORK directory with your RESULTS and SCRIPTS!
                                       ^^^^^^^^^^^^^^^^^^^^^^^^^^^^^^

        To RETURN to your code ..: $ cd $RETURN_PATH
        To SHUT DOWN SOS ........: $ ./sosd_stop.sh   (OR: $ killall srun)

Done.
Done.
Done.
srun: error: quartz1466: task 0: Killed
srun: error: quartz1479: task 2: Killed
srun: error: quartz1469: task 1: Killed
srun: Force Terminated job step 2808366.3
/p/lustre2/wood67/experiments/apollo/SCALE.0064.lulesh.2808366/sosd.00001.db --> Exported 1.3% in 2.84 seconds.  (65536 of 5212629 pages)
/p/lustre2/wood67/experiments/apollo/SCALE.0064.lulesh.2808366/sosd.00000.db --> Exported 0.6% in 2.84 seconds.  (65536 of 10429833 pages)
/p/lustre2/wood67/experiments/apollo/SCALE.0064.lulesh.2808366/sosd.00002.db --> Exported 1.3% in 2.93 seconds.  (65536 of 5211292 pages)
/p/lustre2/wood67/experiments/apollo/SCALE.0064.lulesh.2808366/sosd.00001.db --> Exported 2.5% in 5.70 seconds.  (131072 of 5212629 pages)
/p/lustre2/wood67/experiments/apollo/SCALE.0064.lulesh.2808366/sosd.00000.db --> Exported 1.3% in 5.65 seconds.  (131072 of 10429833 pages)
/p/lustre2/wood67/experiments/apollo/SCALE.0064.lulesh.2808366/sosd.00002.db --> Exported 2.5% in 5.76 seconds.  (131072 of 5211292 pages)
/p/lustre2/wood67/experiments/apollo/SCALE.0064.lulesh.2808366/sosd.00000.db --> Exported 1.9% in 8.47 seconds.  (196608 of 10429833 pages)
/p/lustre2/wood67/experiments/apollo/SCALE.0064.lulesh.2808366/sosd.00001.db --> Exported 3.8% in 8.56 seconds.  (196608 of 5212629 pages)
/p/lustre2/wood67/experiments/apollo/SCALE.0064.lulesh.2808366/sosd.00002.db --> Exported 3.8% in 8.59 seconds.  (196608 of 5211292 pages)
/p/lustre2/wood67/experiments/apollo/SCALE.0064.lulesh.2808366/sosd.00000.db --> Exported 2.5% in 11.31 seconds.  (262144 of 10429833 pages)
/p/lustre2/wood67/experiments/apollo/SCALE.0064.lulesh.2808366/sosd.00001.db --> Exported 5.0% in 11.42 seconds.  (262144 of 5212629 pages)
/p/lustre2/wood67/experiments/apollo/SCALE.0064.lulesh.2808366/sosd.00002.db --> Exported 5.0% in 11.52 seconds.  (262144 of 5211292 pages)
/p/lustre2/wood67/experiments/apollo/SCALE.0064.lulesh.2808366/sosd.00000.db --> Exported 3.1% in 14.18 seconds.  (327680 of 10429833 pages)
/p/lustre2/wood67/experiments/apollo/SCALE.0064.lulesh.2808366/sosd.00002.db --> Exported 6.3% in 14.33 seconds.  (327680 of 5211292 pages)
/p/lustre2/wood67/experiments/apollo/SCALE.0064.lulesh.2808366/sosd.00001.db --> Exported 6.3% in 14.33 seconds.  (327680 of 5212629 pages)
/p/lustre2/wood67/experiments/apollo/SCALE.0064.lulesh.2808366/sosd.00000.db --> Exported 3.8% in 17.04 seconds.  (393216 of 10429833 pages)
/p/lustre2/wood67/experiments/apollo/SCALE.0064.lulesh.2808366/sosd.00002.db --> Exported 7.5% in 17.15 seconds.  (393216 of 5211292 pages)
/p/lustre2/wood67/experiments/apollo/SCALE.0064.lulesh.2808366/sosd.00001.db --> Exported 7.5% in 17.22 seconds.  (393216 of 5212629 pages)
/p/lustre2/wood67/experiments/apollo/SCALE.0064.lulesh.2808366/sosd.00002.db --> Exported 8.8% in 19.97 seconds.  (458752 of 5211292 pages)
/p/lustre2/wood67/experiments/apollo/SCALE.0064.lulesh.2808366/sosd.00000.db --> Exported 4.4% in 19.88 seconds.  (458752 of 10429833 pages)
/p/lustre2/wood67/experiments/apollo/SCALE.0064.lulesh.2808366/sosd.00001.db --> Exported 8.8% in 20.10 seconds.  (458752 of 5212629 pages)
/p/lustre2/wood67/experiments/apollo/SCALE.0064.lulesh.2808366/sosd.00002.db --> Exported 10.1% in 22.77 seconds.  (524288 of 5211292 pages)
/p/lustre2/wood67/experiments/apollo/SCALE.0064.lulesh.2808366/sosd.00000.db --> Exported 5.0% in 22.74 seconds.  (524288 of 10429833 pages)
/p/lustre2/wood67/experiments/apollo/SCALE.0064.lulesh.2808366/sosd.00001.db --> Exported 10.1% in 23.05 seconds.  (524288 of 5212629 pages)
/p/lustre2/wood67/experiments/apollo/SCALE.0064.lulesh.2808366/sosd.00002.db --> Exported 11.3% in 25.59 seconds.  (589824 of 5211292 pages)
/p/lustre2/wood67/experiments/apollo/SCALE.0064.lulesh.2808366/sosd.00000.db --> Exported 5.7% in 25.56 seconds.  (589824 of 10429833 pages)
/p/lustre2/wood67/experiments/apollo/SCALE.0064.lulesh.2808366/sosd.00001.db --> Exported 11.3% in 25.97 seconds.  (589824 of 5212629 pages)
/p/lustre2/wood67/experiments/apollo/SCALE.0064.lulesh.2808366/sosd.00002.db --> Exported 12.6% in 28.41 seconds.  (655360 of 5211292 pages)
/p/lustre2/wood67/experiments/apollo/SCALE.0064.lulesh.2808366/sosd.00000.db --> Exported 6.3% in 28.38 seconds.  (655360 of 10429833 pages)
/p/lustre2/wood67/experiments/apollo/SCALE.0064.lulesh.2808366/sosd.00001.db --> Exported 12.6% in 28.98 seconds.  (655360 of 5212629 pages)
/p/lustre2/wood67/experiments/apollo/SCALE.0064.lulesh.2808366/sosd.00002.db --> Exported 13.8% in 31.22 seconds.  (720896 of 5211292 pages)
/p/lustre2/wood67/experiments/apollo/SCALE.0064.lulesh.2808366/sosd.00000.db --> Exported 6.9% in 31.21 seconds.  (720896 of 10429833 pages)
/p/lustre2/wood67/experiments/apollo/SCALE.0064.lulesh.2808366/sosd.00001.db --> Exported 13.8% in 31.96 seconds.  (720896 of 5212629 pages)
/p/lustre2/wood67/experiments/apollo/SCALE.0064.lulesh.2808366/sosd.00002.db --> Exported 15.1% in 34.03 seconds.  (786432 of 5211292 pages)
/p/lustre2/wood67/experiments/apollo/SCALE.0064.lulesh.2808366/sosd.00000.db --> Exported 7.5% in 34.04 seconds.  (786432 of 10429833 pages)
/p/lustre2/wood67/experiments/apollo/SCALE.0064.lulesh.2808366/sosd.00001.db --> Exported 15.1% in 34.97 seconds.  (786432 of 5212629 pages)
/p/lustre2/wood67/experiments/apollo/SCALE.0064.lulesh.2808366/sosd.00002.db --> Exported 16.3% in 36.94 seconds.  (851968 of 5211292 pages)
/p/lustre2/wood67/experiments/apollo/SCALE.0064.lulesh.2808366/sosd.00000.db --> Exported 8.2% in 36.93 seconds.  (851968 of 10429833 pages)
/p/lustre2/wood67/experiments/apollo/SCALE.0064.lulesh.2808366/sosd.00001.db --> Exported 16.3% in 38.03 seconds.  (851968 of 5212629 pages)
/p/lustre2/wood67/experiments/apollo/SCALE.0064.lulesh.2808366/sosd.00002.db --> Exported 17.6% in 39.73 seconds.  (917504 of 5211292 pages)
/p/lustre2/wood67/experiments/apollo/SCALE.0064.lulesh.2808366/sosd.00000.db --> Exported 8.8% in 39.68 seconds.  (917504 of 10429833 pages)
/p/lustre2/wood67/experiments/apollo/SCALE.0064.lulesh.2808366/sosd.00001.db --> Exported 17.6% in 41.00 seconds.  (917504 of 5212629 pages)
/p/lustre2/wood67/experiments/apollo/SCALE.0064.lulesh.2808366/sosd.00002.db --> Exported 18.9% in 42.53 seconds.  (983040 of 5211292 pages)
/p/lustre2/wood67/experiments/apollo/SCALE.0064.lulesh.2808366/sosd.00000.db --> Exported 9.4% in 42.47 seconds.  (983040 of 10429833 pages)
/p/lustre2/wood67/experiments/apollo/SCALE.0064.lulesh.2808366/sosd.00001.db --> Exported 18.9% in 43.99 seconds.  (983040 of 5212629 pages)
/p/lustre2/wood67/experiments/apollo/SCALE.0064.lulesh.2808366/sosd.00002.db --> Exported 20.1% in 45.35 seconds.  (1048576 of 5211292 pages)
/p/lustre2/wood67/experiments/apollo/SCALE.0064.lulesh.2808366/sosd.00000.db --> Exported 10.1% in 45.30 seconds.  (1048576 of 10429833 pages)
/p/lustre2/wood67/experiments/apollo/SCALE.0064.lulesh.2808366/sosd.00001.db --> Exported 20.1% in 47.06 seconds.  (1048576 of 5212629 pages)
/p/lustre2/wood67/experiments/apollo/SCALE.0064.lulesh.2808366/sosd.00002.db --> Exported 21.4% in 48.18 seconds.  (1114112 of 5211292 pages)
/p/lustre2/wood67/experiments/apollo/SCALE.0064.lulesh.2808366/sosd.00000.db --> Exported 10.7% in 48.10 seconds.  (1114112 of 10429833 pages)
/p/lustre2/wood67/experiments/apollo/SCALE.0064.lulesh.2808366/sosd.00001.db --> Exported 21.4% in 49.99 seconds.  (1114112 of 5212629 pages)
/p/lustre2/wood67/experiments/apollo/SCALE.0064.lulesh.2808366/sosd.00002.db --> Exported 22.6% in 50.97 seconds.  (1179648 of 5211292 pages)
/p/lustre2/wood67/experiments/apollo/SCALE.0064.lulesh.2808366/sosd.00000.db --> Exported 11.3% in 50.88 seconds.  (1179648 of 10429833 pages)
/p/lustre2/wood67/experiments/apollo/SCALE.0064.lulesh.2808366/sosd.00001.db --> Exported 22.6% in 53.02 seconds.  (1179648 of 5212629 pages)
/p/lustre2/wood67/experiments/apollo/SCALE.0064.lulesh.2808366/sosd.00002.db --> Exported 23.9% in 53.67 seconds.  (1245184 of 5211292 pages)
/p/lustre2/wood67/experiments/apollo/SCALE.0064.lulesh.2808366/sosd.00000.db --> Exported 11.9% in 53.68 seconds.  (1245184 of 10429833 pages)
/p/lustre2/wood67/experiments/apollo/SCALE.0064.lulesh.2808366/sosd.00001.db --> Exported 23.9% in 56.05 seconds.  (1245184 of 5212629 pages)
/p/lustre2/wood67/experiments/apollo/SCALE.0064.lulesh.2808366/sosd.00002.db --> Exported 25.2% in 56.38 seconds.  (1310720 of 5211292 pages)
/p/lustre2/wood67/experiments/apollo/SCALE.0064.lulesh.2808366/sosd.00000.db --> Exported 12.6% in 56.50 seconds.  (1310720 of 10429833 pages)
/p/lustre2/wood67/experiments/apollo/SCALE.0064.lulesh.2808366/sosd.00001.db --> Exported 25.1% in 59.00 seconds.  (1310720 of 5212629 pages)
/p/lustre2/wood67/experiments/apollo/SCALE.0064.lulesh.2808366/sosd.00002.db --> Exported 26.4% in 59.06 seconds.  (1376256 of 5211292 pages)
/p/lustre2/wood67/experiments/apollo/SCALE.0064.lulesh.2808366/sosd.00000.db --> Exported 13.2% in 59.31 seconds.  (1376256 of 10429833 pages)
/p/lustre2/wood67/experiments/apollo/SCALE.0064.lulesh.2808366/sosd.00002.db --> Exported 27.7% in 61.77 seconds.  (1441792 of 5211292 pages)
/p/lustre2/wood67/experiments/apollo/SCALE.0064.lulesh.2808366/sosd.00001.db --> Exported 26.4% in 61.95 seconds.  (1376256 of 5212629 pages)
/p/lustre2/wood67/experiments/apollo/SCALE.0064.lulesh.2808366/sosd.00000.db --> Exported 13.8% in 62.15 seconds.  (1441792 of 10429833 pages)
/p/lustre2/wood67/experiments/apollo/SCALE.0064.lulesh.2808366/sosd.00002.db --> Exported 28.9% in 64.45 seconds.  (1507328 of 5211292 pages)
/p/lustre2/wood67/experiments/apollo/SCALE.0064.lulesh.2808366/sosd.00001.db --> Exported 27.7% in 65.01 seconds.  (1441792 of 5212629 pages)
/p/lustre2/wood67/experiments/apollo/SCALE.0064.lulesh.2808366/sosd.00000.db --> Exported 14.5% in 64.99 seconds.  (1507328 of 10429833 pages)
/p/lustre2/wood67/experiments/apollo/SCALE.0064.lulesh.2808366/sosd.00002.db --> Exported 30.2% in 67.13 seconds.  (1572864 of 5211292 pages)
/p/lustre2/wood67/experiments/apollo/SCALE.0064.lulesh.2808366/sosd.00001.db --> Exported 28.9% in 67.83 seconds.  (1507328 of 5212629 pages)
/p/lustre2/wood67/experiments/apollo/SCALE.0064.lulesh.2808366/sosd.00000.db --> Exported 15.1% in 67.88 seconds.  (1572864 of 10429833 pages)
/p/lustre2/wood67/experiments/apollo/SCALE.0064.lulesh.2808366/sosd.00002.db --> Exported 31.4% in 69.82 seconds.  (1638400 of 5211292 pages)
/p/lustre2/wood67/experiments/apollo/SCALE.0064.lulesh.2808366/sosd.00001.db --> Exported 30.2% in 70.66 seconds.  (1572864 of 5212629 pages)
/p/lustre2/wood67/experiments/apollo/SCALE.0064.lulesh.2808366/sosd.00000.db --> Exported 15.7% in 70.78 seconds.  (1638400 of 10429833 pages)
/p/lustre2/wood67/experiments/apollo/SCALE.0064.lulesh.2808366/sosd.00002.db --> Exported 32.7% in 72.52 seconds.  (1703936 of 5211292 pages)
/p/lustre2/wood67/experiments/apollo/SCALE.0064.lulesh.2808366/sosd.00001.db --> Exported 31.4% in 73.48 seconds.  (1638400 of 5212629 pages)
/p/lustre2/wood67/experiments/apollo/SCALE.0064.lulesh.2808366/sosd.00000.db --> Exported 16.3% in 73.72 seconds.  (1703936 of 10429833 pages)
/p/lustre2/wood67/experiments/apollo/SCALE.0064.lulesh.2808366/sosd.00002.db --> Exported 34.0% in 75.20 seconds.  (1769472 of 5211292 pages)
/p/lustre2/wood67/experiments/apollo/SCALE.0064.lulesh.2808366/sosd.00001.db --> Exported 32.7% in 76.30 seconds.  (1703936 of 5212629 pages)
/p/lustre2/wood67/experiments/apollo/SCALE.0064.lulesh.2808366/sosd.00000.db --> Exported 17.0% in 76.62 seconds.  (1769472 of 10429833 pages)
/p/lustre2/wood67/experiments/apollo/SCALE.0064.lulesh.2808366/sosd.00002.db --> Exported 35.2% in 77.88 seconds.  (1835008 of 5211292 pages)
/p/lustre2/wood67/experiments/apollo/SCALE.0064.lulesh.2808366/sosd.00001.db --> Exported 33.9% in 79.19 seconds.  (1769472 of 5212629 pages)
/p/lustre2/wood67/experiments/apollo/SCALE.0064.lulesh.2808366/sosd.00000.db --> Exported 17.6% in 79.52 seconds.  (1835008 of 10429833 pages)
/p/lustre2/wood67/experiments/apollo/SCALE.0064.lulesh.2808366/sosd.00002.db --> Exported 36.5% in 80.57 seconds.  (1900544 of 5211292 pages)
/p/lustre2/wood67/experiments/apollo/SCALE.0064.lulesh.2808366/sosd.00001.db --> Exported 35.2% in 82.07 seconds.  (1835008 of 5212629 pages)
/p/lustre2/wood67/experiments/apollo/SCALE.0064.lulesh.2808366/sosd.00000.db --> Exported 18.2% in 82.43 seconds.  (1900544 of 10429833 pages)
/p/lustre2/wood67/experiments/apollo/SCALE.0064.lulesh.2808366/sosd.00002.db --> Exported 37.7% in 83.26 seconds.  (1966080 of 5211292 pages)
/p/lustre2/wood67/experiments/apollo/SCALE.0064.lulesh.2808366/sosd.00001.db --> Exported 36.5% in 84.99 seconds.  (1900544 of 5212629 pages)
/p/lustre2/wood67/experiments/apollo/SCALE.0064.lulesh.2808366/sosd.00000.db --> Exported 18.9% in 85.34 seconds.  (1966080 of 10429833 pages)
/p/lustre2/wood67/experiments/apollo/SCALE.0064.lulesh.2808366/sosd.00002.db --> Exported 39.0% in 85.96 seconds.  (2031616 of 5211292 pages)
/p/lustre2/wood67/experiments/apollo/SCALE.0064.lulesh.2808366/sosd.00001.db --> Exported 37.7% in 87.97 seconds.  (1966080 of 5212629 pages)
/p/lustre2/wood67/experiments/apollo/SCALE.0064.lulesh.2808366/sosd.00000.db --> Exported 19.5% in 88.23 seconds.  (2031616 of 10429833 pages)
/p/lustre2/wood67/experiments/apollo/SCALE.0064.lulesh.2808366/sosd.00002.db --> Exported 40.2% in 88.63 seconds.  (2097152 of 5211292 pages)
/p/lustre2/wood67/experiments/apollo/SCALE.0064.lulesh.2808366/sosd.00001.db --> Exported 39.0% in 90.87 seconds.  (2031616 of 5212629 pages)
/p/lustre2/wood67/experiments/apollo/SCALE.0064.lulesh.2808366/sosd.00000.db --> Exported 20.1% in 91.10 seconds.  (2097152 of 10429833 pages)
/p/lustre2/wood67/experiments/apollo/SCALE.0064.lulesh.2808366/sosd.00002.db --> Exported 41.5% in 91.30 seconds.  (2162688 of 5211292 pages)
/p/lustre2/wood67/experiments/apollo/SCALE.0064.lulesh.2808366/sosd.00001.db --> Exported 40.2% in 93.71 seconds.  (2097152 of 5212629 pages)
/p/lustre2/wood67/experiments/apollo/SCALE.0064.lulesh.2808366/sosd.00002.db --> Exported 42.8% in 93.97 seconds.  (2228224 of 5211292 pages)
/p/lustre2/wood67/experiments/apollo/SCALE.0064.lulesh.2808366/sosd.00000.db --> Exported 20.7% in 93.89 seconds.  (2162688 of 10429833 pages)
/p/lustre2/wood67/experiments/apollo/SCALE.0064.lulesh.2808366/sosd.00001.db --> Exported 41.5% in 96.61 seconds.  (2162688 of 5212629 pages)
/p/lustre2/wood67/experiments/apollo/SCALE.0064.lulesh.2808366/sosd.00002.db --> Exported 44.0% in 96.66 seconds.  (2293760 of 5211292 pages)
/p/lustre2/wood67/experiments/apollo/SCALE.0064.lulesh.2808366/sosd.00000.db --> Exported 21.4% in 96.73 seconds.  (2228224 of 10429833 pages)
/p/lustre2/wood67/experiments/apollo/SCALE.0064.lulesh.2808366/sosd.00002.db --> Exported 45.3% in 99.35 seconds.  (2359296 of 5211292 pages)
/p/lustre2/wood67/experiments/apollo/SCALE.0064.lulesh.2808366/sosd.00001.db --> Exported 42.7% in 99.49 seconds.  (2228224 of 5212629 pages)
/p/lustre2/wood67/experiments/apollo/SCALE.0064.lulesh.2808366/sosd.00000.db --> Exported 22.0% in 99.55 seconds.  (2293760 of 10429833 pages)
/p/lustre2/wood67/experiments/apollo/SCALE.0064.lulesh.2808366/sosd.00002.db --> Exported 46.5% in 102.03 seconds.  (2424832 of 5211292 pages)
/p/lustre2/wood67/experiments/apollo/SCALE.0064.lulesh.2808366/sosd.00000.db --> Exported 22.6% in 102.38 seconds.  (2359296 of 10429833 pages)
/p/lustre2/wood67/experiments/apollo/SCALE.0064.lulesh.2808366/sosd.00001.db --> Exported 44.0% in 102.47 seconds.  (2293760 of 5212629 pages)
/p/lustre2/wood67/experiments/apollo/SCALE.0064.lulesh.2808366/sosd.00002.db --> Exported 47.8% in 104.69 seconds.  (2490368 of 5211292 pages)
/p/lustre2/wood67/experiments/apollo/SCALE.0064.lulesh.2808366/sosd.00000.db --> Exported 23.2% in 105.22 seconds.  (2424832 of 10429833 pages)
/p/lustre2/wood67/experiments/apollo/SCALE.0064.lulesh.2808366/sosd.00001.db --> Exported 45.3% in 105.37 seconds.  (2359296 of 5212629 pages)
/p/lustre2/wood67/experiments/apollo/SCALE.0064.lulesh.2808366/sosd.00002.db --> Exported 49.0% in 107.34 seconds.  (2555904 of 5211292 pages)
/p/lustre2/wood67/experiments/apollo/SCALE.0064.lulesh.2808366/sosd.00000.db --> Exported 23.9% in 108.04 seconds.  (2490368 of 10429833 pages)
/p/lustre2/wood67/experiments/apollo/SCALE.0064.lulesh.2808366/sosd.00001.db --> Exported 46.5% in 108.30 seconds.  (2424832 of 5212629 pages)
/p/lustre2/wood67/experiments/apollo/SCALE.0064.lulesh.2808366/sosd.00002.db --> Exported 50.3% in 110.00 seconds.  (2621440 of 5211292 pages)
/p/lustre2/wood67/experiments/apollo/SCALE.0064.lulesh.2808366/sosd.00000.db --> Exported 24.5% in 110.86 seconds.  (2555904 of 10429833 pages)
/p/lustre2/wood67/experiments/apollo/SCALE.0064.lulesh.2808366/sosd.00001.db --> Exported 47.8% in 111.25 seconds.  (2490368 of 5212629 pages)
/p/lustre2/wood67/experiments/apollo/SCALE.0064.lulesh.2808366/sosd.00002.db --> Exported 51.6% in 112.67 seconds.  (2686976 of 5211292 pages)
/p/lustre2/wood67/experiments/apollo/SCALE.0064.lulesh.2808366/sosd.00000.db --> Exported 25.1% in 113.71 seconds.  (2621440 of 10429833 pages)
/p/lustre2/wood67/experiments/apollo/SCALE.0064.lulesh.2808366/sosd.00001.db --> Exported 49.0% in 114.30 seconds.  (2555904 of 5212629 pages)
/p/lustre2/wood67/experiments/apollo/SCALE.0064.lulesh.2808366/sosd.00002.db --> Exported 52.8% in 115.34 seconds.  (2752512 of 5211292 pages)
/p/lustre2/wood67/experiments/apollo/SCALE.0064.lulesh.2808366/sosd.00000.db --> Exported 25.8% in 116.56 seconds.  (2686976 of 10429833 pages)
/p/lustre2/wood67/experiments/apollo/SCALE.0064.lulesh.2808366/sosd.00001.db --> Exported 50.3% in 117.22 seconds.  (2621440 of 5212629 pages)
/p/lustre2/wood67/experiments/apollo/SCALE.0064.lulesh.2808366/sosd.00002.db --> Exported 54.1% in 117.97 seconds.  (2818048 of 5211292 pages)
/p/lustre2/wood67/experiments/apollo/SCALE.0064.lulesh.2808366/sosd.00000.db --> Exported 26.4% in 119.37 seconds.  (2752512 of 10429833 pages)
/p/lustre2/wood67/experiments/apollo/SCALE.0064.lulesh.2808366/sosd.00001.db --> Exported 51.5% in 120.11 seconds.  (2686976 of 5212629 pages)
