
  JOB TITLE.....: WATCH.0008.cleverleaf.test
  WORKING PATH..: /p/lustre2/wood67/experiments/apollo/WATCH.0008.cleverleaf.test.3132411


Launching SOS daemons...

    SOS_WORK=/p/lustre2/wood67/experiments/apollo/WATCH.0008.cleverleaf.test.3132411
    SOS_EVPATH_MEETUP=/p/lustre2/wood67/experiments/apollo/WATCH.0008.cleverleaf.test.3132411/daemons

  --> sosd.aggregator(0) starting...
  --> sosd.listener(1) starting...

Pausing to ensure runtime is completely established...

==================================================================================
----------------------------------------------------------------------------------

           _/_/_/    _/_/      _/_/_/ ||[]||[]}))))}]|[]||||  Scalable
        _/        _/    _/  _/        |||||[][{(((({[]|[]|||  Observation
         _/_/    _/    _/    _/_/     |[][]|[]}))))}][]|||[]  System
            _/  _/    _/        _/    []|||[][{(((({[]|[]|||  for Scientific
     _/_/_/      _/_/    _/_/_/       ||[]||[]}))))}][]||[]|  Workflows

             Version: 1.25
      Target machine: quartz1922

         Compiled on: Jun 25 2019 at 02:23:34 by wood67@quartz1922
   Build environment: GNU/Linux 3.10.0-957.12.2.1chaos.ch6.x86_64 x86_64
         Commit head: 30998212659c34cbae63ce379cf3091684238a93

----------------------------------------------------------------------------------
==================================================================================


SOS is ready for use!


--------------------------------------------------------------------------------


>>>> Starting SOS daemon statistics monitoring...


>>>> Creating Apollo VIEW and INDEX in the SOS databases...


>>>> Launching experiment codes...


>>>> Controller is DISABLED for the start of this run.

Launch command for cleverleaf:
    srun   -o /p/lustre2/wood67/experiments/apollo/WATCH.0008.cleverleaf.test.3132411/output/cleverleaf.stdout  -N 1  -n 8  -r 1   /p/lustre2/wood67/experiments/apollo/WATCH.0008.cleverleaf.test.3132411/bin/cleverleaf   /p/lustre2/wood67/experiments/apollo/WATCH.0008.cleverleaf.test.3132411/cleaf_triple_pt.in

	   8, cleaf_triple_pt.in  , model.static.1.sequential     , 249.93
	   8, cleaf_triple_pt.in  , model.static.1.sequential     , 247.55
	   8, cleaf_triple_pt.in  , model.static.1.sequential     , 246.22
	   8, cleaf_triple_pt.in  , model.static.2.simd           , 249.10
	   8, cleaf_triple_pt.in  , model.static.2.simd           , 248.23
	   8, cleaf_triple_pt.in  , model.static.2.simd           , 250.74
	   8, cleaf_triple_pt.in  , model.static.3.loopexec       , 249.91
	   8, cleaf_triple_pt.in  , model.static.3.loopexec       , 249.99
	   8, cleaf_triple_pt.in  , model.static.3.loopexec       , 248.63
	   8, cleaf_triple_pt.in  , model.static.4.openmp         , 108.13
	   8, cleaf_triple_pt.in  , model.static.4.openmp         , 103.80
	   8, cleaf_triple_pt.in  , model.static.4.openmp         , 103.52
Launching controller and waiting 10 seconds for it to come online...
	   8, cleaf_triple_pt.in  , model.roundrobin              , 250.75

>>> Bringing down the controller and waiting for 5 seconds (you may see 'kill' output)...


srun: error: quartz2189: task 0: Killed
srun: Force Terminated job step 3132411.52
--------------------------------------------------------------------------------

    DONE!

$SOS_WORK = /p/lustre2/wood67/experiments/apollo/WATCH.0008.cleverleaf.test.3132411

/p/lustre2/wood67/experiments/apollo/WATCH.0008.cleverleaf.test.3132411/daemons
|-- monitor.0.csv
|-- monitor.1.csv
|-- sosd.00000.id
|-- sosd.00000.key
`-- sosd.00001.id

0 directories, 5 files
cleaf_triple_pt.0.log
cleaf_triple_pt.0.visit
cleaf_triple_pt.1.log
cleaf_triple_pt.1.visit
cleaf_triple_pt.10.log
cleaf_triple_pt.10.visit
cleaf_triple_pt.11.log
cleaf_triple_pt.11.visit
cleaf_triple_pt.12.log
cleaf_triple_pt.12.visit
cleaf_triple_pt.2.log
cleaf_triple_pt.2.visit
cleaf_triple_pt.3.log
cleaf_triple_pt.3.visit
cleaf_triple_pt.4.log
cleaf_triple_pt.4.visit
cleaf_triple_pt.5.log
cleaf_triple_pt.5.visit
cleaf_triple_pt.6.log
cleaf_triple_pt.6.visit
cleaf_triple_pt.7.log
cleaf_triple_pt.7.visit
cleaf_triple_pt.8.log
cleaf_triple_pt.8.visit
cleaf_triple_pt.9.log
cleaf_triple_pt.9.visit
cleverleaf.stdout
controller.out
--------------------------------------------------------------------------------

The SOS RUNTIME IS STILL UP so you can interactively query / run visualizations.

You are now in the $SOS_WORK directory with your RESULTS and SCRIPTS!
                                       ^^^^^^^^^^^^^^^^^^^^^^^^^^^^^^

        To RETURN to your code ..: $ cd $RETURN_PATH
        To SHUT DOWN SOS ........: $ ./sosd_stop.sh   (OR: $ killall srun)

NOTE: You need to shut down SOS before it will export the databases to files.


 >>>>
 >>>>
 >>>> Press ENTER or wait 120 seconds to shut down SOS.   (C-c to stay interactive)
 >>>>

 *OK* Shutting down interactive experiment environment...

Bringing down SOS:
Done.
Done.
Killing SOS monitors:
srun: error: quartz2189: task 0: Killed
OK!
srun: error: quartz2190: task 1: Killed
srun: Force Terminated job step 3132411.2


/p/lustre2/wood67/experiments/apollo/WATCH.0008.cleverleaf.test.3132411/sosd.00000.db --> Exported 2.6% in 2.90 seconds.  (65536 of 2515609 pages)
/p/lustre2/wood67/experiments/apollo/WATCH.0008.cleverleaf.test.3132411/sosd.00001.db --> Exported 2.6% in 2.69 seconds.  (65536 of 2515609 pages)
/p/lustre2/wood67/experiments/apollo/WATCH.0008.cleverleaf.test.3132411/sosd.00001.db --> Exported 5.2% in 5.36 seconds.  (131072 of 2515609 pages)
/p/lustre2/wood67/experiments/apollo/WATCH.0008.cleverleaf.test.3132411/sosd.00000.db --> Exported 5.2% in 5.68 seconds.  (131072 of 2515609 pages)
/p/lustre2/wood67/experiments/apollo/WATCH.0008.cleverleaf.test.3132411/sosd.00001.db --> Exported 7.8% in 8.03 seconds.  (196608 of 2515609 pages)
/p/lustre2/wood67/experiments/apollo/WATCH.0008.cleverleaf.test.3132411/sosd.00000.db --> Exported 7.8% in 8.48 seconds.  (196608 of 2515609 pages)
/p/lustre2/wood67/experiments/apollo/WATCH.0008.cleverleaf.test.3132411/sosd.00001.db --> Exported 10.4% in 10.73 seconds.  (262144 of 2515609 pages)
/p/lustre2/wood67/experiments/apollo/WATCH.0008.cleverleaf.test.3132411/sosd.00000.db --> Exported 10.4% in 11.31 seconds.  (262144 of 2515609 pages)
/p/lustre2/wood67/experiments/apollo/WATCH.0008.cleverleaf.test.3132411/sosd.00001.db --> Exported 13.0% in 13.41 seconds.  (327680 of 2515609 pages)
/p/lustre2/wood67/experiments/apollo/WATCH.0008.cleverleaf.test.3132411/sosd.00000.db --> Exported 13.0% in 14.26 seconds.  (327680 of 2515609 pages)
/p/lustre2/wood67/experiments/apollo/WATCH.0008.cleverleaf.test.3132411/sosd.00001.db --> Exported 15.6% in 16.09 seconds.  (393216 of 2515609 pages)
/p/lustre2/wood67/experiments/apollo/WATCH.0008.cleverleaf.test.3132411/sosd.00000.db --> Exported 15.6% in 17.06 seconds.  (393216 of 2515609 pages)
/p/lustre2/wood67/experiments/apollo/WATCH.0008.cleverleaf.test.3132411/sosd.00001.db --> Exported 18.2% in 18.78 seconds.  (458752 of 2515609 pages)
/p/lustre2/wood67/experiments/apollo/WATCH.0008.cleverleaf.test.3132411/sosd.00000.db --> Exported 18.2% in 19.84 seconds.  (458752 of 2515609 pages)
/p/lustre2/wood67/experiments/apollo/WATCH.0008.cleverleaf.test.3132411/sosd.00001.db --> Exported 20.8% in 21.51 seconds.  (524288 of 2515609 pages)
--- Done! End of job script. ---
