
  JOB TITLE.....: WATCH.0008.cleverleaf.test
  WORKING PATH..: /p/lustre2/wood67/experiments/apollo/WATCH.0008.cleverleaf.test.2950959

module swap intel/18.0.1 gcc/4.9.3
Lmod has detected the following error: Swap failed: "intel/18.0.1" is not
loaded.




Compiler path: '/usr/tce/packages/gcc/gcc-4.9.3/bin/gcc'
Compiler version:
gcc (GCC) 4.9.3
Copyright (C) 2015 Free Software Foundation, Inc.
This is free software; see the source for copying conditions.  There is NO
warranty; not even for MERCHANTABILITY or FITNESS FOR A PARTICULAR PURPOSE.



 .-- Processing ~/setenv.sh ...
 |
 |-- Initializing Spack environment...
 |-- Loading Spack packages...
 |    |-- python
 |    |    |-- py-scipy
 |    |    |-- py-scikit-learn
 |    |    |-- py-pandas
 |    |    |-- py-numpy
 |    |    |-- py-cffi
 |    |    \_
 |    \_
 |-- vim
 |-- cmake
 |-- libnl
 |-- libevpath
 |-- libffs
 |-- gtkorvo-atl
 |-- gtkorvo-dill
 |-- htop
 \_


Launching SOS daemons...

    SOS_WORK=/p/lustre2/wood67/experiments/apollo/WATCH.0008.cleverleaf.test.2950959
    SOS_EVPATH_MEETUP=/p/lustre2/wood67/experiments/apollo/WATCH.0008.cleverleaf.test.2950959/daemons

  --> sosd.aggregator(0) starting...
  --> sosd.listener(1) starting...

Pausing to ensure runtime is completely established...

==================================================================================
----------------------------------------------------------------------------------

_._____. .____  .____.._____. _  ..
__  ___/_  __ \_  ___/__  __/__  /________      __    .:|   Scalable
.____ \_  / / /.___ \__  /_ ._  /_  __ \_ | /| / /    .:|   Observation
____/ // /_/ /.___/ /_  __/ _  / / /_/ /_ |/ |/ /     .:|   System for Scientific
/____/ \____/ /____/ /_/    /_/  \____/____/|__/      .:|   Workflows

             Version: 1.25
      Target machine: quartz380

         Compiled on: May 16 2019 at 11:11:57 by wood67@quartz380
   Build environment: GNU/Linux 3.10.0-957.5.1.3chaos.ch6.x86_64 x86_64
         Commit head: fed825c40be2ca1c0269efd5887a691d75610485

----------------------------------------------------------------------------------
==================================================================================


SOS is ready for use!


--------------------------------------------------------------------------------


>>>> Starting SOS daemon statistics monitoring...


>>>> Creating Apollo VIEW and INDEX in the SOS databases...

>>>> Default Apollo model...


    {
        "driver": {
            "format": "int",
            "rules": "1"
        },
        "type": {
            "guid": 0,
            "name": "RoundRobin"
        },
        "region_names": [
             "none"
        ],
        "features": {
            "count": 0,
            "names": [
                "none"
            ]
        }
    }


>>>> Launching experiment codes...

Launching controller and waiting 10 seconds for it to come online...
srun: error: quartz448: task 0: Exited with exit code 1
Launch command for cleverleaf:
    srun   -o /p/lustre2/wood67/experiments/apollo/WATCH.0008.cleverleaf.test.2950959/output/cleverleaf.stdout  -N 1  -n 8  -r 1   /p/lustre2/wood67/experiments/apollo/WATCH.0008.cleverleaf.test.2950959/bin/cleverleaf   /p/lustre2/wood67/experiments/apollo/WATCH.0008.cleverleaf.test.2950959/cleaf_triple_pt.in

srun: Job step aborted: Waiting up to 62 seconds for job step to finish.
srun: error: quartz449: tasks 0-1,3,5-6: Killed
srun: error: quartz449: tasks 2,4,7: Aborted
--------------------------------------------------------------------------------

    DONE!

$SOS_WORK = /p/lustre2/wood67/experiments/apollo/WATCH.0008.cleverleaf.test.2950959

/p/lustre2/wood67/experiments/apollo/WATCH.0008.cleverleaf.test.2950959/daemons
|-- monitor.0.csv
|-- monitor.1.csv
|-- sosd.00000.id
|-- sosd.00000.key
`-- sosd.00001.id

0 directories, 5 files
cleaf_triple_pt.0.log
cleverleaf.stdout
controller.out
quartz449-cleverleaf-26927.core
quartz449-cleverleaf-26928.core
quartz449-cleverleaf-26929.core
quartz449-cleverleaf-26932.core
--------------------------------------------------------------------------------

The SOS RUNTIME IS STILL UP so you can interactively query / run visualizations.

You are now in the $SOS_WORK directory with your RESULTS and SCRIPTS!
                                       ^^^^^^^^^^^^^^^^^^^^^^^^^^^^^^

        To RETURN to your code ..: $ cd $RETURN_PATH
        To SHUT DOWN SOS ........: $ ./sosd_stop.sh   (OR: $ killall srun)

NOTE: You need to shut down SOS before it will export the databases to files.


 >>>>
 >>>>
 >>>> Press ENTER or wait 120 seconds to shut down SOS.   (C-c to stay interactive)
 >>>>

 *OK* Shutting down interactive experiment environment...

Bringing down SOS:
Done.
Done.
/p/lustre2/wood67/experiments/apollo/WATCH.0008.cleverleaf.test.2950959/sosd.00000.db --> Exported 100.0% in 0.03 seconds.  (20 of 20 pages)
** SHUTDOWN **: sosd(0) is exiting cleanly!
/p/lustre2/wood67/experiments/apollo/WATCH.0008.cleverleaf.test.2950959/sosd.00001.db --> Exported 100.0% in 0.06 seconds.  (20 of 20 pages)
** SHUTDOWN **: sosd(1) is exiting cleanly!
Killing SOS monitors:
srun: error: quartz448: task 0: Killed
OK!


srun: error: quartz449: task 1: Killed
srun: Force Terminated job step 2950959.2
--- Done! End of job script. ---
