
  JOB TITLE.....: COMPARE.0008.cleverleaf
  WORKING PATH..: /p/lustre2/wood67/experiments/apollo/COMPARE.0008.cleverleaf.3358231

module swap intel/18.0.1 gcc/4.9.3
Lmod has detected the following error: Swap failed: "intel/18.0.1" is not
loaded.




Compiler path: '/usr/tce/packages/gcc/gcc-4.9.3/bin/gcc'
Compiler version:
gcc (GCC) 4.9.3
Copyright (C) 2015 Free Software Foundation, Inc.
This is free software; see the source for copying conditions.  There is NO
warranty; not even for MERCHANTABILITY or FITNESS FOR A PARTICULAR PURPOSE.



 .-- Processing ~/setenv.sh ...
 |
 |-- Initializing Spack environment...
 |-- Loading Spack packages...
 |    |-- python@2.7.16                      /zsgpqf3
 |    |    |-- py-scipy
 |    |    |-- py-scikit-learn
 |    |    |-- py-pandas
 |    |    |-- py-numpy
 |    |    |-- py-pycparser
 |    |    |-- py-cffi
 |    |    |-- py-pytz
 |    |    |-- py-dateutil
 |    |    |-- py-six
 |    |    \_
 |    \_
 |-- vim
 |-- cmake
 |-- libnl
 |-- libevpath
 |-- libffs
 |-- gtkorvo-atl
 |-- gtkorvo-dill
 |-- htop
 \_

cp: omitting directory '/g/g17/wood67/src/apollo/src/python/apollo/__pycache__'

Launching SOS daemons...

    SOS_WORK=/p/lustre2/wood67/experiments/apollo/COMPARE.0008.cleverleaf.3358231
    SOS_EVPATH_MEETUP=/p/lustre2/wood67/experiments/apollo/COMPARE.0008.cleverleaf.3358231/daemons

  --> sosd.aggregator(0) starting...
  --> sosd.listener(1) starting...

Pausing to ensure runtime is completely established...

==================================================================================
----------------------------------------------------------------------------------

             ._____________________________________________________ ___  _ _
            /_____/\/\/\/\/\____/\/\/\/\______/\/\/\/\/\________ ___ _ _
           /___/\/\__________/\/\____/\/\__/\/\_______________ ___  _   __ _
          /_____/\/\/\/\____/\/\____/\/\____/\/\/\/\_________  _ __
         /___________/\/\__/\/\____/\/\__________/\/\_______ ___ _  __ _   _
        /___/\/\/\/\/\______/\/\/\/\____/\/\/\/\/\_________ ___ __ _  _   _
       /_____________________________________________________ _  _      _
      /___/\/\/\__/\/\___________________________________ ___ _ __ __  _    _
     /___/\/\______/\/\______/\/\/\____/\/\______/\/\___ ___ _ ___ __ _  _
    /___/\/\/\____/\/\____/\/\__/\/\__/\/\__/\__/\/\___ __ _ _  _  _  _
   /___/\/\______/\/\____/\/\__/\/\__/\/\/\/\/\/\/\____ __ ___  _
  /___/\/\______/\/\/\____/\/\/\______/\/\__/\/\_____ ___     _
 |__________________________________________________ ___ _  _ _  ___  _

         Scalable Observation System for Scientific Workflows        

             Version: 1.25
      Target machine: quartz1154

         Compiled on: Aug  8 2019 at 12:39:16 by wood67@quartz1154
   Build environment: GNU/Linux 3.10.0-957.12.2.1chaos.ch6.x86_64 x86_64
         Commit head: a6eeed771836f72734e9e2c594577bf4790e3d9f

----------------------------------------------------------------------------------
==================================================================================


SOS is ready for use!


--------------------------------------------------------------------------------


>>>> Starting SOS daemon statistics monitoring...


>>>> Creating Apollo VIEW and INDEX in the SOS databases...


>>>> Launching experiment codes...


>>>> Controller is DISABLED for the START of this run...

>>>> Comparing cleverleaf-normal and cleverleaf-apollo...

========== EXPERIMENTS STARTING ==========


>>>> Launching controller and waiting 10 seconds for it to come online...
>>>> OK.  Launching applications.

	   8, cleaf_triple_pt_100.in, normal.32.auto                , 192.79
	   8, cleaf_triple_pt_100.in, normal.16.auto                , 188.76
	   8, cleaf_triple_pt_100.in, normal.8.auto                 , 188.10
	   8, cleaf_triple_pt_100.in, normal.4.auto                 , 188.32
	   8, cleaf_triple_pt_100.in, normal.2.auto                 , 188.96
	   8, cleaf_triple_pt_100.in, model.roundrobin              , 168.90

========== EXPERIMENTS COMPLETE ==========


>>>> Bringing down the controller and waiting for 5 seconds (you may see 'kill' output)...


srun: error: quartz1227: task 0: Killed
srun: Force Terminated job step 3358231.4
--------------------------------------------------------------------------------

    DONE!

$SOS_WORK = /p/lustre2/wood67/experiments/apollo/COMPARE.0008.cleverleaf.3358231

/p/lustre2/wood67/experiments/apollo/COMPARE.0008.cleverleaf.3358231/daemons
|-- monitor.0.csv
|-- monitor.1.csv
|-- sosd.00000.id
|-- sosd.00000.key
`-- sosd.00001.id

0 directories, 5 files
cleaf_triple_pt_100.0.log
cleaf_triple_pt_100.1.log
cleaf_triple_pt_100.2.log
cleaf_triple_pt_100.3.log
cleaf_triple_pt_100.4.log
cleaf_triple_pt_100.5.log
cleverleaf.0000.stdout
cleverleaf.0001.stdout
cleverleaf.0002.stdout
cleverleaf.0003.stdout
cleverleaf.0004.stdout
cleverleaf.0005.stdout
cleverleaf.0006.stdout
cleverleaf.0007.stdout
controller.out
models
sqlexec.0.out
sqlexec.1.out
sqlexec.out
--------------------------------------------------------------------------------

The SOS RUNTIME IS STILL UP so you can interactively query / run visualizations.

You are now in the $SOS_WORK directory with your RESULTS and SCRIPTS!
                                       ^^^^^^^^^^^^^^^^^^^^^^^^^^^^^^

        To RETURN to your code ..: $ cd $RETURN_PATH
        To SHUT DOWN SOS ........: $ ./sosd_stop.sh   (OR: $ killall srun)

NOTE: You need to shut down SOS before it will export the databases to files.



Constructing / emailing a results summary:

== end.emailresults.sh: Compiling results..
  adding: cleaf_triple_pt_100.0.log (deflated 82%)
  adding: cleaf_triple_pt_100.1.log (deflated 82%)
  adding: cleaf_triple_pt_100.2.log (deflated 82%)
  adding: cleaf_triple_pt_100.3.log (deflated 82%)
  adding: cleaf_triple_pt_100.4.log (deflated 82%)
  adding: cleaf_triple_pt_100.5.log (deflated 81%)
  adding: cleverleaf.0000.stdout (deflated 85%)
  adding: controller.out (deflated 88%)
  adding: ../daemons/monitor.0.csv (deflated 82%)
  adding: ../daemons/monitor.1.csv (deflated 82%)
  adding: models/latest_model.json (deflated 95%)
  adding: models/step.20.decisiontree.json (deflated 96%)
  adding: models/step.40.decisiontree.json (deflated 96%)
  adding: models/step.60.decisiontree.json (deflated 95%)
  adding: models/step.80.decisiontree.json (deflated 95%)

== end.emailresults.sh: Mailing results to cdw@cs.uoregon.edu...
Error sending message, child exited 70 (Internal error.).
Could not send the message.
== end.emailresults.sh: Done.


 >>>>
 >>>>
 >>>> Press ENTER or wait 120 seconds to shut down SOS.   (C-c to stay interactive)
 >>>>

 *OK* Shutting down interactive experiment environment...

Bringing down SOS:
Done.
Done.
Killing SOS monitors:
srun: error: quartz1227: task 0: Killed
OK!


srun: error: quartz1228: task 1: Killed
srun: Force Terminated job step 3358231.2
/p/lustre2/wood67/experiments/apollo/COMPARE.0008.cleverleaf.3358231/sosd.00000.db --> Exported 26.8% in 3.04 seconds.  (65536 of 244532 pages)
/p/lustre2/wood67/experiments/apollo/COMPARE.0008.cleverleaf.3358231/sosd.00001.db --> Exported 26.8% in 3.10 seconds.  (65536 of 244532 pages)
/p/lustre2/wood67/experiments/apollo/COMPARE.0008.cleverleaf.3358231/sosd.00000.db --> Exported 53.6% in 6.03 seconds.  (131072 of 244532 pages)
/p/lustre2/wood67/experiments/apollo/COMPARE.0008.cleverleaf.3358231/sosd.00001.db --> Exported 53.6% in 6.13 seconds.  (131072 of 244532 pages)
/p/lustre2/wood67/experiments/apollo/COMPARE.0008.cleverleaf.3358231/sosd.00000.db --> Exported 80.4% in 9.05 seconds.  (196608 of 244532 pages)
/p/lustre2/wood67/experiments/apollo/COMPARE.0008.cleverleaf.3358231/sosd.00001.db --> Exported 80.4% in 9.16 seconds.  (196608 of 244532 pages)
/p/lustre2/wood67/experiments/apollo/COMPARE.0008.cleverleaf.3358231/sosd.00000.db --> Exported 100.0% in 11.39 seconds.  (244532 of 244532 pages)
** SHUTDOWN **: sosd(0) is exiting cleanly!
/p/lustre2/wood67/experiments/apollo/COMPARE.0008.cleverleaf.3358231/sosd.00001.db --> Exported 100.0% in 11.53 seconds.  (244532 of 244532 pages)
** SHUTDOWN **: sosd(1) is exiting cleanly!
--- Done! End of job script. ---
