
  JOB TITLE.....: COMPARE.0016.cleverleaf
  WORKING PATH..: /p/lustre2/wood67/experiments/apollo/COMPARE.0016.cleverleaf.3343800

module swap intel/18.0.1 gcc/4.9.3
Lmod has detected the following error: Swap failed: "intel/18.0.1" is not
loaded.




Compiler path: '/usr/tce/packages/gcc/gcc-4.9.3/bin/gcc'
Compiler version:
gcc (GCC) 4.9.3
Copyright (C) 2015 Free Software Foundation, Inc.
This is free software; see the source for copying conditions.  There is NO
warranty; not even for MERCHANTABILITY or FITNESS FOR A PARTICULAR PURPOSE.



 .-- Processing ~/setenv.sh ...
 |
 |-- Initializing Spack environment...
 |-- Loading Spack packages...
 |    |-- python@2.7.16                      /zsgpqf3
 |    |    |-- py-scipy
 |    |    |-- py-scikit-learn
 |    |    |-- py-pandas
 |    |    |-- py-numpy
 |    |    |-- py-pycparser
 |    |    |-- py-cffi
 |    |    |-- py-pytz
 |    |    |-- py-dateutil
 |    |    |-- py-six
 |    |    \_
 |    \_
 |-- vim
 |-- cmake
 |-- libnl
 |-- libevpath
 |-- libffs
 |-- gtkorvo-atl
 |-- gtkorvo-dill
 |-- htop
 \_

cp: omitting directory '/g/g17/wood67/src/apollo/src/python/apollo/__pycache__'

Launching SOS daemons...

    SOS_WORK=/p/lustre2/wood67/experiments/apollo/COMPARE.0016.cleverleaf.3343800
    SOS_EVPATH_MEETUP=/p/lustre2/wood67/experiments/apollo/COMPARE.0016.cleverleaf.3343800/daemons

  --> sosd.aggregator(0) starting...
  --> sosd.listener(1) starting...
  --> sosd.listener(2) starting...
  --> sosd.listener(3) starting...
  --> sosd.listener(4) starting...
  --> sosd.listener(5) starting...
  --> sosd.listener(6) starting...
  --> sosd.listener(7) starting...
  --> sosd.listener(8) starting...
  --> sosd.listener(9) starting...
  --> sosd.listener(10) starting...
  --> sosd.listener(11) starting...
  --> sosd.listener(12) starting...
  --> sosd.listener(13) starting...
  --> sosd.listener(14) starting...
  --> sosd.listener(15) starting...

Pausing to ensure runtime is completely established...

==================================================================================
----------------------------------------------------------------------------------

_._____. .____  .____.._____. _  ..
__  ___/_  __ \_  ___/__  __/__  /________      __    .:|   Scalable
.____ \_  / / /.___ \__  /_ ._  /_  __ \_ | /| / /    .:|   Observation
____/ // /_/ /.___/ /_  __/ _  / / /_/ /_ |/ |/ /     .:|   System for Scientific
/____/ \____/ /____/ /_/    /_/  \____/____/|__/      .:|   Workflows

             Version: 1.25
      Target machine: quartz1154

         Compiled on: Aug  8 2019 at 12:39:16 by wood67@quartz1154
   Build environment: GNU/Linux 3.10.0-957.12.2.1chaos.ch6.x86_64 x86_64
         Commit head: a6eeed771836f72734e9e2c594577bf4790e3d9f

----------------------------------------------------------------------------------
==================================================================================


SOS is ready for use!


--------------------------------------------------------------------------------


>>>> Starting SOS daemon statistics monitoring...


>>>> Creating Apollo VIEW and INDEX in the SOS databases...


>>>> Launching experiment codes...


>>>> Controller is DISABLED for the START of this run...

>>>> Comparing cleverleaf-normal and cleverleaf-apollo...

========== EXPERIMENTS STARTING ==========


>>>> Launching controller and waiting 10 seconds for it to come online...
>>>> OK.

Running default Cleverleaf 64 ranks on 16 nodes...

	  64, cleaf_triple_pt_500.in, normal.32.auto                , 97.51
	  64, cleaf_triple_pt_500.in, normal.16.auto                , 88.43
	  64, cleaf_triple_pt_500.in, normal.8.auto                 , 86.30
	  64, cleaf_triple_pt_500.in, normal.4.auto                 , 86.75
	  64, cleaf_triple_pt_500.in, normal.2.auto                 , 87.07
	  64, cleaf_triple_pt_500.in, model.roundrobin              , sosd: /g/g17/wood67/src/sos_flow/src/sos_pipe.c:548: check_invariants: Assertion `((capacity(s) + p->elem_size) >= (p->min_cap) && (capacity(s) + p->elem_size) <= (p->max_cap))' failed.
srun: error: quartz186: task 0: Aborted (core dumped)
228.71
srun: error: quartz186: task 0: Aborted (core dumped)
srun: First task exited 30s ago
srun: step:3343800.54 tasks 1-15: running
srun: step:3343800.54 task 0: exited abnormally
srun: Terminating job step 3343800.54
srun: Job step aborted: Waiting up to 62 seconds for job step to finish.
srun: error: quartz2507: task 14: Killed
srun: error: quartz1094: task 7: Killed
srun: error: quartz1077: task 4: Killed
srun: error: quartz1399: task 10: Killed
srun: error: quartz1095: task 8: Killed
srun: error: quartz2508: task 15: Killed
srun: error: quartz2272: task 13: Killed
srun: error: quartz1078: task 5: Killed
srun: error: quartz1006: task 1: Killed
srun: error: quartz1120: task 9: Killed
srun: error: quartz1404: task 11: Killed
srun: error: quartz1008: task 3: Killed
srun: error: quartz1007: task 2: Killed
srun: error: quartz1079: task 6: Killed
srun: error: quartz2264: task 12: Killed

========== EXPERIMENTS COMPLETE ==========


>>>> Bringing down the controller and waiting for 5 seconds (you may see 'kill' output)...


srun: error: quartz186: task 0: Killed
srun: Force Terminated job step 3343800.18
ERROR: Unable to contact target (quartz1077:45234) after 8 attempts.
--------------------------------------------------------------------------------

    DONE!

$SOS_WORK = /p/lustre2/wood67/experiments/apollo/COMPARE.0016.cleverleaf.3343800

/p/lustre2/wood67/experiments/apollo/COMPARE.0016.cleverleaf.3343800/daemons
|-- monitor.0.csv
|-- monitor.1.csv
|-- monitor.10.csv
|-- monitor.11.csv
|-- monitor.12.csv
|-- monitor.13.csv
|-- monitor.14.csv
|-- monitor.15.csv
|-- monitor.2.csv
|-- monitor.3.csv
|-- monitor.4.csv
|-- monitor.5.csv
|-- monitor.6.csv
|-- monitor.7.csv
|-- monitor.8.csv
|-- monitor.9.csv
|-- sosd.00000.id
|-- sosd.00000.key
|-- sosd.00001.id
|-- sosd.00002.id
|-- sosd.00003.id
|-- sosd.00004.id
|-- sosd.00005.id
|-- sosd.00006.id
|-- sosd.00007.id
|-- sosd.00008.id
|-- sosd.00009.id
|-- sosd.00010.id
|-- sosd.00011.id
|-- sosd.00012.id
|-- sosd.00013.id
|-- sosd.00014.id
`-- sosd.00015.id

0 directories, 33 files
cleaf_triple_pt_500.0.log
cleaf_triple_pt_500.1.log
cleaf_triple_pt_500.2.log
cleaf_triple_pt_500.3.log
cleaf_triple_pt_500.4.log
cleaf_triple_pt_500.5.log
cleverleaf.0000.stdout
cleverleaf.0001.stdout
cleverleaf.0002.stdout
cleverleaf.0003.stdout
cleverleaf.0004.stdout
cleverleaf.0005.stdout
cleverleaf.0006.stdout
cleverleaf.0007.stdout
cleverleaf.0008.stdout
cleverleaf.0009.stdout
cleverleaf.0010.stdout
cleverleaf.0011.stdout
cleverleaf.0012.stdout
cleverleaf.0013.stdout
cleverleaf.0014.stdout
cleverleaf.0015.stdout
cleverleaf.0016.stdout
cleverleaf.0017.stdout
cleverleaf.0018.stdout
cleverleaf.0019.stdout
cleverleaf.0020.stdout
cleverleaf.0021.stdout
cleverleaf.0022.stdout
cleverleaf.0023.stdout
cleverleaf.0024.stdout
cleverleaf.0025.stdout
cleverleaf.0026.stdout
cleverleaf.0027.stdout
cleverleaf.0028.stdout
cleverleaf.0029.stdout
cleverleaf.0030.stdout
cleverleaf.0031.stdout
cleverleaf.0032.stdout
cleverleaf.0033.stdout
cleverleaf.0034.stdout
cleverleaf.0035.stdout
cleverleaf.0036.stdout
cleverleaf.0037.stdout
cleverleaf.0038.stdout
cleverleaf.0039.stdout
cleverleaf.0040.stdout
cleverleaf.0041.stdout
cleverleaf.0042.stdout
cleverleaf.0043.stdout
cleverleaf.0044.stdout
cleverleaf.0045.stdout
cleverleaf.0046.stdout
cleverleaf.0047.stdout
cleverleaf.0048.stdout
cleverleaf.0049.stdout
cleverleaf.0050.stdout
cleverleaf.0051.stdout
cleverleaf.0052.stdout
cleverleaf.0053.stdout
cleverleaf.0054.stdout
cleverleaf.0055.stdout
cleverleaf.0056.stdout
cleverleaf.0057.stdout
cleverleaf.0058.stdout
cleverleaf.0059.stdout
cleverleaf.0060.stdout
cleverleaf.0061.stdout
cleverleaf.0062.stdout
cleverleaf.0063.stdout
controller.out
models
sqlexec.0.out
sqlexec.1.out
sqlexec.10.out
sqlexec.11.out
sqlexec.12.out
sqlexec.13.out
sqlexec.14.out
sqlexec.15.out
sqlexec.2.out
sqlexec.3.out
sqlexec.4.out
sqlexec.5.out
sqlexec.6.out
sqlexec.7.out
sqlexec.8.out
sqlexec.9.out
sqlexec.out
--------------------------------------------------------------------------------

The SOS RUNTIME IS STILL UP so you can interactively query / run visualizations.

You are now in the $SOS_WORK directory with your RESULTS and SCRIPTS!
                                       ^^^^^^^^^^^^^^^^^^^^^^^^^^^^^^

        To RETURN to your code ..: $ cd $RETURN_PATH
        To SHUT DOWN SOS ........: $ ./sosd_stop.sh   (OR: $ killall srun)

NOTE: You need to shut down SOS before it will export the databases to files.



Constructing / emailing a results summary:
  adding: cleaf_triple_pt_500.0.log (deflated 79%)
  adding: cleverleaf.0000.stdout (deflated 84%)
  adding: controller.out (deflated 38%)
  adding: ../daemons/monitor.0.csv (deflated 81%)
	zip warning: name not matched: models/latest_model.json

zip error: Nothing to do! (results.3343800.summary.zip)
Error sending message, child exited 70 (Internal error.).
Could not send the message.

 >>>>
 >>>>
 >>>> Press ENTER or wait 120 seconds to shut down SOS.   (C-c to stay interactive)
 >>>>

 *OK* Shutting down interactive experiment environment...

Bringing down SOS:
*** Error in `/p/lustre2/wood67/experiments/apollo/COMPARE.0016.cleverleaf.3343800/./bin/sosd_stop': free(): invalid pointer: 0x0000000000e042a9 ***
Done.
Done.
Done.
Done.
Done.
Done.
Done.
Done.
Done.
Done.
Done.
Done.
Done.
Done.
Done.
======= Backtrace: =========
/lib64/libc.so.6(+0x81489)[0x2aaaad457489]
/g/g17/wood67/src/sos_flow/build/lib/libsos.so(SOS_init_existing_runtime+0x642)[0x2aaaad1a8ecd]
/g/g17/wood67/src/sos_flow/build/lib/libsos.so(SOS_init+0xcb)[0x2aaaad1a8883]
/p/lustre2/wood67/experiments/apollo/COMPARE.0016.cleverleaf.3343800/./bin/sosd_stop(SOSD_STOP_local_daemon+0x2b)[0x40206e]
/p/lustre2/wood67/experiments/apollo/COMPARE.0016.cleverleaf.3343800/./bin/sosd_stop(main+0xa1)[0x401727]
/lib64/libc.so.6(__libc_start_main+0xf5)[0x2aaaad3f83d5]
/p/lustre2/wood67/experiments/apollo/COMPARE.0016.cleverleaf.3343800/./bin/sosd_stop[0x4015b9]
======= Memory map: ========
00400000-00404000 r-xp 00000000 6a6:a2f42 162133192009058197             /p/lustre2/wood67/experiments/apollo/COMPARE.0016.cleverleaf.3343800/bin/sosd_stop
00603000-00604000 r--p 00003000 6a6:a2f42 162133192009058197             /p/lustre2/wood67/experiments/apollo/COMPARE.0016.cleverleaf.3343800/bin/sosd_stop
00604000-00605000 rw-p 00004000 6a6:a2f42 162133192009058197             /p/lustre2/wood67/experiments/apollo/COMPARE.0016.cleverleaf.3343800/bin/sosd_stop
00605000-00e24000 rw-p 00000000 00:00 0                                  [heap]
2aaaaaaab000-2aaaaaacd000 r-xp 00000000 fd:00 264046                     /usr/lib64/ld-2.17.so
2aaaaaacd000-2aaaaaacf000 r-xp 00000000 00:00 0                          [vdso]
2aaaaaacf000-2aaaaaad1000 rw-p 00000000 00:00 0 
2aaaaaad1000-2aaaaaad2000 r--s dabbad0003030000 00:05 120758             /dev/hfi1_0
2aaaaaad2000-2aaaaaad8000 -w-s dabbad0002030000 00:05 120758             /dev/hfi1_0
2aaaaaad8000-2aaaaaade000 -w-s dabbad0001030000 00:05 120758             /dev/hfi1_0
2aaaaaade000-2aaaaaadf000 r--s ffffc568fd31f000 00:05 120758             /dev/hfi1_0
2aaaaaadf000-2aaaaaae0000 rw-s dabbad0006030000 00:05 120758             /dev/hfi1_0
2aaaaaae0000-2aaaaaae1000 r--s ffffc568cd3c4000 00:05 120758             /dev/hfi1_0
2aaaaaae1000-2aaaaaae2000 r--s dabbad0008030000 00:05 120758             /dev/hfi1_0
2aaaaaae2000-2aaaaaae3000 rw-p 00000000 00:00 0 
2aaaaab11000-2aaaaab1f000 rw-p 00000000 00:00 0 
2aaaaab1f000-2aaaaab5f000 r--s dabbad0004030000 00:05 120758             /dev/hfi1_0
2aaaaaccc000-2aaaaaccd000 r--p 00021000 fd:00 264046                     /usr/lib64/ld-2.17.so
2aaaaaccd000-2aaaaacce000 rw-p 00022000 fd:00 264046                     /usr/lib64/ld-2.17.so
2aaaaacce000-2aaaaaccf000 rw-p 00000000 00:00 0 
2aaaaaccf000-2aaaaad80000 r-xp 00000000 fd:00 264349                     /usr/lib64/libsqlite3.so.0.8.6
2aaaaad80000-2aaaaaf7f000 ---p 000b1000 fd:00 264349                     /usr/lib64/libsqlite3.so.0.8.6
2aaaaaf7f000-2aaaaaf81000 r--p 000b0000 fd:00 264349                     /usr/lib64/libsqlite3.so.0.8.6
2aaaaaf81000-2aaaaaf84000 rw-p 000b2000 fd:00 264349                     /usr/lib64/libsqlite3.so.0.8.6
2aaaaaf84000-2aaaaafa3000 r-xp 00000000 00:36 1589116605                 /usr/tce/packages/mvapich2/mvapich2-2.3-gcc-4.9.3/lib/libmpicxx.so.12.1.1
2aaaaafa3000-2aaaab1a3000 ---p 0001f000 00:36 1589116605                 /usr/tce/packages/mvapich2/mvapich2-2.3-gcc-4.9.3/lib/libmpicxx.so.12.1.1
2aaaab1a3000-2aaaab1a5000 r--p 0001f000 00:36 1589116605                 /usr/tce/packages/mvapich2/mvapich2-2.3-gcc-4.9.3/lib/libmpicxx.so.12.1.1
2aaaab1a5000-2aaaab1a6000 rw-p 00021000 00:36 1589116605                 /usr/tce/packages/mvapich2/mvapich2-2.3-gcc-4.9.3/lib/libmpicxx.so.12.1.1
2aaaab1a6000-2aaaab55e000 r-xp 00000000 00:36 1594139526                 /usr/tce/packages/mvapich2/mvapich2-2.3-gcc-4.9.3/lib/libmpi.so.12.1.1
2aaaab55e000-2aaaab75e000 ---p 003b8000 00:36 1594139526                 /usr/tce/packages/mvapich2/mvapich2-2.3-gcc-4.9.3/lib/libmpi.so.12.1.1
2aaaab75e000-2aaaab76d000 r--p 003b8000 00:36 1594139526                 /usr/tce/packages/mvapich2/mvapich2-2.3-gcc-4.9.3/lib/libmpi.so.12.1.1
2aaaab76d000-2aaaab773000 rw-p 003c7000 00:36 1594139526                 /usr/tce/packages/mvapich2/mvapich2-2.3-gcc-4.9.3/lib/libmpi.so.12.1.1
2aaaab773000-2aaaab7a1000 rw-p 00000000 00:00 0 
2aaaab7a1000-2aaaab8e2000 r-xp 00000000 fd:00 302479                     /usr/lib64/libfabric.so.1.9.14
2aaaab8e2000-2aaaabae1000 ---p 00141000 fd:00 302479                     /usr/lib64/libfabric.so.1.9.14
2aaaabae1000-2aaaabae2000 r--p 00140000 fd:00 302479                     /usr/lib64/libfabric.so.1.9.14
2aaaabae2000-2aaaabaed000 rw-p 00141000 fd:00 302479                     /usr/lib64/libfabric.so.1.9.14
2aaaabaed000-2aaaabaf5000 rw-p 00000000 00:00 0 
2aaaabaf5000-2aaaabb49000 r-xp 00000000 fd:00 302361                     /usr/lib64/libpsm_infinipath.so.1.16
2aaaabb49000-2aaaabd48000 ---p 00054000 fd:00 302361                     /usr/lib64/libpsm_infinipath.so.1.16
2aaaabd48000-2aaaabd49000 r--p 00053000 fd:00 302361                     /usr/lib64/libpsm_infinipath.so.1.16
2aaaabd49000-2aaaabd4a000 rw-p 00054000 fd:00 302361                     /usr/lib64/libpsm_infinipath.so.1.16
2aaaabd4a000-2aaaabd4b000 rw-p 00000000 00:00 0 
2aaaabd4b000-2aaaabdaa000 r-xp 00000000 fd:00 284915                     /usr/lib64/libpsm2.so.2.1
2aaaabdaa000-2aaaabfaa000 ---p 0005f000 fd:00 284915                     /usr/lib64/libpsm2.so.2.1
2aaaabfaa000-2aaaabfab000 r--p 0005f000 fd:00 284915                     /usr/lib64/libpsm2.so.2.1
2aaaabfab000-2aaaabfac000 rw-p 00060000 fd:00 284915                     /usr/lib64/libpsm2.so.2.1
2aaaabfac000-2aaaabfae000 rw-p 00000000 00:00 0 
2aaaabfae000-2aaaabfb5000 r-xp 00000000 fd:00 264083                     /usr/lib64/librt-2.17.so
2aaaabfb5000-2aaaac1b4000 ---p 00007000 fd:00 264083                     /usr/lib64/librt-2.17.so
2aaaac1b4000-2aaaac1b5000 r--p 00006000 fd:00 264083                     /usr/lib64/librt-2.17.so
2aaaac1b5000-2aaaac1b6000 rw-p 00007000 fd:00 264083                     /usr/lib64/librt-2.17.so
2aaaac1b6000-2aaaac1cb000 r-xp 00000000 fd:00 300609                     /usr/lib64/librdmacm.so.1.1.17.2
2aaaac1cb000-2aaaac3ca000 ---p 00015000 fd:00 300609                     /usr/lib64/librdmacm.so.1.1.17.2
2aaaac3ca000-2aaaac3cb000 r--p 00014000 fd:00 300609                     /usr/lib64/librdmacm.so.1.1.17.2
2aaaac3cb000-2aaaac3cc000 rw-p 00015000 fd:00 300609                     /usr/lib64/librdmacm.so.1.1.17.2
2aaaac3cc000-2aaaac3cd000 rw-p 00000000 00:00 0 
2aaaac3cd000-2aaaac3e2000 r-xp 00000000 fd:00 300597                     /usr/lib64/libibverbs.so.1.1.17.2
2aaaac3e2000-2aaaac5e2000 ---p 00015000 fd:00 300597                     /usr/lib64/libibverbs.so.1.1.17.2
2aaaac5e2000-2aaaac5e3000 r--p 00015000 fd:00 300597                     /usr/lib64/libibverbs.so.1.1.17.2
2aaaac5e3000-2aaaac5e4000 rw-p 00016000 fd:00 300597                     /usr/lib64/libibverbs.so.1.1.17.2
2aaaac5e4000-2aaaac602000 r-xp 00000000 00:3e 1544116147                 /g/g17/wood67/src/spack/opt/spack/linux-rhel7-x86_64/gcc-4.9.3/libnl-3.3.0-2cscqv3lmbamifzj72jm44j2mvb5j5ll/lib/libnl-3.so.200.25.0
2aaaac602000-2aaaac802000 ---p 0001e000 00:3e 1544116147                 /g/g17/wood67/src/spack/opt/spack/linux-rhel7-x86_64/gcc-4.9.3/libnl-3.3.0-2cscqv3lmbamifzj72jm44j2mvb5j5ll/lib/libnl-3.so.200.25.0
2aaaac802000-2aaaac804000 r--p 0001e000 00:3e 1544116147                 /g/g17/wood67/src/spack/opt/spack/linux-rhel7-x86_64/gcc-4.9.3/libnl-3.3.0-2cscqv3lmbamifzj72jm44j2mvb5j5ll/lib/libnl-3.so.200.25.0
2aaaac804000-2aaaac805000 rw-p 00020000 00:3e 1544116147                 /g/g17/wood67/src/spack/opt/spack/linux-rhel7-x86_64/gcc-4.9.3/libnl-3.3.0-2cscqv3lmbamifzj72jm44j2mvb5j5ll/lib/libnl-3.so.200.25.0
2aaaac805000-2aaaac86f000 r-xp 00000000 00:3e 1544116151                 /g/g17/wood67/src/spack/opt/spack/linux-rhel7-x86_64/gcc-4.9.3/libnl-3.3.0-2cscqv3lmbamifzj72jm44j2mvb5j5ll/lib/libnl-route-3.so.200.25.0
2aaaac86f000-2aaaaca6e000 ---p 0006a000 00:3e 1544116151                 /g/g17/wood67/src/spack/opt/spack/linux-rhel7-x86_64/gcc-4.9.3/libnl-3.3.0-2cscqv3lmbamifzj72jm44j2mvb5j5ll/lib/libnl-route-3.so.200.25.0
2aaaaca6e000-2aaaaca71000 r--p 00069000 00:3e 1544116151                 /g/g17/wood67/src/spack/opt/spack/linux-rhel7-x86_64/gcc-4.9.3/libnl-3.3.0-2cscqv3lmbamifzj72jm44j2mvb5j5ll/lib/libnl-route-3.so.200.25.0
2aaaaca71000-2aaaaca76000 rw-p 0006c000 00:3e 1544116151                 /g/g17/wood67/src/spack/opt/spack/linux-rhel7-x86_64/gcc-4.9.3/libnl-3.3.0-2cscqv3lmbamifzj72jm44j2mvb5j5ll/lib/libnl-route-3.so.200.25.0
2aaaaca76000-2aaaaca78000 rw-p 00000000 00:00 0 
2aaaaca78000-2aaaaca8f000 r-xp 00000000 fd:00 264079                     /usr/lib64/libpthread-2.17.so
2aaaaca8f000-2aaaacc8e000 ---p 00017000 fd:00 264079                     /usr/lib64/libpthread-2.17.so
2aaaacc8e000-2aaaacc8f000 r--p 00016000 fd:00 264079                     /usr/lib64/libpthread-2.17.so
2aaaacc8f000-2aaaacc90000 rw-p 00017000 fd:00 264079                     /usr/lib64/libpthread-2.17.so
2aaaacc90000-2aaaacc94000 rw-p 00000000 00:00 0 
2aaaacc94000-2aaaacd95000 r-xp 00000000 fd:00 264061                     /usr/lib64/libm-2.17.so
2aaaacd95000-2aaaacf94000 ---p 00101000 fd:00 264061                     /usr/lib64/libm-2.17.so
2aaaacf94000-2aaaacf95000 r--p 00100000 fd:00 264061                     /usr/lib64/libm-2.17.so
2aaaacf95000-2aaaacf96000 rw-p 00101000 fd:00 264061                     /usr/lib64/libm-2.17.so
2aaaacf96000-2aaaacf98000 r-xp 00000000 fd:00 264059                     /usr/lib64/libdl-2.17.so
2aaaacf98000-2aaaad198000 ---p 00002000 fd:00 264059                     /usr/lib64/libdl-2.17.so
2aaaad198000-2aaaad199000 r--p 00002000 fd:00 264059                     /usr/lib64/libdl-2.17.so
2aaaad199000-2aaaad19a000 rw-p 00003000 fd:00 264059                     /usr/lib64/libdl-2.17.so
2aaaad19a000-2aaaad1d1000 r-xp 00000000 00:3e 1562950306                 /g/g17/wood67/src/sos_flow/build/lib/libsos.so
2aaaad1d1000-2aaaad3d0000 ---p 00037000 00:3e 1562950306                 /g/g17/wood67/src/sos_flow/build/lib/libsos.so
2aaaad3d0000-2aaaad3d1000 r--p 00036000 00:3e 1562950306                 /g/g17/wood67/src/sos_flow/build/lib/libsos.so
2aaaad3d1000-2aaaad3d6000 rw-p 00037000 00:3e 1562950306                 /g/g17/wood67/src/sos_flow/build/lib/libsos.so
2aaaad3d6000-2aaaad598000 r-xp 00000000 fd:00 264053                     /usr/lib64/libc-2.17.so
2aaaad598000-2aaaad798000 ---p 001c2000 fd:00 264053                     /usr/lib64/libc-2.17.so
2aaaad798000-2aaaad79c000 r--p 001c2000 fd:00 264053                     /usr/lib64/libc-2.17.so
2aaaad79c000-2aaaad79e000 rw-p 001c6000 fd:00 264053                     /usr/lib64/libc-2.17.so
2aaaad79e000-2aaaad7a3000 rw-p 00000000 00:00 0 
2aaaad7a3000-2aaaad7ad000 r-xp 00000000 fd:00 264591                     /usr/lib64/libnuma.so.1
2aaaad7ad000-2aaaad9ad000 ---p 0000a000 fd:00 264591                     /usr/lib64/libnuma.so.1
2aaaad9ad000-2aaaad9ae000 r--p 0000a000 fd:00 264591                     /usr/lib64/libnuma.so.1
2aaaad9ae000-2aaaad9af000 rw-p 0000b000 fd:00 264591                     /usr/lib64/libnuma.so.1
2aaaad9af000-2aaaad9b6000 r-xp 00000000 fd:00 337911                     /usr/lib64/libpmi2.so.0.0.0
2aaaad9b6000-2aaaadbb5000 ---p 00007000 fd:00 337911                     /usr/lib64/libpmi2.so.0.0.0
2aaaadbb5000-2aaaadbb6000 r--p 00006000 fd:00 337911                     /usr/lib64/libpmi2.so.0.0.0
2aaaadbb6000-2aaaadbb7000 rw-p 00007000 fd:00 337911                     /usr/lib64/libpmi2.so.0.0.0
2aaaadbb7000-2aaaadbc7000 rw-p 00000000 00:00 0 
2aaaadbc7000-2aaaadcb2000 r-xp 00000000 00:36 1578688707                 /usr/tce/packages/gcc/gcc-4.9.3/lib64/libstdc++.so.6.0.20
2aaaadcb2000-2aaaadeb2000 ---p 000eb000 00:36 1578688707                 /usr/tce/packages/gcc/gcc-4.9.3/lib64/libstdc++.so.6.0.20
2aaaadeb2000-2aaaadeba000 r--p 000eb000 00:36 1578688707                 /usr/tce/packages/gcc/gcc-4.9.3/lib64/libstdc++.so.6.0.20
2aaaadeba000-2aaaadebc000 rw-p 000f3000 00:36 1578688707                 /usr/tce/packages/gcc/gcc-4.9.3/lib64/libstdc++.so.6.0.20
2aaaadebc000-2aaaaded1000 rw-p 00000000 00:00 0 
2aaaaded1000-2aaaadee7000 r-xp 00000000 00:36 1577986007                 /usr/tce/packages/gcc/gcc-4.9.3/lib64/libgcc_s.so.1
2aaaadee7000-2aaaae0e6000 ---p 00016000 00:36 1577986007                 /usr/tce/packages/gcc/gcc-4.9.3/lib64/libgcc_s.so.1
2aaaae0e6000-2aaaae0e7000 r--p 00015000 00:36 1577986007                 /usr/tce/packages/gcc/gcc-4.9.3/lib64/libgcc_s.so.1
2aaaae0e7000-2aaaae0e8000 rw-p 00016000 00:36 1577986007                 /usr/tce/packages/gcc/gcc-4.9.3/lib64/libgcc_s.so.1
2aaaae0e8000-2aaaae204000 r-xp 00000000 00:36 1577791046                 /usr/tce/packages/gcc/gcc-4.9.3/lib64/libgfortran.so.3.0.0
2aaaae204000-2aaaae404000 ---p 0011c000 00:36 1577791046                 /usr/tce/packages/gcc/gcc-4.9.3/lib64/libgfortran.so.3.0.0
2aaaae404000-2aaaae405000 r--p 0011c000 00:36 1577791046                 /usr/tce/packages/gcc/gcc-4.9.3/lib64/libgfortran.so.3.0.0
2aaaae405000-2aaaae407000 rw-p 0011d000 00:36 1577791046                 /usr/tce/packages/gcc/gcc-4.9.3/lib64/libgfortran.so.3.0.0
2aaaae407000-2aaaae444000 r-xp 00000000 00:36 1577845180                 /usr/tce/packages/gcc/gcc-4.9.3/lib64/libquadmath.so.0.0.0
2aaaae444000-2aaaae643000 ---p 0003d000 00:36 1577845180                 /usr/tce/packages/gcc/gcc-4.9.3/lib64/libquadmath.so.0.0.0
2aaaae643000-2aaaae644000 r--p 0003c000 00:36 1577845180                 /usr/tce/packages/gcc/gcc-4.9.3/lib64/libquadmath.so.0.0.0
2aaaae644000-2aaaae645000 rw-p 0003d000 00:36 1577845180                 /usr/tce/packages/gcc/gcc-4.9.3/lib64/libquadmath.so.0.0.0
2aaaae645000-2aaaae653000 r-xp 00000000 fd:00 302359                     /usr/lib64/libinfinipath.so.4.0
2aaaae653000-2aaaae852000 ---p 0000e000 fd:00 302359                     /usr/lib64/libinfinipath.so.4.0
2aaaae852000-2aaaae853000 r--p 0000d000 fd:00 302359                     /usr/lib64/libinfinipath.so.4.0
2aaaae853000-2aaaae854000 rw-p 0000e000 fd:00 302359                     /usr/lib64/libinfinipath.so.4.0
2aaaae854000-2aaaae858000 r-xp 00000000 fd:00 264264                     /usr/lib64/libuuid.so.1.3.0
2aaaae858000-2aaaaea57000 ---p 00004000 fd:00 264264                     /usr/lib64/libuuid.so.1.3.0
2aaaaea57000-2aaaaea58000 r--p 00003000 fd:00 264264                     /usr/lib64/libuuid.so.1.3.0
2aaaaea58000-2aaaaea59000 rw-p 00004000 fd:00 264264                     /usr/lib64/libuuid.so.1.3.0
2aaaaea59000-2aaaaea5e000 r-xp 00000000 fd:00 403975                     /usr/lib64/libibverbs/libbnxt_re-rdmav17.so
2aaaaea5e000-2aaaaec5d000 ---p 00005000 fd:00 403975                     /usr/lib64/libibverbs/libbnxt_re-rdmav17.so
2aaaaec5d000-2aaaaec5e000 r--p 00004000 fd:00 403975                     /usr/lib64/libibverbs/libbnxt_re-rdmav17.so
2aaaaec5e000-2aaaaec5f000 rw-p 00005000 fd:00 403975                     /usr/lib64/libibverbs/libbnxt_re-rdmav17.so
2aaaaec5f000-2aaaaec67000 r-xp 00000000 fd:00 403987                     /usr/lib64/libibverbs/libqedr-rdmav17.so
2aaaaec67000-2aaaaee66000 ---p 00008000 fd:00 403987                     /usr/lib64/libibverbs/libqedr-rdmav17.so
2aaaaee66000-2aaaaee67000 r--p 00007000 fd:00 403987                     /usr/lib64/libibverbs/libqedr-rdmav17.so
2aaaaee67000-2aaaaee68000 rw-p 00008000 fd:00 403987                     /usr/lib64/libibverbs/libqedr-rdmav17.so
2aaaaee68000-2aaaaee6c000 r-xp 00000000 fd:00 403988                     /usr/lib64/libibverbs/librxe-rdmav17.so
2aaaaee6c000-2aaaaf06b000 ---p 00004000 fd:00 403988                     /usr/lib64/libibverbs/librxe-rdmav17.so
2aaaaf06b000-2aaaaf06c000 r--p 00003000 fd:00 403988                     /usr/lib64/libibverbs/librxe-rdmav17.so
2aaaaf06c000-2aaaaf06d000 rw-p 00004000 fd:00 403988                     /usr/lib64/libibverbs/librxe-rdmav17.so
2aaaaf06d000-2aaaaf072000 r-xp 00000000 fd:00 403976                     /usr/lib64/libibverbs/libcxgb3-rdmav17.so
2aaaaf072000-2aaaaf271000 ---p 00005000 fd:00 403976                     /usr/lib64/libibverbs/libcxgb3-rdmav17.so
2aaaaf271000-2aaaaf272000 r--p 00004000 fd:00 403976                     /usr/lib64/libibverbs/libcxgb3-rdmav17.so
2aaaaf272000-2aaaaf273000 rw-p 00005000 fd:00 403976                     /usr/lib64/libibverbs/libcxgb3-rdmav17.so
2aaaaf273000-2aaaaf278000 r-xp 00000000 fd:00 403985                     /usr/lib64/libibverbs/libnes-rdmav17.so
2aaaaf278000-2aaaaf478000 ---p 00005000 fd:00 403985                     /usr/lib64/libibverbs/libnes-rdmav17.so
2aaaaf478000-2aaaaf479000 r--p 00005000 fd:00 403985                     /usr/lib64/libibverbs/libnes-rdmav17.so
2aaaaf479000-2aaaaf47a000 rw-p 00006000 fd:00 403985                     /usr/lib64/libibverbs/libnes-rdmav17.so
2aaaaf47a000-2aaaaf481000 r-xp 00000000 fd:00 403977                     /usr/lib64/libibverbs/libcxgb4-rdmav17.so
2aaaaf481000-2aaaaf681000 ---p 00007000 fd:00 403977                     /usr/lib64/libibverbs/libcxgb4-rdmav17.so
2aaaaf681000-2aaaaf682000 r--p 00007000 fd:00 403977                     /usr/lib64/libibverbs/libcxgb4-rdmav17.so
2aaaaf682000-2aaaaf683000 rw-p 00008000 fd:00 403977                     /usr/lib64/libibverbs/libcxgb4-rdmav17.so
2aaaaf683000-2aaaaf68e000 r-xp 00000000 fd:00 300599                     /usr/lib64/libmlx4.so.1.0.17.2
2aaaaf68e000-2aaaaf88d000 ---p 0000b000 fd:00 300599                     /usr/lib64/libmlx4.so.1.0.17.2
2aaaaf88d000-2aaaaf88e000 r--p 0000a000 fd:00 300599                     /usr/lib64/libmlx4.so.1.0.17.2
2aaaaf88e000-2aaaaf88f000 rw-p 0000b000 fd:00 300599                     /usr/lib64/libmlx4.so.1.0.17.2
2aaaaf88f000-2aaaaf893000 r-xp 00000000 fd:00 403981                     /usr/lib64/libibverbs/libipathverbs-rdmav17.so
2aaaaf893000-2aaaafa92000 ---p 00004000 fd:00 403981                     /usr/lib64/libibverbs/libipathverbs-rdmav17.so
2aaaafa92000-2aaaafa93000 r--p 00003000 fd:00 403981                     /usr/lib64/libibverbs/libipathverbs-rdmav17.so
2aaaafa93000-2aaaafa94000 rw-p 00004000 fd:00 403981                     /usr/lib64/libibverbs/libipathverbs-rdmav17.so
2aaaafa94000-2aaaafa9b000 r-xp 00000000 fd:00 403980                     /usr/lib64/libibverbs/libi40iw-rdmav17.so
2aaaafa9b000-2aaaafc9a000 ---p 00007000 fd:00 403980                     /usr/lib64/libibverbs/libi40iw-rdmav17.so
2aaaafc9a000-2aaaafc9b000 r--p 00006000 fd:00 403980                     /usr/lib64/libibverbs/libi40iw-rdmav17.so
2aaaafc9b000-2aaaafc9c000 rw-p 00007000 fd:00 403980                     /usr/lib64/libibverbs/libi40iw-rdmav17.so
2aaaafc9c000-2aaaafca4000 r-xp 00000000 fd:00 403984                     /usr/lib64/libibverbs/libmthca-rdmav17.so
2aaaafca4000-2aaaafea3000 ---p 00008000 fd:00 403984                     /usr/lib64/libibverbs/libmthca-rdmav17.so
2aaaafea3000-2aaaafea4000 r--p 00007000 fd:00 403984                     /usr/lib64/libibverbs/libmthca-rdmav17.so
2aaaafea4000-2aaaafea5000 rw-p 00008000 fd:00 403984                     /usr/lib64/libibverbs/libmthca-rdmav17.so
2aaaafea5000-2aaaafea9000 r-xp 00000000 fd:00 403989                     /usr/lib64/libibverbs/libvmw_pvrdma-rdmav17.so
2aaaafea9000-2aaab00a9000 ---p 00004000 fd:00 403989                     /usr/lib64/libibverbs/libvmw_pvrdma-rdmav17.so
2aaab00a9000-2aaab00aa000 r--p 00004000 fd:00 403989                     /usr/lib64/libibverbs/libvmw_pvrdma-rdmav17.so
2aaab00aa000-2aaab00ab000 rw-p 00005000 fd:00 403989                     /usr/lib64/libibverbs/libvmw_pvrdma-rdmav17.so
2aaab00ab000-2aaab00af000 r-xp 00000000 fd:00 403978                     /usr/lib64/libibverbs/libhfi1verbs-rdmav17.so
2aaab00af000-2aaab02ae000 ---p 00004000 fd:00 403978                     /usr/lib64/libibverbs/libhfi1verbs-rdmav17.so
2aaab02ae000-2aaab02af000 r--p 00003000 fd:00 403978                     /usr/lib64/libibverbs/libhfi1verbs-rdmav17.so
2aaab02af000-2aaab02b0000 rw-p 00004000 fd:00 403978                     /usr/lib64/libibverbs/libhfi1verbs-rdmav17.so
2aaab02b0000-2aaab02d1000 r-xp 00000000 fd:00 300601                     /usr/lib64/libmlx5.so.1.4.17.2
2aaab02d1000-2aaab04d1000 ---p 00021000 fd:00 300601                     /usr/lib64/libmlx5.so.1.4.17.2
2aaab04d1000-2aaab04d2000 r--p 00021000 fd:00 300601                     /usr/lib64/libmlx5.so.1.4.17.2
2aaab04d2000-2aaab04d3000 rw-p 00022000 fd:00 300601                     /usr/lib64/libmlx5.so.1.4.17.2
2aaab04d3000-2aaab04da000 r-xp 00000000 fd:00 403979                     /usr/lib64/libibverbs/libhns-rdmav17.so
2aaab04da000-2aaab06d9000 ---p 00007000 fd:00 403979                     /usr/lib64/libibverbs/libhns-rdmav17.so
2aaab06d9000-2aaab06da000 r--p 00006000 fd:00 403979                     /usr/lib64/libibverbs/libhns-rdmav17.so
2aaab06da000-2aaab06db000 rw-p 00007000 fd:00 403979                     /usr/lib64/libibverbs/libhns-rdmav17.so
2aaab06db000-2aaab06e1000 r-xp 00000000 fd:00 403986                     /usr/lib64/libibverbs/libocrdma-rdmav17.so
2aaab06e1000-2aaab08e0000 ---p 00006000 fd:00 403986                     /usr/lib64/libibverbs/libocrdma-rdmav17.so
2aaab08e0000-2aaab08e1000 r--p 00005000 fd:00 403986                     /usr/lib64/libibverbs/libocrdma-rdmav17.so
2aaab08e1000-2aaab08e2000 rw-p 00006000 fd:00 403986                     /usr/lib64/libibverbs/libocrdma-rdmav17.so
2aaab08e2000-2aaab0ae4000 rw-s 00000000 00:13 61525212                   /dev/shm/ib_shmem_coll-3343800.56-quartz186-59088.tmp (deleted)
2aaab0ae4000-2aaab12e4000 r--s dabbad0005030000 00:05 120758             /dev/hfi1_0
2aaab12e4000-2aaab22ea000 rw-p 00000000 00:00 0 
2aaab22ea000-2aaab22eb000 ---p 00000000 00:00 0 
2aaab22eb000-2aaab2c8e000 rw-p 00000000 00:00 0 
2aaab4000000-2aaab4021000 rw-p 00000000 00:00 0 
2aaab4021000-2aaab8000000 ---p 00000000 00:00 0 
7ffffffd2000-7ffffffff000 rw-p 00000000 00:00 0                          [stack]
ffffffffff600000-ffffffffff601000 r-xp 00000000 00:00 0                  [vsyscall]
[quartz186:mpi_rank_0][error_sighandler] Caught error: Aborted (signal 6)
srun: error: quartz186: task 0: Aborted (core dumped)
Killing SOS monitors:
srun: error: quartz186: task 0: Killed
srun: error: quartz1095: task 8: Killed
srun: error: quartz1079: task 6: Killed
srun: error: quartz1120: task 9: Killed
srun: error: quartz1404: task 11: Killed
srun: error: quartz2508: task 15: Killed
srun: error: quartz1007: task 2: Killed
srun: error: quartz2507: task 14: Killed
srun: error: quartz1094: task 7: Killed
srun: error: quartz1078: task 5: Killed
srun: error: quartz1008: task 3: Killed
OK!


srun: error: quartz2272: task 13: Killed
srun: error: quartz1006: task 1: Killed
srun: error: quartz1077: task 4: Killed
srun: error: quartz2264: task 12: Killed
srun: error: quartz1399: task 10: Killed
srun: Force Terminated job step 3343800.16
/p/lustre2/wood67/experiments/apollo/COMPARE.0016.cleverleaf.3343800/sosd.00004.db --> Exported 8.0% in 2.88 seconds.  (65536 of 818019 pages)
/p/lustre2/wood67/experiments/apollo/COMPARE.0016.cleverleaf.3343800/sosd.00005.db --> Exported 8.6% in 2.92 seconds.  (65536 of 762593 pages)
/p/lustre2/wood67/experiments/apollo/COMPARE.0016.cleverleaf.3343800/sosd.00013.db --> Exported 15.0% in 2.92 seconds.  (65536 of 438289 pages)
/p/lustre2/wood67/experiments/apollo/COMPARE.0016.cleverleaf.3343800/sosd.00015.db --> Exported 12.7% in 2.94 seconds.  (65536 of 518068 pages)
/p/lustre2/wood67/experiments/apollo/COMPARE.0016.cleverleaf.3343800/sosd.00003.db --> Exported 11.4% in 2.96 seconds.  (65536 of 572830 pages)
/p/lustre2/wood67/experiments/apollo/COMPARE.0016.cleverleaf.3343800/sosd.00001.db --> Exported 10.4% in 2.98 seconds.  (65536 of 628628 pages)
/p/lustre2/wood67/experiments/apollo/COMPARE.0016.cleverleaf.3343800/sosd.00014.db --> Exported 11.1% in 2.98 seconds.  (65536 of 590211 pages)
/p/lustre2/wood67/experiments/apollo/COMPARE.0016.cleverleaf.3343800/sosd.00012.db --> Exported 12.7% in 3.02 seconds.  (65536 of 515068 pages)
/p/lustre2/wood67/experiments/apollo/COMPARE.0016.cleverleaf.3343800/sosd.00008.db --> Exported 10.7% in 3.03 seconds.  (65536 of 610321 pages)
/p/lustre2/wood67/experiments/apollo/COMPARE.0016.cleverleaf.3343800/sosd.00011.db --> Exported 8.8% in 2.99 seconds.  (65536 of 745989 pages)
/p/lustre2/wood67/experiments/apollo/COMPARE.0016.cleverleaf.3343800/sosd.00007.db --> Exported 9.6% in 3.04 seconds.  (65536 of 685848 pages)
/p/lustre2/wood67/experiments/apollo/COMPARE.0016.cleverleaf.3343800/sosd.00002.db --> Exported 11.5% in 3.04 seconds.  (65536 of 570163 pages)
/p/lustre2/wood67/experiments/apollo/COMPARE.0016.cleverleaf.3343800/sosd.00010.db --> Exported 9.4% in 3.05 seconds.  (65536 of 700295 pages)
/p/lustre2/wood67/experiments/apollo/COMPARE.0016.cleverleaf.3343800/sosd.00006.db --> Exported 10.9% in 3.06 seconds.  (65536 of 600589 pages)
/p/lustre2/wood67/experiments/apollo/COMPARE.0016.cleverleaf.3343800/sosd.00009.db --> Exported 8.2% in 3.06 seconds.  (65536 of 797794 pages)
/p/lustre2/wood67/experiments/apollo/COMPARE.0016.cleverleaf.3343800/sosd.00004.db --> Exported 16.0% in 5.81 seconds.  (131072 of 818019 pages)
/p/lustre2/wood67/experiments/apollo/COMPARE.0016.cleverleaf.3343800/sosd.00005.db --> Exported 17.2% in 5.86 seconds.  (131072 of 762593 pages)
/p/lustre2/wood67/experiments/apollo/COMPARE.0016.cleverleaf.3343800/sosd.00015.db --> Exported 25.3% in 5.86 seconds.  (131072 of 518068 pages)
/p/lustre2/wood67/experiments/apollo/COMPARE.0016.cleverleaf.3343800/sosd.00013.db --> Exported 29.9% in 5.86 seconds.  (131072 of 438289 pages)
/p/lustre2/wood67/experiments/apollo/COMPARE.0016.cleverleaf.3343800/sosd.00003.db --> Exported 22.9% in 5.91 seconds.  (131072 of 572830 pages)
/p/lustre2/wood67/experiments/apollo/COMPARE.0016.cleverleaf.3343800/sosd.00001.db --> Exported 20.9% in 6.02 seconds.  (131072 of 628628 pages)
/p/lustre2/wood67/experiments/apollo/COMPARE.0016.cleverleaf.3343800/sosd.00014.db --> Exported 22.2% in 6.05 seconds.  (131072 of 590211 pages)
/p/lustre2/wood67/experiments/apollo/COMPARE.0016.cleverleaf.3343800/sosd.00011.db --> Exported 17.6% in 6.04 seconds.  (131072 of 745989 pages)
/p/lustre2/wood67/experiments/apollo/COMPARE.0016.cleverleaf.3343800/sosd.00012.db --> Exported 25.4% in 6.10 seconds.  (131072 of 515068 pages)
/p/lustre2/wood67/experiments/apollo/COMPARE.0016.cleverleaf.3343800/sosd.00010.db --> Exported 18.7% in 6.11 seconds.  (131072 of 700295 pages)
/p/lustre2/wood67/experiments/apollo/COMPARE.0016.cleverleaf.3343800/sosd.00009.db --> Exported 16.4% in 6.13 seconds.  (131072 of 797794 pages)
/p/lustre2/wood67/experiments/apollo/COMPARE.0016.cleverleaf.3343800/sosd.00007.db --> Exported 19.1% in 6.15 seconds.  (131072 of 685848 pages)
/p/lustre2/wood67/experiments/apollo/COMPARE.0016.cleverleaf.3343800/sosd.00008.db --> Exported 21.5% in 6.20 seconds.  (131072 of 610321 pages)
/p/lustre2/wood67/experiments/apollo/COMPARE.0016.cleverleaf.3343800/sosd.00002.db --> Exported 23.0% in 6.19 seconds.  (131072 of 570163 pages)
/p/lustre2/wood67/experiments/apollo/COMPARE.0016.cleverleaf.3343800/sosd.00006.db --> Exported 21.8% in 6.21 seconds.  (131072 of 600589 pages)
/p/lustre2/wood67/experiments/apollo/COMPARE.0016.cleverleaf.3343800/sosd.00013.db --> Exported 44.9% in 8.78 seconds.  (196608 of 438289 pages)
/p/lustre2/wood67/experiments/apollo/COMPARE.0016.cleverleaf.3343800/sosd.00015.db --> Exported 38.0% in 8.80 seconds.  (196608 of 518068 pages)
/p/lustre2/wood67/experiments/apollo/COMPARE.0016.cleverleaf.3343800/sosd.00005.db --> Exported 25.8% in 8.82 seconds.  (196608 of 762593 pages)
/p/lustre2/wood67/experiments/apollo/COMPARE.0016.cleverleaf.3343800/sosd.00004.db --> Exported 24.0% in 8.83 seconds.  (196608 of 818019 pages)
/p/lustre2/wood67/experiments/apollo/COMPARE.0016.cleverleaf.3343800/sosd.00003.db --> Exported 34.3% in 8.87 seconds.  (196608 of 572830 pages)
/p/lustre2/wood67/experiments/apollo/COMPARE.0016.cleverleaf.3343800/sosd.00001.db --> Exported 31.3% in 9.06 seconds.  (196608 of 628628 pages)
/p/lustre2/wood67/experiments/apollo/COMPARE.0016.cleverleaf.3343800/sosd.00014.db --> Exported 33.3% in 9.09 seconds.  (196608 of 590211 pages)
/p/lustre2/wood67/experiments/apollo/COMPARE.0016.cleverleaf.3343800/sosd.00011.db --> Exported 26.4% in 9.10 seconds.  (196608 of 745989 pages)
/p/lustre2/wood67/experiments/apollo/COMPARE.0016.cleverleaf.3343800/sosd.00010.db --> Exported 28.1% in 9.16 seconds.  (196608 of 700295 pages)
/p/lustre2/wood67/experiments/apollo/COMPARE.0016.cleverleaf.3343800/sosd.00009.db --> Exported 24.6% in 9.20 seconds.  (196608 of 797794 pages)
/p/lustre2/wood67/experiments/apollo/COMPARE.0016.cleverleaf.3343800/sosd.00012.db --> Exported 38.2% in 9.21 seconds.  (196608 of 515068 pages)
/p/lustre2/wood67/experiments/apollo/COMPARE.0016.cleverleaf.3343800/sosd.00007.db --> Exported 28.7% in 9.25 seconds.  (196608 of 685848 pages)
/p/lustre2/wood67/experiments/apollo/COMPARE.0016.cleverleaf.3343800/sosd.00002.db --> Exported 34.5% in 9.34 seconds.  (196608 of 570163 pages)
/p/lustre2/wood67/experiments/apollo/COMPARE.0016.cleverleaf.3343800/sosd.00006.db --> Exported 32.7% in 9.37 seconds.  (196608 of 600589 pages)
/p/lustre2/wood67/experiments/apollo/COMPARE.0016.cleverleaf.3343800/sosd.00008.db --> Exported 32.2% in 9.38 seconds.  (196608 of 610321 pages)
/p/lustre2/wood67/experiments/apollo/COMPARE.0016.cleverleaf.3343800/sosd.00013.db --> Exported 59.8% in 11.70 seconds.  (262144 of 438289 pages)
/p/lustre2/wood67/experiments/apollo/COMPARE.0016.cleverleaf.3343800/sosd.00015.db --> Exported 50.6% in 11.73 seconds.  (262144 of 518068 pages)
/p/lustre2/wood67/experiments/apollo/COMPARE.0016.cleverleaf.3343800/sosd.00005.db --> Exported 34.4% in 11.75 seconds.  (262144 of 762593 pages)
/p/lustre2/wood67/experiments/apollo/COMPARE.0016.cleverleaf.3343800/sosd.00004.db --> Exported 32.0% in 11.82 seconds.  (262144 of 818019 pages)
/p/lustre2/wood67/experiments/apollo/COMPARE.0016.cleverleaf.3343800/sosd.00003.db --> Exported 45.8% in 11.83 seconds.  (262144 of 572830 pages)
/p/lustre2/wood67/experiments/apollo/COMPARE.0016.cleverleaf.3343800/sosd.00001.db --> Exported 41.7% in 12.08 seconds.  (262144 of 628628 pages)
/p/lustre2/wood67/experiments/apollo/COMPARE.0016.cleverleaf.3343800/sosd.00014.db --> Exported 44.4% in 12.13 seconds.  (262144 of 590211 pages)
/p/lustre2/wood67/experiments/apollo/COMPARE.0016.cleverleaf.3343800/sosd.00011.db --> Exported 35.1% in 12.19 seconds.  (262144 of 745989 pages)
/p/lustre2/wood67/experiments/apollo/COMPARE.0016.cleverleaf.3343800/sosd.00012.db --> Exported 50.9% in 12.24 seconds.  (262144 of 515068 pages)
/p/lustre2/wood67/experiments/apollo/COMPARE.0016.cleverleaf.3343800/sosd.00010.db --> Exported 37.4% in 12.24 seconds.  (262144 of 700295 pages)
/p/lustre2/wood67/experiments/apollo/COMPARE.0016.cleverleaf.3343800/sosd.00009.db --> Exported 32.9% in 12.31 seconds.  (262144 of 797794 pages)
/p/lustre2/wood67/experiments/apollo/COMPARE.0016.cleverleaf.3343800/sosd.00007.db --> Exported 38.2% in 12.34 seconds.  (262144 of 685848 pages)
/p/lustre2/wood67/experiments/apollo/COMPARE.0016.cleverleaf.3343800/sosd.00002.db --> Exported 46.0% in 12.44 seconds.  (262144 of 570163 pages)
/p/lustre2/wood67/experiments/apollo/COMPARE.0016.cleverleaf.3343800/sosd.00008.db --> Exported 43.0% in 12.54 seconds.  (262144 of 610321 pages)
/p/lustre2/wood67/experiments/apollo/COMPARE.0016.cleverleaf.3343800/sosd.00006.db --> Exported 43.6% in 12.57 seconds.  (262144 of 600589 pages)
/p/lustre2/wood67/experiments/apollo/COMPARE.0016.cleverleaf.3343800/sosd.00005.db --> Exported 43.0% in 14.67 seconds.  (327680 of 762593 pages)
/p/lustre2/wood67/experiments/apollo/COMPARE.0016.cleverleaf.3343800/sosd.00015.db --> Exported 63.3% in 14.72 seconds.  (327680 of 518068 pages)
/p/lustre2/wood67/experiments/apollo/COMPARE.0016.cleverleaf.3343800/sosd.00013.db --> Exported 74.8% in 14.73 seconds.  (327680 of 438289 pages)
/p/lustre2/wood67/experiments/apollo/COMPARE.0016.cleverleaf.3343800/sosd.00003.db --> Exported 57.2% in 14.76 seconds.  (327680 of 572830 pages)
/p/lustre2/wood67/experiments/apollo/COMPARE.0016.cleverleaf.3343800/sosd.00004.db --> Exported 40.1% in 14.79 seconds.  (327680 of 818019 pages)
/p/lustre2/wood67/experiments/apollo/COMPARE.0016.cleverleaf.3343800/sosd.00001.db --> Exported 52.1% in 15.08 seconds.  (327680 of 628628 pages)
/p/lustre2/wood67/experiments/apollo/COMPARE.0016.cleverleaf.3343800/sosd.00014.db --> Exported 55.5% in 15.16 seconds.  (327680 of 590211 pages)
/p/lustre2/wood67/experiments/apollo/COMPARE.0016.cleverleaf.3343800/sosd.00012.db --> Exported 63.6% in 15.28 seconds.  (327680 of 515068 pages)
/p/lustre2/wood67/experiments/apollo/COMPARE.0016.cleverleaf.3343800/sosd.00011.db --> Exported 43.9% in 15.25 seconds.  (327680 of 745989 pages)
/p/lustre2/wood67/experiments/apollo/COMPARE.0016.cleverleaf.3343800/sosd.00010.db --> Exported 46.8% in 15.46 seconds.  (327680 of 700295 pages)
/p/lustre2/wood67/experiments/apollo/COMPARE.0016.cleverleaf.3343800/sosd.00009.db --> Exported 41.1% in 15.49 seconds.  (327680 of 797794 pages)
/p/lustre2/wood67/experiments/apollo/COMPARE.0016.cleverleaf.3343800/sosd.00007.db --> Exported 47.8% in 15.50 seconds.  (327680 of 685848 pages)
/p/lustre2/wood67/experiments/apollo/COMPARE.0016.cleverleaf.3343800/sosd.00002.db --> Exported 57.5% in 15.59 seconds.  (327680 of 570163 pages)
/p/lustre2/wood67/experiments/apollo/COMPARE.0016.cleverleaf.3343800/sosd.00008.db --> Exported 53.7% in 15.69 seconds.  (327680 of 610321 pages)
/p/lustre2/wood67/experiments/apollo/COMPARE.0016.cleverleaf.3343800/sosd.00006.db --> Exported 54.6% in 15.74 seconds.  (327680 of 600589 pages)
/p/lustre2/wood67/experiments/apollo/COMPARE.0016.cleverleaf.3343800/sosd.00005.db --> Exported 51.6% in 17.58 seconds.  (393216 of 762593 pages)
/p/lustre2/wood67/experiments/apollo/COMPARE.0016.cleverleaf.3343800/sosd.00013.db --> Exported 89.7% in 17.63 seconds.  (393216 of 438289 pages)
/p/lustre2/wood67/experiments/apollo/COMPARE.0016.cleverleaf.3343800/sosd.00015.db --> Exported 75.9% in 17.66 seconds.  (393216 of 518068 pages)
/p/lustre2/wood67/experiments/apollo/COMPARE.0016.cleverleaf.3343800/sosd.00003.db --> Exported 68.6% in 17.70 seconds.  (393216 of 572830 pages)
/p/lustre2/wood67/experiments/apollo/COMPARE.0016.cleverleaf.3343800/sosd.00004.db --> Exported 48.1% in 17.73 seconds.  (393216 of 818019 pages)
/p/lustre2/wood67/experiments/apollo/COMPARE.0016.cleverleaf.3343800/sosd.00001.db --> Exported 62.6% in 18.09 seconds.  (393216 of 628628 pages)
/p/lustre2/wood67/experiments/apollo/COMPARE.0016.cleverleaf.3343800/sosd.00014.db --> Exported 66.6% in 18.23 seconds.  (393216 of 590211 pages)
/p/lustre2/wood67/experiments/apollo/COMPARE.0016.cleverleaf.3343800/sosd.00011.db --> Exported 52.7% in 18.31 seconds.  (393216 of 745989 pages)
/p/lustre2/wood67/experiments/apollo/COMPARE.0016.cleverleaf.3343800/sosd.00012.db --> Exported 76.3% in 18.48 seconds.  (393216 of 515068 pages)
/p/lustre2/wood67/experiments/apollo/COMPARE.0016.cleverleaf.3343800/sosd.00010.db --> Exported 56.2% in 18.59 seconds.  (393216 of 700295 pages)
/p/lustre2/wood67/experiments/apollo/COMPARE.0016.cleverleaf.3343800/sosd.00007.db --> Exported 57.3% in 18.61 seconds.  (393216 of 685848 pages)
/p/lustre2/wood67/experiments/apollo/COMPARE.0016.cleverleaf.3343800/sosd.00009.db --> Exported 49.3% in 18.62 seconds.  (393216 of 797794 pages)
/p/lustre2/wood67/experiments/apollo/COMPARE.0016.cleverleaf.3343800/sosd.00002.db --> Exported 69.0% in 18.73 seconds.  (393216 of 570163 pages)
/p/lustre2/wood67/experiments/apollo/COMPARE.0016.cleverleaf.3343800/sosd.00008.db --> Exported 64.4% in 18.91 seconds.  (393216 of 610321 pages)
/p/lustre2/wood67/experiments/apollo/COMPARE.0016.cleverleaf.3343800/sosd.00006.db --> Exported 65.5% in 18.91 seconds.  (393216 of 600589 pages)
/p/lustre2/wood67/experiments/apollo/COMPARE.0016.cleverleaf.3343800/sosd.00013.db --> Exported 100.0% in 19.82 seconds.  (438289 of 438289 pages)
** SHUTDOWN **: sosd(13) is exiting cleanly!
/p/lustre2/wood67/experiments/apollo/COMPARE.0016.cleverleaf.3343800/sosd.00005.db --> Exported 60.2% in 20.50 seconds.  (458752 of 762593 pages)
/p/lustre2/wood67/experiments/apollo/COMPARE.0016.cleverleaf.3343800/sosd.00015.db --> Exported 88.6% in 20.59 seconds.  (458752 of 518068 pages)
/p/lustre2/wood67/experiments/apollo/COMPARE.0016.cleverleaf.3343800/sosd.00003.db --> Exported 80.1% in 20.62 seconds.  (458752 of 572830 pages)
/p/lustre2/wood67/experiments/apollo/COMPARE.0016.cleverleaf.3343800/sosd.00004.db --> Exported 56.1% in 20.72 seconds.  (458752 of 818019 pages)
/p/lustre2/wood67/experiments/apollo/COMPARE.0016.cleverleaf.3343800/sosd.00001.db --> Exported 73.0% in 21.14 seconds.  (458752 of 628628 pages)
/p/lustre2/wood67/experiments/apollo/COMPARE.0016.cleverleaf.3343800/sosd.00014.db --> Exported 77.7% in 21.28 seconds.  (458752 of 590211 pages)
/p/lustre2/wood67/experiments/apollo/COMPARE.0016.cleverleaf.3343800/sosd.00011.db --> Exported 61.5% in 21.37 seconds.  (458752 of 745989 pages)
/p/lustre2/wood67/experiments/apollo/COMPARE.0016.cleverleaf.3343800/sosd.00010.db --> Exported 65.5% in 21.66 seconds.  (458752 of 700295 pages)
/p/lustre2/wood67/experiments/apollo/COMPARE.0016.cleverleaf.3343800/sosd.00007.db --> Exported 66.9% in 21.75 seconds.  (458752 of 685848 pages)
/p/lustre2/wood67/experiments/apollo/COMPARE.0016.cleverleaf.3343800/sosd.00009.db --> Exported 57.5% in 21.77 seconds.  (458752 of 797794 pages)
/p/lustre2/wood67/experiments/apollo/COMPARE.0016.cleverleaf.3343800/sosd.00012.db --> Exported 89.1% in 21.80 seconds.  (458752 of 515068 pages)
/p/lustre2/wood67/experiments/apollo/COMPARE.0016.cleverleaf.3343800/sosd.00002.db --> Exported 80.5% in 21.85 seconds.  (458752 of 570163 pages)
/p/lustre2/wood67/experiments/apollo/COMPARE.0016.cleverleaf.3343800/sosd.00008.db --> Exported 75.2% in 22.08 seconds.  (458752 of 610321 pages)
/p/lustre2/wood67/experiments/apollo/COMPARE.0016.cleverleaf.3343800/sosd.00006.db --> Exported 76.4% in 22.13 seconds.  (458752 of 600589 pages)
/p/lustre2/wood67/experiments/apollo/COMPARE.0016.cleverleaf.3343800/sosd.00015.db --> Exported 100.0% in 23.47 seconds.  (518068 of 518068 pages)
** SHUTDOWN **: sosd(15) is exiting cleanly!
/p/lustre2/wood67/experiments/apollo/COMPARE.0016.cleverleaf.3343800/sosd.00005.db --> Exported 68.8% in 23.49 seconds.  (524288 of 762593 pages)
/p/lustre2/wood67/experiments/apollo/COMPARE.0016.cleverleaf.3343800/sosd.00003.db --> Exported 91.5% in 23.56 seconds.  (524288 of 572830 pages)
/p/lustre2/wood67/experiments/apollo/COMPARE.0016.cleverleaf.3343800/sosd.00004.db --> Exported 64.1% in 23.68 seconds.  (524288 of 818019 pages)
/p/lustre2/wood67/experiments/apollo/COMPARE.0016.cleverleaf.3343800/sosd.00001.db --> Exported 83.4% in 24.16 seconds.  (524288 of 628628 pages)
/p/lustre2/wood67/experiments/apollo/COMPARE.0016.cleverleaf.3343800/sosd.00014.db --> Exported 88.8% in 24.31 seconds.  (524288 of 590211 pages)
/p/lustre2/wood67/experiments/apollo/COMPARE.0016.cleverleaf.3343800/sosd.00011.db --> Exported 70.3% in 24.45 seconds.  (524288 of 745989 pages)
/p/lustre2/wood67/experiments/apollo/COMPARE.0016.cleverleaf.3343800/sosd.00010.db --> Exported 74.9% in 24.74 seconds.  (524288 of 700295 pages)
/p/lustre2/wood67/experiments/apollo/COMPARE.0016.cleverleaf.3343800/sosd.00012.db --> Exported 100.0% in 24.76 seconds.  (515068 of 515068 pages)
** SHUTDOWN **: sosd(12) is exiting cleanly!
/p/lustre2/wood67/experiments/apollo/COMPARE.0016.cleverleaf.3343800/sosd.00007.db --> Exported 76.4% in 24.89 seconds.  (524288 of 685848 pages)
/p/lustre2/wood67/experiments/apollo/COMPARE.0016.cleverleaf.3343800/sosd.00009.db --> Exported 65.7% in 24.90 seconds.  (524288 of 797794 pages)
/p/lustre2/wood67/experiments/apollo/COMPARE.0016.cleverleaf.3343800/sosd.00002.db --> Exported 92.0% in 24.98 seconds.  (524288 of 570163 pages)
/p/lustre2/wood67/experiments/apollo/COMPARE.0016.cleverleaf.3343800/sosd.00006.db --> Exported 87.3% in 25.24 seconds.  (524288 of 600589 pages)
/p/lustre2/wood67/experiments/apollo/COMPARE.0016.cleverleaf.3343800/sosd.00008.db --> Exported 85.9% in 25.28 seconds.  (524288 of 610321 pages)
/p/lustre2/wood67/experiments/apollo/COMPARE.0016.cleverleaf.3343800/sosd.00003.db --> Exported 100.0% in 25.94 seconds.  (572830 of 572830 pages)
** SHUTDOWN **: sosd(3) is exiting cleanly!
/p/lustre2/wood67/experiments/apollo/COMPARE.0016.cleverleaf.3343800/sosd.00005.db --> Exported 77.3% in 26.49 seconds.  (589824 of 762593 pages)
/p/lustre2/wood67/experiments/apollo/COMPARE.0016.cleverleaf.3343800/sosd.00004.db --> Exported 72.1% in 26.64 seconds.  (589824 of 818019 pages)
/p/lustre2/wood67/experiments/apollo/COMPARE.0016.cleverleaf.3343800/sosd.00001.db --> Exported 93.8% in 27.16 seconds.  (589824 of 628628 pages)
/p/lustre2/wood67/experiments/apollo/COMPARE.0016.cleverleaf.3343800/sosd.00014.db --> Exported 99.9% in 27.38 seconds.  (589824 of 590211 pages)
/p/lustre2/wood67/experiments/apollo/COMPARE.0016.cleverleaf.3343800/sosd.00002.db --> Exported 100.0% in 27.46 seconds.  (570163 of 570163 pages)
** SHUTDOWN **: sosd(2) is exiting cleanly!
/p/lustre2/wood67/experiments/apollo/COMPARE.0016.cleverleaf.3343800/sosd.00011.db --> Exported 79.1% in 27.51 seconds.  (589824 of 745989 pages)
/p/lustre2/wood67/experiments/apollo/COMPARE.0016.cleverleaf.3343800/sosd.00014.db --> Exported 100.0% in 27.62 seconds.  (590211 of 590211 pages)
** SHUTDOWN **: sosd(14) is exiting cleanly!
/p/lustre2/wood67/experiments/apollo/COMPARE.0016.cleverleaf.3343800/sosd.00010.db --> Exported 84.2% in 27.91 seconds.  (589824 of 700295 pages)
/p/lustre2/wood67/experiments/apollo/COMPARE.0016.cleverleaf.3343800/sosd.00007.db --> Exported 86.0% in 28.03 seconds.  (589824 of 685848 pages)
/p/lustre2/wood67/experiments/apollo/COMPARE.0016.cleverleaf.3343800/sosd.00009.db --> Exported 73.9% in 28.04 seconds.  (589824 of 797794 pages)
/p/lustre2/wood67/experiments/apollo/COMPARE.0016.cleverleaf.3343800/sosd.00006.db --> Exported 98.2% in 28.38 seconds.  (589824 of 600589 pages)
/p/lustre2/wood67/experiments/apollo/COMPARE.0016.cleverleaf.3343800/sosd.00008.db --> Exported 96.6% in 28.51 seconds.  (589824 of 610321 pages)
/p/lustre2/wood67/experiments/apollo/COMPARE.0016.cleverleaf.3343800/sosd.00006.db --> Exported 100.0% in 29.10 seconds.  (600589 of 600589 pages)
** SHUTDOWN **: sosd(6) is exiting cleanly!
/p/lustre2/wood67/experiments/apollo/COMPARE.0016.cleverleaf.3343800/sosd.00001.db --> Exported 100.0% in 29.16 seconds.  (628628 of 628628 pages)
** SHUTDOWN **: sosd(1) is exiting cleanly!
/p/lustre2/wood67/experiments/apollo/COMPARE.0016.cleverleaf.3343800/sosd.00005.db --> Exported 85.9% in 29.59 seconds.  (655360 of 762593 pages)
/p/lustre2/wood67/experiments/apollo/COMPARE.0016.cleverleaf.3343800/sosd.00004.db --> Exported 80.1% in 29.61 seconds.  (655360 of 818019 pages)
/p/lustre2/wood67/experiments/apollo/COMPARE.0016.cleverleaf.3343800/sosd.00008.db --> Exported 100.0% in 29.81 seconds.  (610321 of 610321 pages)
** SHUTDOWN **: sosd(8) is exiting cleanly!
/p/lustre2/wood67/experiments/apollo/COMPARE.0016.cleverleaf.3343800/sosd.00011.db --> Exported 87.9% in 30.56 seconds.  (655360 of 745989 pages)
/p/lustre2/wood67/experiments/apollo/COMPARE.0016.cleverleaf.3343800/sosd.00010.db --> Exported 93.6% in 31.08 seconds.  (655360 of 700295 pages)
/p/lustre2/wood67/experiments/apollo/COMPARE.0016.cleverleaf.3343800/sosd.00009.db --> Exported 82.1% in 31.17 seconds.  (655360 of 797794 pages)
/p/lustre2/wood67/experiments/apollo/COMPARE.0016.cleverleaf.3343800/sosd.00007.db --> Exported 95.6% in 31.18 seconds.  (655360 of 685848 pages)
/p/lustre2/wood67/experiments/apollo/COMPARE.0016.cleverleaf.3343800/sosd.00004.db --> Exported 88.1% in 32.55 seconds.  (720896 of 818019 pages)
/p/lustre2/wood67/experiments/apollo/COMPARE.0016.cleverleaf.3343800/sosd.00007.db --> Exported 100.0% in 32.85 seconds.  (685848 of 685848 pages)
** SHUTDOWN **: sosd(7) is exiting cleanly!
/p/lustre2/wood67/experiments/apollo/COMPARE.0016.cleverleaf.3343800/sosd.00005.db --> Exported 94.5% in 32.87 seconds.  (720896 of 762593 pages)
/p/lustre2/wood67/experiments/apollo/COMPARE.0016.cleverleaf.3343800/sosd.00010.db --> Exported 100.0% in 33.25 seconds.  (700295 of 700295 pages)
** SHUTDOWN **: sosd(10) is exiting cleanly!
/p/lustre2/wood67/experiments/apollo/COMPARE.0016.cleverleaf.3343800/sosd.00011.db --> Exported 96.6% in 33.60 seconds.  (720896 of 745989 pages)
/p/lustre2/wood67/experiments/apollo/COMPARE.0016.cleverleaf.3343800/sosd.00009.db --> Exported 90.4% in 34.34 seconds.  (720896 of 797794 pages)
/p/lustre2/wood67/experiments/apollo/COMPARE.0016.cleverleaf.3343800/sosd.00005.db --> Exported 100.0% in 34.99 seconds.  (762593 of 762593 pages)
** SHUTDOWN **: sosd(5) is exiting cleanly!
/p/lustre2/wood67/experiments/apollo/COMPARE.0016.cleverleaf.3343800/sosd.00011.db --> Exported 100.0% in 35.13 seconds.  (745989 of 745989 pages)
** SHUTDOWN **: sosd(11) is exiting cleanly!
/p/lustre2/wood67/experiments/apollo/COMPARE.0016.cleverleaf.3343800/sosd.00004.db --> Exported 96.1% in 35.69 seconds.  (786432 of 818019 pages)
/p/lustre2/wood67/experiments/apollo/COMPARE.0016.cleverleaf.3343800/sosd.00004.db --> Exported 100.0% in 37.20 seconds.  (818019 of 818019 pages)
** SHUTDOWN **: sosd(4) is exiting cleanly!
/p/lustre2/wood67/experiments/apollo/COMPARE.0016.cleverleaf.3343800/sosd.00009.db --> Exported 98.6% in 37.68 seconds.  (786432 of 797794 pages)
/p/lustre2/wood67/experiments/apollo/COMPARE.0016.cleverleaf.3343800/sosd.00009.db --> Exported 100.0% in 38.32 seconds.  (797794 of 797794 pages)
** SHUTDOWN **: sosd(9) is exiting cleanly!
--- Done! End of job script. ---
