
  JOB TITLE.....: COMPARE.0001.cleverleaf
  WORKING PATH..: /p/lustre2/wood67/experiments/apollo/COMPARE.0001.cleverleaf.3292375

cp: omitting directory '/g/g17/wood67/src/apollo/src/python/apollo/__pycache__'

Launching SOS daemons...

    SOS_WORK=/p/lustre2/wood67/experiments/apollo/COMPARE.0001.cleverleaf.3292375
    SOS_EVPATH_MEETUP=/p/lustre2/wood67/experiments/apollo/COMPARE.0001.cleverleaf.3292375/daemons

  --> sosd.aggregator(0) starting...
  --> sosd.listener(1) starting...

Pausing to ensure runtime is completely established...

==================================================================================
----------------------------------------------------------------------------------

             ._____________________________________________________ ___  _ _
            /_____/\/\/\/\/\____/\/\/\/\______/\/\/\/\/\________ ___ _ _
           /___/\/\__________/\/\____/\/\__/\/\_______________ ___  _   __ _
          /_____/\/\/\/\____/\/\____/\/\____/\/\/\/\_________  _ __
         /___________/\/\__/\/\____/\/\__________/\/\_______ ___ _  __ _   _
        /___/\/\/\/\/\______/\/\/\/\____/\/\/\/\/\_________ ___ __ _  _   _
       /_____________________________________________________ _  _      _
      /___/\/\/\__/\/\___________________________________ ___ _ __ __  _    _
     /___/\/\______/\/\______/\/\/\____/\/\______/\/\___ ___ _ ___ __ _  _
    /___/\/\/\____/\/\____/\/\__/\/\__/\/\__/\__/\/\___ __ _ _  _  _  _
   /___/\/\______/\/\____/\/\__/\/\__/\/\/\/\/\/\/\____ __ ___  _
  /___/\/\______/\/\/\____/\/\/\______/\/\__/\/\_____ ___     _
 |__________________________________________________ ___ _  _ _  ___  _

         Scalable Observation System for Scientific Workflows        

             Version: 1.25
      Target machine: quartz1154

         Compiled on: Aug  8 2019 at 12:39:16 by wood67@quartz1154
   Build environment: GNU/Linux 3.10.0-957.12.2.1chaos.ch6.x86_64 x86_64
         Commit head: a6eeed771836f72734e9e2c594577bf4790e3d9f

----------------------------------------------------------------------------------
==================================================================================


SOS is ready for use!


--------------------------------------------------------------------------------


>>>> Starting SOS daemon statistics monitoring...


>>>> Creating Apollo VIEW and INDEX in the SOS databases...


>>>> Launching experiment codes...


>>>> Controller is DISABLED for the START of this run...

>>>> Comparing cleverleaf-normal and cleverleaf-apollo...

========== EXPERIMENTS STARTING ==========

	   1, cleaf_triple_pt_500.in, normal                        , 5799.36
	   1, cleaf_triple_pt_500.in, model.previous                , 2048.67

>>>> Launching controller and waiting 10 seconds for it to come online...
>>>> OK.

	   1, cleaf_triple_pt_500.in, model.roundrobin              , 285.94

========== EXPERIMENTS COMPLETE ==========


>>>> Bringing down the controller and waiting for 5 seconds (you may see 'kill' output)...


srun: error: quartz1109: task 0: Killed
srun: Force Terminated job step 3292375.16
ERROR: Unable to contact target (quartz1109:44902) after 8 attempts.
--------------------------------------------------------------------------------

    DONE!

$SOS_WORK = /p/lustre2/wood67/experiments/apollo/COMPARE.0001.cleverleaf.3292375

/p/lustre2/wood67/experiments/apollo/COMPARE.0001.cleverleaf.3292375/daemons
|-- monitor.0.csv
|-- monitor.1.csv
|-- sosd.00000.id
|-- sosd.00000.key
`-- sosd.00001.id

0 directories, 5 files
cleaf_triple_pt_500.0.log
cleaf_triple_pt_500.1.log
cleaf_triple_pt_500.2.log
cleverleaf.0000.stdout
cleverleaf.stdout
controller.out
models
sqlexec.0.out
sqlexec.1.out
sqlexec.out
--------------------------------------------------------------------------------

The SOS RUNTIME IS STILL UP so you can interactively query / run visualizations.

You are now in the $SOS_WORK directory with your RESULTS and SCRIPTS!
                                       ^^^^^^^^^^^^^^^^^^^^^^^^^^^^^^

        To RETURN to your code ..: $ cd $RETURN_PATH
        To SHUT DOWN SOS ........: $ ./sosd_stop.sh   (OR: $ killall srun)

NOTE: You need to shut down SOS before it will export the databases to files.


 >>>>
 >>>>
 >>>> Press ENTER or wait 120 seconds to shut down SOS.   (C-c to stay interactive)
 >>>>

 *OK* Shutting down interactive experiment environment...

Bringing down SOS:
Done.
Done.
Killing SOS monitors:
srun: error: quartz1109: task 0: Killed
OK!


srun: error: quartz1980: task 1: Killed
srun: Force Terminated job step 3292375.2
/p/lustre2/wood67/experiments/apollo/COMPARE.0001.cleverleaf.3292375/sosd.00001.db --> Exported 23.9% in 2.97 seconds.  (65536 of 274705 pages)
/p/lustre2/wood67/experiments/apollo/COMPARE.0001.cleverleaf.3292375/sosd.00000.db --> Exported 23.9% in 3.10 seconds.  (65536 of 274705 pages)
/p/lustre2/wood67/experiments/apollo/COMPARE.0001.cleverleaf.3292375/sosd.00001.db --> Exported 47.7% in 5.95 seconds.  (131072 of 274705 pages)
/p/lustre2/wood67/experiments/apollo/COMPARE.0001.cleverleaf.3292375/sosd.00000.db --> Exported 47.7% in 6.17 seconds.  (131072 of 274705 pages)
/p/lustre2/wood67/experiments/apollo/COMPARE.0001.cleverleaf.3292375/sosd.00001.db --> Exported 71.6% in 8.92 seconds.  (196608 of 274705 pages)
/p/lustre2/wood67/experiments/apollo/COMPARE.0001.cleverleaf.3292375/sosd.00000.db --> Exported 71.6% in 9.23 seconds.  (196608 of 274705 pages)
/p/lustre2/wood67/experiments/apollo/COMPARE.0001.cleverleaf.3292375/sosd.00001.db --> Exported 95.4% in 11.89 seconds.  (262144 of 274705 pages)
/p/lustre2/wood67/experiments/apollo/COMPARE.0001.cleverleaf.3292375/sosd.00000.db --> Exported 95.4% in 12.31 seconds.  (262144 of 274705 pages)
/p/lustre2/wood67/experiments/apollo/COMPARE.0001.cleverleaf.3292375/sosd.00001.db --> Exported 100.0% in 12.59 seconds.  (274705 of 274705 pages)
** SHUTDOWN **: sosd(1) is exiting cleanly!
/p/lustre2/wood67/experiments/apollo/COMPARE.0001.cleverleaf.3292375/sosd.00000.db --> Exported 100.0% in 13.03 seconds.  (274705 of 274705 pages)
** SHUTDOWN **: sosd(0) is exiting cleanly!
--- Done! End of job script. ---
