
  JOB TITLE.....: COMPARE.0008.cleverleaf
  WORKING PATH..: /p/lustre2/wood67/experiments/apollo/COMPARE.0008.cleverleaf.3174685


Launching SOS daemons...

    SOS_WORK=/p/lustre2/wood67/experiments/apollo/COMPARE.0008.cleverleaf.3174685
    SOS_EVPATH_MEETUP=/p/lustre2/wood67/experiments/apollo/COMPARE.0008.cleverleaf.3174685/daemons

  --> sosd.aggregator(0) starting...
  --> sosd.listener(1) starting...

Pausing to ensure runtime is completely established...

==================================================================================
----------------------------------------------------------------------------------

             ._____________________________________________________ ___  _ _
            /_____/\/\/\/\/\____/\/\/\/\______/\/\/\/\/\________ ___ _ _
           /___/\/\__________/\/\____/\/\__/\/\_______________ ___  _   __ _
          /_____/\/\/\/\____/\/\____/\/\____/\/\/\/\_________  _ __
         /___________/\/\__/\/\____/\/\__________/\/\_______ ___ _  __ _   _
        /___/\/\/\/\/\______/\/\/\/\____/\/\/\/\/\_________ ___ __ _  _   _
       /_____________________________________________________ _  _      _
      /___/\/\/\__/\/\___________________________________ ___ _ __ __  _    _
     /___/\/\______/\/\______/\/\/\____/\/\______/\/\___ ___ _ ___ __ _  _
    /___/\/\/\____/\/\____/\/\__/\/\__/\/\__/\__/\/\___ __ _ _  _  _  _
   /___/\/\______/\/\____/\/\__/\/\__/\/\/\/\/\/\/\____ __ ___  _
  /___/\/\______/\/\/\____/\/\/\______/\/\__/\/\_____ ___     _
 |__________________________________________________ ___ _  _ _  ___  _

         Scalable Observation System for Scientific Workflows        

             Version: 1.25
      Target machine: quartz1922

         Compiled on: Jun 25 2019 at 02:23:34 by wood67@quartz1922
   Build environment: GNU/Linux 3.10.0-957.12.2.1chaos.ch6.x86_64 x86_64
         Commit head: 30998212659c34cbae63ce379cf3091684238a93

----------------------------------------------------------------------------------
==================================================================================


SOS is ready for use!


--------------------------------------------------------------------------------


>>>> Starting SOS daemon statistics monitoring...


>>>> Creating Apollo VIEW and INDEX in the SOS databases...


>>>> Launching experiment codes...


>>>> Controller is DISABLED for the START of this run...

>>>> Comparing cleverleaf-normal and cleverleaf-apollo...

========== EXPERIMENTS STARTING ==========


>>>> Launching controller and waiting 10 seconds for it to come online...
>>>> OK.  Launching applications.

	   8, cleaf_triple_pt_50.in, normal                        , 1070.93
	   8, cleaf_triple_pt_50.in, model.roundrobin              , 1489.47
	   8, cleaf_triple_pt_50.in, normal                        , 1074.96
	   8, cleaf_triple_pt_50.in, model.roundrobin              , 1341.33
	   8, cleaf_triple_pt_50.in, normal                        , 1063.19
	   8, cleaf_triple_pt_50.in, model.roundrobin              , srun: Job step aborted: Waiting up to 62 seconds for job step to finish.
srun: Job step aborted: Waiting up to 62 seconds for job step to finish.
srun: Job step aborted: Waiting up to 62 seconds for job step to finish.
srun: Job step aborted: Waiting up to 62 seconds for job step to finish.
srun: Job step aborted: Waiting up to 62 seconds for job step to finish.
slurmstepd: error: *** STEP 3174685.0 ON quartz2618 CANCELLED AT 2019-08-01T15:40:46 DUE TO TIME LIMIT ***
slurmstepd: error: *** STEP 3174685.1 ON quartz2617 CANCELLED AT 2019-08-01T15:40:46 DUE TO TIME LIMIT ***
slurmstepd: error: *** JOB 3174685 ON quartz2617 CANCELLED AT 2019-08-01T15:40:46 DUE TO TIME LIMIT ***
srun: error: quartz2618: task 1: Terminated
srun: error: quartz2618: task 0: Terminated
srun: error: quartz2618: tasks 0-7: Terminated
901.04
srun: error: quartz2617: task 0: Terminated
