
  JOB TITLE.....: COMPARE.0008.cleverleaf
  WORKING PATH..: /p/lustre2/wood67/experiments/apollo/COMPARE.0008.cleverleaf.3310480

cp: omitting directory '/g/g17/wood67/src/apollo/src/python/apollo/__pycache__'

Launching SOS daemons...

    SOS_WORK=/p/lustre2/wood67/experiments/apollo/COMPARE.0008.cleverleaf.3310480
    SOS_EVPATH_MEETUP=/p/lustre2/wood67/experiments/apollo/COMPARE.0008.cleverleaf.3310480/daemons

  --> sosd.aggregator(0) starting...
  --> sosd.listener(1) starting...

Pausing to ensure runtime is completely established...

==================================================================================
----------------------------------------------------------------------------------

_._____. .____  .____.._____. _  ..
__  ___/_  __ \_  ___/__  __/__  /________      __    .:|   Scalable
.____ \_  / / /.___ \__  /_ ._  /_  __ \_ | /| / /    .:|   Observation
____/ // /_/ /.___/ /_  __/ _  / / /_/ /_ |/ |/ /     .:|   System for Scientific
/____/ \____/ /____/ /_/    /_/  \____/____/|__/      .:|   Workflows

             Version: 1.25
      Target machine: quartz1154

         Compiled on: Aug  8 2019 at 12:39:16 by wood67@quartz1154
   Build environment: GNU/Linux 3.10.0-957.12.2.1chaos.ch6.x86_64 x86_64
         Commit head: a6eeed771836f72734e9e2c594577bf4790e3d9f

----------------------------------------------------------------------------------
==================================================================================


SOS is ready for use!


--------------------------------------------------------------------------------


>>>> Starting SOS daemon statistics monitoring...


>>>> Creating Apollo VIEW and INDEX in the SOS databases...


>>>> Launching experiment codes...


>>>> Controller is DISABLED for the START of this run...

>>>> Comparing cleverleaf-normal and cleverleaf-apollo...

========== EXPERIMENTS STARTING ==========


>>>> Launching controller and waiting 10 seconds for it to come online...
>>>> OK.  Launching applications.

	   8, cleaf_triple_pt_500.in, normal                        , 1070.45
	   8, cleaf_triple_pt_500.in, model.roundrobin              , srun: error: quartz2564: task 0: Segmentation fault (core dumped)
srun: error: quartz2564: task 1: Segmentation fault (core dumped)
srun: First task exited 30s ago
srun: step:3310480.15 tasks 2-7: running
srun: step:3310480.15 tasks 0-1: exited abnormally
srun: Terminating job step 3310480.15
srun: Job step aborted: Waiting up to 62 seconds for job step to finish.
srun: error: quartz2564: tasks 2-7: Killed
101.85

========== EXPERIMENTS COMPLETE ==========


>>>> Bringing down the controller and waiting for 5 seconds (you may see 'kill' output)...


srun: error: quartz2560: task 0: Killed
srun: Force Terminated job step 3310480.4
--------------------------------------------------------------------------------

    DONE!

$SOS_WORK = /p/lustre2/wood67/experiments/apollo/COMPARE.0008.cleverleaf.3310480

/p/lustre2/wood67/experiments/apollo/COMPARE.0008.cleverleaf.3310480/daemons
|-- monitor.0.csv
|-- monitor.1.csv
|-- sosd.00000.id
|-- sosd.00000.key
`-- sosd.00001.id

0 directories, 5 files
cleaf_triple_pt_500.0.log
cleaf_triple_pt_500.1.log
cleverleaf.0000.stdout
cleverleaf.0001.stdout
cleverleaf.0002.stdout
cleverleaf.0003.stdout
cleverleaf.0004.stdout
cleverleaf.0005.stdout
cleverleaf.0006.stdout
cleverleaf.0007.stdout
controller.out
models
quartz2564-cleverleaf-apol-65514.core
quartz2564-cleverleaf-apol-65515.core
sqlexec.0.out
sqlexec.1.out
sqlexec.out
--------------------------------------------------------------------------------

The SOS RUNTIME IS STILL UP so you can interactively query / run visualizations.

You are now in the $SOS_WORK directory with your RESULTS and SCRIPTS!
                                       ^^^^^^^^^^^^^^^^^^^^^^^^^^^^^^

        To RETURN to your code ..: $ cd $RETURN_PATH
        To SHUT DOWN SOS ........: $ ./sosd_stop.sh   (OR: $ killall srun)

NOTE: You need to shut down SOS before it will export the databases to files.


 >>>>
 >>>>
 >>>> Press ENTER or wait 120 seconds to shut down SOS.   (C-c to stay interactive)
 >>>>

 *OK* Shutting down interactive experiment environment...

Bringing down SOS:
Done.
Done.
Killing SOS monitors:
srun: error: quartz2560: task 0: Killed
OK!


srun: error: quartz2564: task 1: Killed
srun: Force Terminated job step 3310480.3
/p/lustre2/wood67/experiments/apollo/COMPARE.0008.cleverleaf.3310480/sosd.00001.db --> Exported 18.8% in 3.23 seconds.  (65536 of 348727 pages)
/p/lustre2/wood67/experiments/apollo/COMPARE.0008.cleverleaf.3310480/sosd.00000.db --> Exported 18.8% in 3.31 seconds.  (65536 of 348727 pages)
/p/lustre2/wood67/experiments/apollo/COMPARE.0008.cleverleaf.3310480/sosd.00001.db --> Exported 37.6% in 6.39 seconds.  (131072 of 348727 pages)
/p/lustre2/wood67/experiments/apollo/COMPARE.0008.cleverleaf.3310480/sosd.00000.db --> Exported 37.6% in 6.57 seconds.  (131072 of 348727 pages)
/p/lustre2/wood67/experiments/apollo/COMPARE.0008.cleverleaf.3310480/sosd.00001.db --> Exported 56.4% in 9.56 seconds.  (196608 of 348727 pages)
/p/lustre2/wood67/experiments/apollo/COMPARE.0008.cleverleaf.3310480/sosd.00000.db --> Exported 56.4% in 9.77 seconds.  (196608 of 348727 pages)
/p/lustre2/wood67/experiments/apollo/COMPARE.0008.cleverleaf.3310480/sosd.00001.db --> Exported 75.2% in 12.71 seconds.  (262144 of 348727 pages)
/p/lustre2/wood67/experiments/apollo/COMPARE.0008.cleverleaf.3310480/sosd.00000.db --> Exported 75.2% in 13.06 seconds.  (262144 of 348727 pages)
/p/lustre2/wood67/experiments/apollo/COMPARE.0008.cleverleaf.3310480/sosd.00001.db --> Exported 94.0% in 15.88 seconds.  (327680 of 348727 pages)
/p/lustre2/wood67/experiments/apollo/COMPARE.0008.cleverleaf.3310480/sosd.00000.db --> Exported 94.0% in 16.39 seconds.  (327680 of 348727 pages)
/p/lustre2/wood67/experiments/apollo/COMPARE.0008.cleverleaf.3310480/sosd.00001.db --> Exported 100.0% in 17.08 seconds.  (348727 of 348727 pages)
** SHUTDOWN **: sosd(1) is exiting cleanly!
/p/lustre2/wood67/experiments/apollo/COMPARE.0008.cleverleaf.3310480/sosd.00000.db --> Exported 100.0% in 17.66 seconds.  (348727 of 348727 pages)
** SHUTDOWN **: sosd(0) is exiting cleanly!
--- Done! End of job script. ---
