
  JOB TITLE.....: WATCH.0008.cleverleaf.test
  WORKING PATH..: /p/lustre2/wood67/experiments/apollo/WATCH.0008.cleverleaf.test.3138297


Launching SOS daemons...

    SOS_WORK=/p/lustre2/wood67/experiments/apollo/WATCH.0008.cleverleaf.test.3138297
    SOS_EVPATH_MEETUP=/p/lustre2/wood67/experiments/apollo/WATCH.0008.cleverleaf.test.3138297/daemons

  --> sosd.aggregator(0) starting...
  --> sosd.listener(1) starting...

Pausing to ensure runtime is completely established...

==================================================================================
----------------------------------------------------------------------------------

_._____. .____  .____.._____. _  ..
__  ___/_  __ \_  ___/__  __/__  /________      __    .:|   Scalable
.____ \_  / / /.___ \__  /_ ._  /_  __ \_ | /| / /    .:|   Observation
____/ // /_/ /.___/ /_  __/ _  / / /_/ /_ |/ |/ /     .:|   System for Scientific
/____/ \____/ /____/ /_/    /_/  \____/____/|__/      .:|   Workflows

             Version: 1.25
      Target machine: quartz1922

         Compiled on: Jun 25 2019 at 02:23:34 by wood67@quartz1922
   Build environment: GNU/Linux 3.10.0-957.12.2.1chaos.ch6.x86_64 x86_64
         Commit head: 30998212659c34cbae63ce379cf3091684238a93

----------------------------------------------------------------------------------
==================================================================================


SOS is ready for use!


--------------------------------------------------------------------------------


>>>> Starting SOS daemon statistics monitoring...


>>>> Creating Apollo VIEW and INDEX in the SOS databases...


>>>> Launching experiment codes...


>>>> Controller is DISABLED for the start of this run.

Launch command for cleverleaf:
    srun   -o /p/lustre2/wood67/experiments/apollo/WATCH.0008.cleverleaf.test.3138297/output/cleverleaf.stdout  -N 1  -n 8  -r 1   /p/lustre2/wood67/experiments/apollo/WATCH.0008.cleverleaf.test.3138297/bin/cleverleaf   /p/lustre2/wood67/experiments/apollo/WATCH.0008.cleverleaf.test.3138297/cleaf_triple_pt.in

	   8, cleaf_triple_pt.in  , model.static.1.sequential     , 517.66
	   8, cleaf_triple_pt.in  , model.static.2.simd           , 519.88
	   8, cleaf_triple_pt.in  , model.static.3.loopexec       , 518.65
	   8, cleaf_triple_pt.in  , model.static.4.openmp         , 210.18
Launching controller and waiting 10 seconds for it to come online...
	   8, cleaf_triple_pt.in  , model.roundrobin              , 519.87

>>> Bringing down the controller and waiting for 5 seconds (you may see 'kill' output)...


srun: error: quartz130: task 0: Killed
srun: Force Terminated job step 3138297.24
--------------------------------------------------------------------------------

    DONE!

$SOS_WORK = /p/lustre2/wood67/experiments/apollo/WATCH.0008.cleverleaf.test.3138297

/p/lustre2/wood67/experiments/apollo/WATCH.0008.cleverleaf.test.3138297/daemons
|-- monitor.0.csv
|-- monitor.1.csv
|-- sosd.00000.id
|-- sosd.00000.key
`-- sosd.00001.id

0 directories, 5 files
cleaf_triple_pt.0.log
cleaf_triple_pt.0.visit
cleaf_triple_pt.1.log
cleaf_triple_pt.1.visit
cleaf_triple_pt.2.log
cleaf_triple_pt.2.visit
cleaf_triple_pt.3.log
cleaf_triple_pt.3.visit
cleaf_triple_pt.4.log
cleaf_triple_pt.4.visit
cleverleaf.stdout
controller.out
sqlexec.out
--------------------------------------------------------------------------------

The SOS RUNTIME IS STILL UP so you can interactively query / run visualizations.

You are now in the $SOS_WORK directory with your RESULTS and SCRIPTS!
                                       ^^^^^^^^^^^^^^^^^^^^^^^^^^^^^^

        To RETURN to your code ..: $ cd $RETURN_PATH
        To SHUT DOWN SOS ........: $ ./sosd_stop.sh   (OR: $ killall srun)

NOTE: You need to shut down SOS before it will export the databases to files.


 >>>>
 >>>>
 >>>> Press ENTER or wait 120 seconds to shut down SOS.   (C-c to stay interactive)
 >>>>

 *OK* Shutting down interactive experiment environment...

Bringing down SOS:
Done.
Done.
Killing SOS monitors:
srun: error: quartz130: task 0: Killed
OK!


srun: error: quartz131: task 1: Killed
srun: Force Terminated job step 3138297.2
/p/lustre2/wood67/experiments/apollo/WATCH.0008.cleverleaf.test.3138297/sosd.00000.db --> Exported 17.4% in 2.65 seconds.  (65536 of 376268 pages)
/p/lustre2/wood67/experiments/apollo/WATCH.0008.cleverleaf.test.3138297/sosd.00001.db --> Exported 17.4% in 2.66 seconds.  (65536 of 376268 pages)
/p/lustre2/wood67/experiments/apollo/WATCH.0008.cleverleaf.test.3138297/sosd.00001.db --> Exported 34.8% in 5.35 seconds.  (131072 of 376268 pages)
/p/lustre2/wood67/experiments/apollo/WATCH.0008.cleverleaf.test.3138297/sosd.00000.db --> Exported 34.8% in 5.38 seconds.  (131072 of 376268 pages)
/p/lustre2/wood67/experiments/apollo/WATCH.0008.cleverleaf.test.3138297/sosd.00001.db --> Exported 52.3% in 8.05 seconds.  (196608 of 376268 pages)
/p/lustre2/wood67/experiments/apollo/WATCH.0008.cleverleaf.test.3138297/sosd.00000.db --> Exported 52.3% in 8.08 seconds.  (196608 of 376268 pages)
/p/lustre2/wood67/experiments/apollo/WATCH.0008.cleverleaf.test.3138297/sosd.00001.db --> Exported 69.7% in 10.74 seconds.  (262144 of 376268 pages)
/p/lustre2/wood67/experiments/apollo/WATCH.0008.cleverleaf.test.3138297/sosd.00000.db --> Exported 69.7% in 10.81 seconds.  (262144 of 376268 pages)
/p/lustre2/wood67/experiments/apollo/WATCH.0008.cleverleaf.test.3138297/sosd.00001.db --> Exported 87.1% in 13.45 seconds.  (327680 of 376268 pages)
/p/lustre2/wood67/experiments/apollo/WATCH.0008.cleverleaf.test.3138297/sosd.00000.db --> Exported 87.1% in 13.58 seconds.  (327680 of 376268 pages)
/p/lustre2/wood67/experiments/apollo/WATCH.0008.cleverleaf.test.3138297/sosd.00001.db --> Exported 100.0% in 15.64 seconds.  (376268 of 376268 pages)
** SHUTDOWN **: sosd(1) is exiting cleanly!
/p/lustre2/wood67/experiments/apollo/WATCH.0008.cleverleaf.test.3138297/sosd.00000.db --> Exported 100.0% in 15.77 seconds.  (376268 of 376268 pages)
** SHUTDOWN **: sosd(0) is exiting cleanly!
--- Done! End of job script. ---
