
  JOB TITLE.....: COMPARE.0001.cleverleaf
  WORKING PATH..: /p/lustre2/wood67/experiments/apollo/COMPARE.0001.cleverleaf.3334617

module swap intel/18.0.1 gcc/4.9.3
Lmod has detected the following error: Swap failed: "intel/18.0.1" is not
loaded.




Compiler path: '/usr/tce/packages/gcc/gcc-4.9.3/bin/gcc'
Compiler version:
gcc (GCC) 4.9.3
Copyright (C) 2015 Free Software Foundation, Inc.
This is free software; see the source for copying conditions.  There is NO
warranty; not even for MERCHANTABILITY or FITNESS FOR A PARTICULAR PURPOSE.



 .-- Processing ~/setenv.sh ...
 |
 |-- Initializing Spack environment...
 |-- Loading Spack packages...
 |    |-- python@2.7.16                      /zsgpqf3
 |    |    |-- py-scipy
 |    |    |-- py-scikit-learn
 |    |    |-- py-pandas
 |    |    |-- py-numpy
 |    |    |-- py-pycparser
 |    |    |-- py-cffi
 |    |    |-- py-pytz
 |    |    |-- py-dateutil
 |    |    |-- py-six
 |    |    \_
 |    \_
 |-- vim
 |-- cmake
 |-- libnl
 |-- libevpath
 |-- libffs
 |-- gtkorvo-atl
 |-- gtkorvo-dill
 |-- htop
 \_

cp: omitting directory '/g/g17/wood67/src/apollo/src/python/apollo/__pycache__'

Launching SOS daemons...

    SOS_WORK=/p/lustre2/wood67/experiments/apollo/COMPARE.0001.cleverleaf.3334617
    SOS_EVPATH_MEETUP=/p/lustre2/wood67/experiments/apollo/COMPARE.0001.cleverleaf.3334617/daemons

  --> sosd.aggregator(0) starting...
  --> sosd.listener(1) starting...

Pausing to ensure runtime is completely established...

==================================================================================
----------------------------------------------------------------------------------

           _/_/_/    _/_/      _/_/_/ ||[]||[]}))))}]|[]||||  Scalable
        _/        _/    _/  _/        |||||[][{(((({[]|[]|||  Observation
         _/_/    _/    _/    _/_/     |[][]|[]}))))}][]|||[]  System
            _/  _/    _/        _/    []|||[][{(((({[]|[]|||  for Scientific
     _/_/_/      _/_/    _/_/_/       ||[]||[]}))))}][]||[]|  Workflows

             Version: 1.25
      Target machine: quartz1154

         Compiled on: Aug  8 2019 at 12:39:16 by wood67@quartz1154
   Build environment: GNU/Linux 3.10.0-957.12.2.1chaos.ch6.x86_64 x86_64
         Commit head: a6eeed771836f72734e9e2c594577bf4790e3d9f

----------------------------------------------------------------------------------
==================================================================================


SOS is ready for use!


--------------------------------------------------------------------------------


>>>> Starting SOS daemon statistics monitoring...


>>>> Creating Apollo VIEW and INDEX in the SOS databases...


>>>> Launching experiment codes...


>>>> Controller is DISABLED for the START of this run...

>>>> Comparing cleverleaf-normal and cleverleaf-apollo...

========== EXPERIMENTS STARTING ==========


>>>> Launching controller and waiting 10 seconds for it to come online...
>>>> OK.

	   1, cleaf_triple_pt_100.in, normal                        , 966.37
	   1, cleaf_triple_pt_100.in, model.roundrobin              , 443.65
	   1, cleaf_triple_pt_100.in, normal                        , 964.92
	   1, cleaf_triple_pt_100.in, normal                        , 961.64
	   1, cleaf_triple_pt_100.in, normal                        , 963.55

========== EXPERIMENTS COMPLETE ==========


>>>> Bringing down the controller and waiting for 5 seconds (you may see 'kill' output)...


srun: error: quartz1328: task 0: Killed
srun: Force Terminated job step 3334617.4
--------------------------------------------------------------------------------

    DONE!

$SOS_WORK = /p/lustre2/wood67/experiments/apollo/COMPARE.0001.cleverleaf.3334617

/p/lustre2/wood67/experiments/apollo/COMPARE.0001.cleverleaf.3334617/daemons
|-- monitor.0.csv
|-- monitor.1.csv
|-- sosd.00000.id
|-- sosd.00000.key
`-- sosd.00001.id

0 directories, 5 files
cleaf_triple_pt_100.0.log
cleaf_triple_pt_100.1.log
cleaf_triple_pt_100.2.log
cleaf_triple_pt_100.3.log
cleaf_triple_pt_100.4.log
cleverleaf.0000.stdout
controller.out
models
sqlexec.0.out
sqlexec.1.out
sqlexec.out
--------------------------------------------------------------------------------

The SOS RUNTIME IS STILL UP so you can interactively query / run visualizations.

You are now in the $SOS_WORK directory with your RESULTS and SCRIPTS!
                                       ^^^^^^^^^^^^^^^^^^^^^^^^^^^^^^

        To RETURN to your code ..: $ cd $RETURN_PATH
        To SHUT DOWN SOS ........: $ ./sosd_stop.sh   (OR: $ killall srun)

NOTE: You need to shut down SOS before it will export the databases to files.


Constructing / emailing a results summary:
  adding: cleaf_triple_pt_100.0.log (deflated 82%)
  adding: cleverleaf.0000.stdout (deflated 81%)
  adding: controller.out (deflated 89%)
  adding: ../daemons/monitor.0.csv (deflated 83%)
  adding: models/latest_model.json (deflated 96%)
Error sending message, child exited 70 (Internal error.).
Could not send the message.


 >>>>
 >>>>
 >>>> Press ENTER or wait 120 seconds to shut down SOS.   (C-c to stay interactive)
 >>>>

 *OK* Shutting down interactive experiment environment...

Bringing down SOS:
Done.
Done.
Killing SOS monitors:
srun: error: quartz1328: task 0: Killed
OK!


srun: error: quartz2287: task 1: Killed
srun: Force Terminated job step 3334617.2
/p/lustre2/wood67/experiments/apollo/COMPARE.0001.cleverleaf.3334617/sosd.00000.db --> Exported 57.0% in 3.11 seconds.  (65536 of 114977 pages)
/p/lustre2/wood67/experiments/apollo/COMPARE.0001.cleverleaf.3334617/sosd.00001.db --> Exported 57.0% in 3.14 seconds.  (65536 of 114977 pages)
/p/lustre2/wood67/experiments/apollo/COMPARE.0001.cleverleaf.3334617/sosd.00000.db --> Exported 100.0% in 5.64 seconds.  (114977 of 114977 pages)
** SHUTDOWN **: sosd(0) is exiting cleanly!
/p/lustre2/wood67/experiments/apollo/COMPARE.0001.cleverleaf.3334617/sosd.00001.db --> Exported 100.0% in 5.65 seconds.  (114977 of 114977 pages)
** SHUTDOWN **: sosd(1) is exiting cleanly!
--- Done! End of job script. ---
