
  JOB TITLE.....: COMPARE.0016.cleverleaf
  WORKING PATH..: /p/lustre2/wood67/experiments/apollo/COMPARE.0016.cleverleaf.3310906

module swap intel/18.0.1 gcc/4.9.3
Lmod has detected the following error: Swap failed: "intel/18.0.1" is not
loaded.




Compiler path: '/usr/tce/packages/gcc/gcc-4.9.3/bin/gcc'
Compiler version:
gcc (GCC) 4.9.3
Copyright (C) 2015 Free Software Foundation, Inc.
This is free software; see the source for copying conditions.  There is NO
warranty; not even for MERCHANTABILITY or FITNESS FOR A PARTICULAR PURPOSE.



 .-- Processing ~/setenv.sh ...
 |
 |-- Initializing Spack environment...
 |-- Loading Spack packages...
 |    |-- python
==> Error: the constraint '['python']' matches multiple packages:
	zsgpqf3 python@2.7.16%gcc@4.9.3+bz2+ctypes+dbm+lzma~nis~optimizations+pic+pyexpat+pythoncmd+readline+shared+sqlite3+ssl~tkinter+ucs4~uuid+zlib arch=linux-rhel7-x86_64
	tckxnhk python@3.7.2%gcc@4.9.3+bz2+ctypes+dbm+lzma~nis~optimizations+pic+pyexpat+pythoncmd+readline+shared+sqlite3+ssl~tkinter~ucs4~uuid+zlib arch=linux-rhel7-x86_64

==> Error: In this context exactly **one** match is needed: please specify your constraints better.
 |    |    |-- py-scipy
==> Error: the constraint '['py-scipy']' matches multiple packages:
	7qvyjed py-scipy@1.2.1%gcc@4.9.3 arch=linux-rhel7-x86_64
	tbmhxa4 py-scipy@1.2.1%gcc@4.9.3 arch=linux-rhel7-x86_64

==> Error: In this context exactly **one** match is needed: please specify your constraints better.
 |    |    |-- py-scikit-learn
==> Error: the constraint '['py-scikit-learn']' matches multiple packages:
	34kpy2u py-scikit-learn@0.20.2%gcc@4.9.3 arch=linux-rhel7-x86_64
	y5xczsq py-scikit-learn@0.20.2%gcc@4.9.3 arch=linux-rhel7-x86_64

==> Error: In this context exactly **one** match is needed: please specify your constraints better.
 |    |    |-- py-pandas
==> Error: the constraint '['py-pandas']' matches multiple packages:
	xmthccg py-pandas@0.24.1%gcc@4.9.3 arch=linux-rhel7-x86_64
	o2sxqnh py-pandas@0.24.1%gcc@4.9.3 arch=linux-rhel7-x86_64

==> Error: In this context exactly **one** match is needed: please specify your constraints better.
 |    |    |-- py-numpy
==> Error: the constraint '['py-numpy']' matches multiple packages:
	ckmegip py-numpy@1.16.2%gcc@4.9.3+blas+lapack arch=linux-rhel7-x86_64
	bsjrcxh py-numpy@1.16.2%gcc@4.9.3+blas+lapack arch=linux-rhel7-x86_64

==> Error: In this context exactly **one** match is needed: please specify your constraints better.
 |    |    |-- py-cffi
==> Error: the constraint '['py-cffi']' matches multiple packages:
	g7wwzru py-cffi@1.12.2%gcc@4.9.3 arch=linux-rhel7-x86_64
	4fr44gt py-cffi@1.12.2%gcc@4.9.3 arch=linux-rhel7-x86_64

==> Error: In this context exactly **one** match is needed: please specify your constraints better.
 |    |    \_
 |    \_
 |-- vim
 |-- cmake
 |-- libnl
 |-- libevpath
 |-- libffs
 |-- gtkorvo-atl
 |-- gtkorvo-dill
 |-- htop
 \_

cp: omitting directory '/g/g17/wood67/src/apollo/src/python/apollo/__pycache__'

Launching SOS daemons...

    SOS_WORK=/p/lustre2/wood67/experiments/apollo/COMPARE.0016.cleverleaf.3310906
    SOS_EVPATH_MEETUP=/p/lustre2/wood67/experiments/apollo/COMPARE.0016.cleverleaf.3310906/daemons

  --> sosd.aggregator(0) starting...
  --> sosd.listener(1) starting...
  --> sosd.listener(2) starting...
  --> sosd.listener(3) starting...
  --> sosd.listener(4) starting...
  --> sosd.listener(5) starting...
  --> sosd.listener(6) starting...
  --> sosd.listener(7) starting...
  --> sosd.listener(8) starting...
  --> sosd.listener(9) starting...
  --> sosd.listener(10) starting...
  --> sosd.listener(11) starting...
  --> sosd.listener(12) starting...
  --> sosd.listener(13) starting...
  --> sosd.listener(14) starting...
  --> sosd.listener(15) starting...

Pausing to ensure runtime is completely established...

==================================================================================
----------------------------------------------------------------------------------

             ._____________________________________________________ ___  _ _
            /_____/\/\/\/\/\____/\/\/\/\______/\/\/\/\/\________ ___ _ _
           /___/\/\__________/\/\____/\/\__/\/\_______________ ___  _   __ _
          /_____/\/\/\/\____/\/\____/\/\____/\/\/\/\_________  _ __
         /___________/\/\__/\/\____/\/\__________/\/\_______ ___ _  __ _   _
        /___/\/\/\/\/\______/\/\/\/\____/\/\/\/\/\_________ ___ __ _  _   _
       /_____________________________________________________ _  _      _
      /___/\/\/\__/\/\___________________________________ ___ _ __ __  _    _
     /___/\/\______/\/\______/\/\/\____/\/\______/\/\___ ___ _ ___ __ _  _
    /___/\/\/\____/\/\____/\/\__/\/\__/\/\__/\__/\/\___ __ _ _  _  _  _
   /___/\/\______/\/\____/\/\__/\/\__/\/\/\/\/\/\/\____ __ ___  _
  /___/\/\______/\/\/\____/\/\/\______/\/\__/\/\_____ ___     _
 |__________________________________________________ ___ _  _ _  ___  _

         Scalable Observation System for Scientific Workflows        

             Version: 1.25
      Target machine: quartz1154

         Compiled on: Aug  8 2019 at 12:39:16 by wood67@quartz1154
   Build environment: GNU/Linux 3.10.0-957.12.2.1chaos.ch6.x86_64 x86_64
         Commit head: a6eeed771836f72734e9e2c594577bf4790e3d9f

----------------------------------------------------------------------------------
==================================================================================


SOS is ready for use!


--------------------------------------------------------------------------------


>>>> Starting SOS daemon statistics monitoring...


>>>> Creating Apollo VIEW and INDEX in the SOS databases...


>>>> Launching experiment codes...


>>>> Controller is DISABLED for the START of this run...

>>>> Comparing cleverleaf-normal and cleverleaf-apollo...

========== EXPERIMENTS STARTING ==========


>>>> Launching controller and waiting 10 seconds for it to come online...
>>>> OK.

Running default Cleverleaf 16 ranks on 16 nodes...

	  16, cleaf_triple_pt_500.in, normal                        , 368.67

Running Apollo version...

	  16, cleaf_triple_pt_500.in, model.roundrobin              , 343.33
/var/spool/slurmd/job3310906/slurm_script: line 381: EXPORT: command not found

Running Normal version after adjusting OMP_NUM_THREADS=

	  16, cleaf_triple_pt_500.in, normal                        , srun: error: quartz185: task 0: Exited with exit code 1
368.39
/var/spool/slurmd/job3310906/slurm_script: line 387: EXPORT: command not found

Running Normal version after adjusting OMP_NUM_THREADS=

	  16, cleaf_triple_pt_500.in, normal                        , 365.99
/var/spool/slurmd/job3310906/slurm_script: line 393: EXPORT: command not found

Running Normal version after adjusting OMP_NUM_THREADS=

	  16, cleaf_triple_pt_500.in, normal                        , 368.88

========== EXPERIMENTS COMPLETE ==========


>>>> Bringing down the controller and waiting for 5 seconds (you may see 'kill' output)...

srun: error: quartz185: task 0: Exited with exit code 1

--------------------------------------------------------------------------------

    DONE!

$SOS_WORK = /p/lustre2/wood67/experiments/apollo/COMPARE.0016.cleverleaf.3310906

/p/lustre2/wood67/experiments/apollo/COMPARE.0016.cleverleaf.3310906/daemons
|-- monitor.0.csv
|-- monitor.1.csv
|-- monitor.10.csv
|-- monitor.11.csv
|-- monitor.12.csv
|-- monitor.13.csv
|-- monitor.14.csv
|-- monitor.15.csv
|-- monitor.2.csv
|-- monitor.3.csv
|-- monitor.4.csv
|-- monitor.5.csv
|-- monitor.6.csv
|-- monitor.7.csv
|-- monitor.8.csv
|-- monitor.9.csv
|-- sosd.00000.id
|-- sosd.00000.key
|-- sosd.00001.id
|-- sosd.00002.id
|-- sosd.00003.id
|-- sosd.00004.id
|-- sosd.00005.id
|-- sosd.00006.id
|-- sosd.00007.id
|-- sosd.00008.id
|-- sosd.00009.id
|-- sosd.00010.id
|-- sosd.00011.id
|-- sosd.00012.id
|-- sosd.00013.id
|-- sosd.00014.id
`-- sosd.00015.id

0 directories, 33 files
cleaf_triple_pt_500.0.log
cleaf_triple_pt_500.1.log
cleaf_triple_pt_500.2.log
cleaf_triple_pt_500.3.log
cleaf_triple_pt_500.4.log
cleverleaf.0000.stdout
cleverleaf.0001.stdout
cleverleaf.0002.stdout
cleverleaf.0003.stdout
cleverleaf.0004.stdout
cleverleaf.0005.stdout
cleverleaf.0006.stdout
cleverleaf.0007.stdout
cleverleaf.0008.stdout
cleverleaf.0009.stdout
cleverleaf.0010.stdout
cleverleaf.0011.stdout
cleverleaf.0012.stdout
cleverleaf.0013.stdout
cleverleaf.0014.stdout
cleverleaf.0015.stdout
controller.out
models
sqlexec.0.out
sqlexec.1.out
sqlexec.10.out
sqlexec.11.out
sqlexec.12.out
sqlexec.13.out
sqlexec.14.out
sqlexec.15.out
sqlexec.2.out
sqlexec.3.out
sqlexec.4.out
sqlexec.5.out
sqlexec.6.out
sqlexec.7.out
sqlexec.8.out
sqlexec.9.out
sqlexec.out
--------------------------------------------------------------------------------

The SOS RUNTIME IS STILL UP so you can interactively query / run visualizations.

You are now in the $SOS_WORK directory with your RESULTS and SCRIPTS!
                                       ^^^^^^^^^^^^^^^^^^^^^^^^^^^^^^

        To RETURN to your code ..: $ cd $RETURN_PATH
        To SHUT DOWN SOS ........: $ ./sosd_stop.sh   (OR: $ killall srun)

NOTE: You need to shut down SOS before it will export the databases to files.


 >>>>
 >>>>
 >>>> Press ENTER or wait 120 seconds to shut down SOS.   (C-c to stay interactive)
 >>>>

 *OK* Shutting down interactive experiment environment...

Bringing down SOS:
Done.
Done.
Done.
Done.
Done.
Done.
Done.
Done.
Done.
Done.
Done.
Done.
Done.
Done.
Done.
Done.
Killing SOS monitors:
srun: error: quartz193: task 2: Killed
srun: error: quartz2622: task 14: Killed
srun: error: quartz185: task 0: Killed
srun: error: quartz301: task 8: Killed
srun: error: quartz303: task 9: Killed
srun: error: quartz240: task 5: Killed
srun: error: quartz2623: task 15: Killed
srun: error: quartz414: task 12: Killed
srun: error: quartz2621: task 13: Killed
srun: error: quartz305: task 11: Killed
srun: error: quartz186: task 1: Killed
srun: error: quartz238: task 3: Killed
srun: error: quartz300: task 7: Killed
OK!


srun: error: quartz304: task 10: Killed
srun: error: quartz299: task 6: Killed
srun: error: quartz239: task 4: Killed
srun: Force Terminated job step 3310906.16
/p/lustre2/wood67/experiments/apollo/COMPARE.0016.cleverleaf.3310906/sosd.00002.db --> Exported 21.3% in 3.02 seconds.  (65536 of 307003 pages)
/p/lustre2/wood67/experiments/apollo/COMPARE.0016.cleverleaf.3310906/sosd.00006.db --> Exported 21.8% in 3.07 seconds.  (65536 of 300142 pages)
/p/lustre2/wood67/experiments/apollo/COMPARE.0016.cleverleaf.3310906/sosd.00000.db --> Exported 1.3% in 3.07 seconds.  (65536 of 5187623 pages)
/p/lustre2/wood67/experiments/apollo/COMPARE.0016.cleverleaf.3310906/sosd.00010.db --> Exported 23.8% in 3.13 seconds.  (65536 of 274865 pages)
/p/lustre2/wood67/experiments/apollo/COMPARE.0016.cleverleaf.3310906/sosd.00013.db --> Exported 22.4% in 3.15 seconds.  (65536 of 292759 pages)
/p/lustre2/wood67/experiments/apollo/COMPARE.0016.cleverleaf.3310906/sosd.00012.db --> Exported 18.6% in 3.16 seconds.  (65536 of 352431 pages)
/p/lustre2/wood67/experiments/apollo/COMPARE.0016.cleverleaf.3310906/sosd.00008.db --> Exported 18.4% in 3.17 seconds.  (65536 of 356947 pages)
/p/lustre2/wood67/experiments/apollo/COMPARE.0016.cleverleaf.3310906/sosd.00001.db --> Exported 10.7% in 3.19 seconds.  (65536 of 611873 pages)
/p/lustre2/wood67/experiments/apollo/COMPARE.0016.cleverleaf.3310906/sosd.00003.db --> Exported 20.0% in 3.17 seconds.  (65536 of 328019 pages)
/p/lustre2/wood67/experiments/apollo/COMPARE.0016.cleverleaf.3310906/sosd.00007.db --> Exported 17.6% in 3.18 seconds.  (65536 of 372036 pages)
/p/lustre2/wood67/experiments/apollo/COMPARE.0016.cleverleaf.3310906/sosd.00011.db --> Exported 23.1% in 3.22 seconds.  (65536 of 284107 pages)
/p/lustre2/wood67/experiments/apollo/COMPARE.0016.cleverleaf.3310906/sosd.00014.db --> Exported 27.7% in 3.25 seconds.  (65536 of 236409 pages)
/p/lustre2/wood67/experiments/apollo/COMPARE.0016.cleverleaf.3310906/sosd.00005.db --> Exported 23.9% in 3.23 seconds.  (65536 of 274683 pages)
/p/lustre2/wood67/experiments/apollo/COMPARE.0016.cleverleaf.3310906/sosd.00009.db --> Exported 15.4% in 3.26 seconds.  (65536 of 425458 pages)
/p/lustre2/wood67/experiments/apollo/COMPARE.0016.cleverleaf.3310906/sosd.00004.db --> Exported 15.7% in 3.31 seconds.  (65536 of 416957 pages)
/p/lustre2/wood67/experiments/apollo/COMPARE.0016.cleverleaf.3310906/sosd.00015.db --> Exported 21.4% in 3.31 seconds.  (65536 of 305780 pages)
/p/lustre2/wood67/experiments/apollo/COMPARE.0016.cleverleaf.3310906/sosd.00002.db --> Exported 42.7% in 6.05 seconds.  (131072 of 307003 pages)
/p/lustre2/wood67/experiments/apollo/COMPARE.0016.cleverleaf.3310906/sosd.00000.db --> Exported 2.5% in 6.02 seconds.  (131072 of 5187623 pages)
/p/lustre2/wood67/experiments/apollo/COMPARE.0016.cleverleaf.3310906/sosd.00006.db --> Exported 43.7% in 6.16 seconds.  (131072 of 300142 pages)
/p/lustre2/wood67/experiments/apollo/COMPARE.0016.cleverleaf.3310906/sosd.00013.db --> Exported 44.8% in 6.20 seconds.  (131072 of 292759 pages)
/p/lustre2/wood67/experiments/apollo/COMPARE.0016.cleverleaf.3310906/sosd.00008.db --> Exported 36.7% in 6.21 seconds.  (131072 of 356947 pages)
/p/lustre2/wood67/experiments/apollo/COMPARE.0016.cleverleaf.3310906/sosd.00012.db --> Exported 37.2% in 6.22 seconds.  (131072 of 352431 pages)
/p/lustre2/wood67/experiments/apollo/COMPARE.0016.cleverleaf.3310906/sosd.00010.db --> Exported 47.7% in 6.26 seconds.  (131072 of 274865 pages)
/p/lustre2/wood67/experiments/apollo/COMPARE.0016.cleverleaf.3310906/sosd.00014.db --> Exported 55.4% in 6.32 seconds.  (131072 of 236409 pages)
/p/lustre2/wood67/experiments/apollo/COMPARE.0016.cleverleaf.3310906/sosd.00003.db --> Exported 40.0% in 6.28 seconds.  (131072 of 328019 pages)
/p/lustre2/wood67/experiments/apollo/COMPARE.0016.cleverleaf.3310906/sosd.00001.db --> Exported 21.4% in 6.34 seconds.  (131072 of 611873 pages)
/p/lustre2/wood67/experiments/apollo/COMPARE.0016.cleverleaf.3310906/sosd.00011.db --> Exported 46.1% in 6.36 seconds.  (131072 of 284107 pages)
/p/lustre2/wood67/experiments/apollo/COMPARE.0016.cleverleaf.3310906/sosd.00007.db --> Exported 35.2% in 6.35 seconds.  (131072 of 372036 pages)
/p/lustre2/wood67/experiments/apollo/COMPARE.0016.cleverleaf.3310906/sosd.00009.db --> Exported 30.8% in 6.39 seconds.  (131072 of 425458 pages)
/p/lustre2/wood67/experiments/apollo/COMPARE.0016.cleverleaf.3310906/sosd.00015.db --> Exported 42.9% in 6.40 seconds.  (131072 of 305780 pages)
/p/lustre2/wood67/experiments/apollo/COMPARE.0016.cleverleaf.3310906/sosd.00005.db --> Exported 47.7% in 6.42 seconds.  (131072 of 274683 pages)
/p/lustre2/wood67/experiments/apollo/COMPARE.0016.cleverleaf.3310906/sosd.00004.db --> Exported 31.4% in 6.51 seconds.  (131072 of 416957 pages)
/p/lustre2/wood67/experiments/apollo/COMPARE.0016.cleverleaf.3310906/sosd.00000.db --> Exported 3.8% in 8.97 seconds.  (196608 of 5187623 pages)
/p/lustre2/wood67/experiments/apollo/COMPARE.0016.cleverleaf.3310906/sosd.00002.db --> Exported 64.0% in 9.09 seconds.  (196608 of 307003 pages)
/p/lustre2/wood67/experiments/apollo/COMPARE.0016.cleverleaf.3310906/sosd.00006.db --> Exported 65.5% in 9.26 seconds.  (196608 of 300142 pages)
/p/lustre2/wood67/experiments/apollo/COMPARE.0016.cleverleaf.3310906/sosd.00013.db --> Exported 67.2% in 9.24 seconds.  (196608 of 292759 pages)
/p/lustre2/wood67/experiments/apollo/COMPARE.0016.cleverleaf.3310906/sosd.00012.db --> Exported 55.8% in 9.26 seconds.  (196608 of 352431 pages)
/p/lustre2/wood67/experiments/apollo/COMPARE.0016.cleverleaf.3310906/sosd.00008.db --> Exported 55.1% in 9.28 seconds.  (196608 of 356947 pages)
/p/lustre2/wood67/experiments/apollo/COMPARE.0016.cleverleaf.3310906/sosd.00014.db --> Exported 83.2% in 9.40 seconds.  (196608 of 236409 pages)
/p/lustre2/wood67/experiments/apollo/COMPARE.0016.cleverleaf.3310906/sosd.00010.db --> Exported 71.5% in 9.38 seconds.  (196608 of 274865 pages)
/p/lustre2/wood67/experiments/apollo/COMPARE.0016.cleverleaf.3310906/sosd.00003.db --> Exported 59.9% in 9.47 seconds.  (196608 of 328019 pages)
/p/lustre2/wood67/experiments/apollo/COMPARE.0016.cleverleaf.3310906/sosd.00009.db --> Exported 46.2% in 9.49 seconds.  (196608 of 425458 pages)
/p/lustre2/wood67/experiments/apollo/COMPARE.0016.cleverleaf.3310906/sosd.00011.db --> Exported 69.2% in 9.50 seconds.  (196608 of 284107 pages)
/p/lustre2/wood67/experiments/apollo/COMPARE.0016.cleverleaf.3310906/sosd.00007.db --> Exported 52.8% in 9.49 seconds.  (196608 of 372036 pages)
/p/lustre2/wood67/experiments/apollo/COMPARE.0016.cleverleaf.3310906/sosd.00001.db --> Exported 32.1% in 9.52 seconds.  (196608 of 611873 pages)
/p/lustre2/wood67/experiments/apollo/COMPARE.0016.cleverleaf.3310906/sosd.00015.db --> Exported 64.3% in 9.56 seconds.  (196608 of 305780 pages)
/p/lustre2/wood67/experiments/apollo/COMPARE.0016.cleverleaf.3310906/sosd.00005.db --> Exported 71.6% in 9.58 seconds.  (196608 of 274683 pages)
/p/lustre2/wood67/experiments/apollo/COMPARE.0016.cleverleaf.3310906/sosd.00004.db --> Exported 47.2% in 9.64 seconds.  (196608 of 416957 pages)
/p/lustre2/wood67/experiments/apollo/COMPARE.0016.cleverleaf.3310906/sosd.00014.db --> Exported 100.0% in 11.37 seconds.  (236409 of 236409 pages)
** SHUTDOWN **: sosd(14) is exiting cleanly!
/p/lustre2/wood67/experiments/apollo/COMPARE.0016.cleverleaf.3310906/sosd.00000.db --> Exported 5.1% in 11.95 seconds.  (262144 of 5187623 pages)
/p/lustre2/wood67/experiments/apollo/COMPARE.0016.cleverleaf.3310906/sosd.00002.db --> Exported 85.4% in 12.19 seconds.  (262144 of 307003 pages)
/p/lustre2/wood67/experiments/apollo/COMPARE.0016.cleverleaf.3310906/sosd.00012.db --> Exported 74.4% in 12.27 seconds.  (262144 of 352431 pages)
/p/lustre2/wood67/experiments/apollo/COMPARE.0016.cleverleaf.3310906/sosd.00008.db --> Exported 73.4% in 12.29 seconds.  (262144 of 356947 pages)
/p/lustre2/wood67/experiments/apollo/COMPARE.0016.cleverleaf.3310906/sosd.00013.db --> Exported 89.5% in 12.32 seconds.  (262144 of 292759 pages)
/p/lustre2/wood67/experiments/apollo/COMPARE.0016.cleverleaf.3310906/sosd.00006.db --> Exported 87.3% in 12.36 seconds.  (262144 of 300142 pages)
/p/lustre2/wood67/experiments/apollo/COMPARE.0016.cleverleaf.3310906/sosd.00009.db --> Exported 61.6% in 12.59 seconds.  (262144 of 425458 pages)
/p/lustre2/wood67/experiments/apollo/COMPARE.0016.cleverleaf.3310906/sosd.00011.db --> Exported 92.3% in 12.61 seconds.  (262144 of 284107 pages)
/p/lustre2/wood67/experiments/apollo/COMPARE.0016.cleverleaf.3310906/sosd.00010.db --> Exported 95.4% in 12.61 seconds.  (262144 of 274865 pages)
/p/lustre2/wood67/experiments/apollo/COMPARE.0016.cleverleaf.3310906/sosd.00003.db --> Exported 79.9% in 12.61 seconds.  (262144 of 328019 pages)
/p/lustre2/wood67/experiments/apollo/COMPARE.0016.cleverleaf.3310906/sosd.00007.db --> Exported 70.5% in 12.62 seconds.  (262144 of 372036 pages)
/p/lustre2/wood67/experiments/apollo/COMPARE.0016.cleverleaf.3310906/sosd.00001.db --> Exported 42.8% in 12.73 seconds.  (262144 of 611873 pages)
/p/lustre2/wood67/experiments/apollo/COMPARE.0016.cleverleaf.3310906/sosd.00015.db --> Exported 85.7% in 12.72 seconds.  (262144 of 305780 pages)
/p/lustre2/wood67/experiments/apollo/COMPARE.0016.cleverleaf.3310906/sosd.00004.db --> Exported 62.9% in 12.84 seconds.  (262144 of 416957 pages)
/p/lustre2/wood67/experiments/apollo/COMPARE.0016.cleverleaf.3310906/sosd.00005.db --> Exported 95.4% in 12.80 seconds.  (262144 of 274683 pages)
/p/lustre2/wood67/experiments/apollo/COMPARE.0016.cleverleaf.3310906/sosd.00010.db --> Exported 100.0% in 13.35 seconds.  (274865 of 274865 pages)
** SHUTDOWN **: sosd(10) is exiting cleanly!
/p/lustre2/wood67/experiments/apollo/COMPARE.0016.cleverleaf.3310906/sosd.00005.db --> Exported 100.0% in 13.58 seconds.  (274683 of 274683 pages)
** SHUTDOWN **: sosd(5) is exiting cleanly!
/p/lustre2/wood67/experiments/apollo/COMPARE.0016.cleverleaf.3310906/sosd.00011.db --> Exported 100.0% in 13.82 seconds.  (284107 of 284107 pages)
** SHUTDOWN **: sosd(11) is exiting cleanly!
/p/lustre2/wood67/experiments/apollo/COMPARE.0016.cleverleaf.3310906/sosd.00013.db --> Exported 100.0% in 13.91 seconds.  (292759 of 292759 pages)
** SHUTDOWN **: sosd(13) is exiting cleanly!
/p/lustre2/wood67/experiments/apollo/COMPARE.0016.cleverleaf.3310906/sosd.00006.db --> Exported 100.0% in 14.34 seconds.  (300142 of 300142 pages)
** SHUTDOWN **: sosd(6) is exiting cleanly!
/p/lustre2/wood67/experiments/apollo/COMPARE.0016.cleverleaf.3310906/sosd.00002.db --> Exported 100.0% in 14.53 seconds.  (307003 of 307003 pages)
** SHUTDOWN **: sosd(2) is exiting cleanly!
/p/lustre2/wood67/experiments/apollo/COMPARE.0016.cleverleaf.3310906/sosd.00015.db --> Exported 100.0% in 15.00 seconds.  (305780 of 305780 pages)
** SHUTDOWN **: sosd(15) is exiting cleanly!
/p/lustre2/wood67/experiments/apollo/COMPARE.0016.cleverleaf.3310906/sosd.00000.db --> Exported 6.3% in 14.98 seconds.  (327680 of 5187623 pages)
/p/lustre2/wood67/experiments/apollo/COMPARE.0016.cleverleaf.3310906/sosd.00008.db --> Exported 91.8% in 15.33 seconds.  (327680 of 356947 pages)
/p/lustre2/wood67/experiments/apollo/COMPARE.0016.cleverleaf.3310906/sosd.00012.db --> Exported 93.0% in 15.35 seconds.  (327680 of 352431 pages)
/p/lustre2/wood67/experiments/apollo/COMPARE.0016.cleverleaf.3310906/sosd.00009.db --> Exported 77.0% in 15.71 seconds.  (327680 of 425458 pages)
/p/lustre2/wood67/experiments/apollo/COMPARE.0016.cleverleaf.3310906/sosd.00003.db --> Exported 99.9% in 15.75 seconds.  (327680 of 328019 pages)
/p/lustre2/wood67/experiments/apollo/COMPARE.0016.cleverleaf.3310906/sosd.00007.db --> Exported 88.1% in 15.78 seconds.  (327680 of 372036 pages)
/p/lustre2/wood67/experiments/apollo/COMPARE.0016.cleverleaf.3310906/sosd.00003.db --> Exported 100.0% in 15.92 seconds.  (328019 of 328019 pages)
** SHUTDOWN **: sosd(3) is exiting cleanly!
/p/lustre2/wood67/experiments/apollo/COMPARE.0016.cleverleaf.3310906/sosd.00001.db --> Exported 53.6% in 15.96 seconds.  (327680 of 611873 pages)
/p/lustre2/wood67/experiments/apollo/COMPARE.0016.cleverleaf.3310906/sosd.00004.db --> Exported 78.6% in 16.04 seconds.  (327680 of 416957 pages)
/p/lustre2/wood67/experiments/apollo/COMPARE.0016.cleverleaf.3310906/sosd.00012.db --> Exported 100.0% in 16.68 seconds.  (352431 of 352431 pages)
** SHUTDOWN **: sosd(12) is exiting cleanly!
/p/lustre2/wood67/experiments/apollo/COMPARE.0016.cleverleaf.3310906/sosd.00008.db --> Exported 100.0% in 16.86 seconds.  (356947 of 356947 pages)
** SHUTDOWN **: sosd(8) is exiting cleanly!
/p/lustre2/wood67/experiments/apollo/COMPARE.0016.cleverleaf.3310906/sosd.00000.db --> Exported 7.6% in 18.02 seconds.  (393216 of 5187623 pages)
/p/lustre2/wood67/experiments/apollo/COMPARE.0016.cleverleaf.3310906/sosd.00007.db --> Exported 100.0% in 18.13 seconds.  (372036 of 372036 pages)
** SHUTDOWN **: sosd(7) is exiting cleanly!
/p/lustre2/wood67/experiments/apollo/COMPARE.0016.cleverleaf.3310906/sosd.00009.db --> Exported 92.4% in 18.83 seconds.  (393216 of 425458 pages)
/p/lustre2/wood67/experiments/apollo/COMPARE.0016.cleverleaf.3310906/sosd.00004.db --> Exported 94.3% in 19.19 seconds.  (393216 of 416957 pages)
/p/lustre2/wood67/experiments/apollo/COMPARE.0016.cleverleaf.3310906/sosd.00001.db --> Exported 64.3% in 19.16 seconds.  (393216 of 611873 pages)
/p/lustre2/wood67/experiments/apollo/COMPARE.0016.cleverleaf.3310906/sosd.00004.db --> Exported 100.0% in 20.51 seconds.  (416957 of 416957 pages)
** SHUTDOWN **: sosd(4) is exiting cleanly!
/p/lustre2/wood67/experiments/apollo/COMPARE.0016.cleverleaf.3310906/sosd.00009.db --> Exported 100.0% in 20.55 seconds.  (425458 of 425458 pages)
** SHUTDOWN **: sosd(9) is exiting cleanly!
/p/lustre2/wood67/experiments/apollo/COMPARE.0016.cleverleaf.3310906/sosd.00000.db --> Exported 8.8% in 21.06 seconds.  (458752 of 5187623 pages)
--- Done! End of job script. ---
