
  JOB TITLE.....: COMPARE.0008.cleverleaf-viz
  WORKING PATH..: /p/lustre2/wood67/experiments/apollo/COMPARE.0008.cleverleaf-viz.3174723


Launching SOS daemons...

    SOS_WORK=/p/lustre2/wood67/experiments/apollo/COMPARE.0008.cleverleaf-viz.3174723
    SOS_EVPATH_MEETUP=/p/lustre2/wood67/experiments/apollo/COMPARE.0008.cleverleaf-viz.3174723/daemons

  --> sosd.aggregator(0) starting...
  --> sosd.listener(1) starting...

Pausing to ensure runtime is completely established...

==================================================================================
----------------------------------------------------------------------------------

           _/_/_/    _/_/      _/_/_/ ||[]||[]}))))}]|[]||||  Scalable
        _/        _/    _/  _/        |||||[][{(((({[]|[]|||  Observation
         _/_/    _/    _/    _/_/     |[][]|[]}))))}][]|||[]  System
            _/  _/    _/        _/    []|||[][{(((({[]|[]|||  for Scientific
     _/_/_/      _/_/    _/_/_/       ||[]||[]}))))}][]||[]|  Workflows

             Version: 1.25
      Target machine: quartz1922

         Compiled on: Jun 25 2019 at 02:23:34 by wood67@quartz1922
   Build environment: GNU/Linux 3.10.0-957.12.2.1chaos.ch6.x86_64 x86_64
         Commit head: 30998212659c34cbae63ce379cf3091684238a93

----------------------------------------------------------------------------------
==================================================================================


SOS is ready for use!


--------------------------------------------------------------------------------


>>>> Starting SOS daemon statistics monitoring...


>>>> Creating Apollo VIEW and INDEX in the SOS databases...


>>>> Launching experiment codes...


>>>> Controller is DISABLED for the START of this run...

>>>> Comparing cleverleaf-normal and cleverleaf-apollo...

========== EXPERIMENTS STARTING ==========


>>>> Launching controller and waiting 10 seconds for it to come online...
>>>> OK.  Launching applications.

	   8, cleaf_triple_pt_500_viz.in, normal                        , 1076.95
	   8, cleaf_triple_pt_500_viz.in, model.roundrobin              , 1467.44
srun: error: quartz361: task 0: Exited with exit code 1
	   8, cleaf_triple_pt_500_viz.in, normal                        , 1069.30
	   8, cleaf_triple_pt_500_viz.in, model.roundrobin              , 1329.64
	   8, cleaf_triple_pt_500_viz.in, normal                        , 1081.78
	   8, cleaf_triple_pt_500_viz.in, model.roundrobin              , slurmstepd: error: *** JOB 3174723 ON quartz361 CANCELLED AT 2019-08-01T15:44:48 DUE TO TIME LIMIT ***
srun: Job step aborted: Waiting up to 62 seconds for job step to finish.
srun: Job step aborted: Waiting up to 62 seconds for job step to finish.
slurmstepd: error: *** STEP 3174723.0 ON quartz362 CANCELLED AT 2019-08-01T15:44:48 DUE TO TIME LIMIT ***
slurmstepd: error: *** STEP 3174723.1 ON quartz361 CANCELLED AT 2019-08-01T15:44:48 DUE TO TIME LIMIT ***
srun: Job step aborted: Waiting up to 62 seconds for job step to finish.
srun: Job step aborted: Waiting up to 62 seconds for job step to finish.
srun: error: quartz362: task 1: Terminated
srun: error: quartz362: task 0: Terminated
srun: error: quartz361: task 0: Terminated
