
  JOB TITLE.....: WATCH.0008.cleverleaf.test
  WORKING PATH..: /p/lustre2/wood67/experiments/apollo/WATCH.0008.cleverleaf.test.2950904

module swap intel/18.0.1 gcc/4.9.3
Lmod has detected the following error: Swap failed: "intel/18.0.1" is not
loaded.




Compiler path: '/usr/tce/packages/gcc/gcc-4.9.3/bin/gcc'
Compiler version:
gcc (GCC) 4.9.3
Copyright (C) 2015 Free Software Foundation, Inc.
This is free software; see the source for copying conditions.  There is NO
warranty; not even for MERCHANTABILITY or FITNESS FOR A PARTICULAR PURPOSE.



 .-- Processing ~/setenv.sh ...
 |
 |-- Initializing Spack environment...
 |-- Loading Spack packages...
 |    |-- python
 |    |    |-- py-scipy
 |    |    |-- py-scikit-learn
 |    |    |-- py-pandas
 |    |    |-- py-numpy
 |    |    |-- py-cffi
 |    |    \_
 |    \_
 |-- vim
 |-- cmake
 |-- libnl
 |-- libevpath
 |-- libffs
 |-- gtkorvo-atl
 |-- gtkorvo-dill
 |-- htop
 \_


Launching SOS daemons...

    SOS_WORK=/p/lustre2/wood67/experiments/apollo/WATCH.0008.cleverleaf.test.2950904
    SOS_EVPATH_MEETUP=/p/lustre2/wood67/experiments/apollo/WATCH.0008.cleverleaf.test.2950904/daemons

  --> sosd.aggregator(0) starting...
  --> sosd.listener(1) starting...

Pausing to ensure runtime is completely established...

==================================================================================
----------------------------------------------------------------------------------

             ._____________________________________________________ ___  _ _
            /_____/\/\/\/\/\____/\/\/\/\______/\/\/\/\/\________ ___ _ _
           /___/\/\__________/\/\____/\/\__/\/\_______________ ___  _   __ _
          /_____/\/\/\/\____/\/\____/\/\____/\/\/\/\_________  _ __
         /___________/\/\__/\/\____/\/\__________/\/\_______ ___ _  __ _   _
        /___/\/\/\/\/\______/\/\/\/\____/\/\/\/\/\_________ ___ __ _  _   _
       /_____________________________________________________ _  _      _
      /___/\/\/\__/\/\___________________________________ ___ _ __ __  _    _
     /___/\/\______/\/\______/\/\/\____/\/\______/\/\___ ___ _ ___ __ _  _
    /___/\/\/\____/\/\____/\/\__/\/\__/\/\__/\__/\/\___ __ _ _  _  _  _
   /___/\/\______/\/\____/\/\__/\/\__/\/\/\/\/\/\/\____ __ ___  _
  /___/\/\______/\/\/\____/\/\/\______/\/\__/\/\_____ ___     _
 |__________________________________________________ ___ _  _ _  ___  _

         Scalable Observation System for Scientific Workflows        

             Version: 1.25
      Target machine: quartz380

         Compiled on: May 16 2019 at 11:11:57 by wood67@quartz380
   Build environment: GNU/Linux 3.10.0-957.5.1.3chaos.ch6.x86_64 x86_64
         Commit head: fed825c40be2ca1c0269efd5887a691d75610485

----------------------------------------------------------------------------------
==================================================================================


SOS is ready for use!


--------------------------------------------------------------------------------


>>>> Starting SOS daemon statistics monitoring...


>>>> Creating Apollo VIEW and INDEX in the SOS databases...

>>>> Default Apollo model...


    {
        "driver": {
            "format": "int",
            "rules": "1"
        },
        "type": {
            "guid": 0,
            "name": "RoundRobin"
        },
        "region_names": [
             "none"
        ],
        "features": {
            "count": 0,
            "names": [
                "none"
            ]
        }
    }


>>>> Launching experiment codes...

Launching controller and waiting 10 seconds for it to come online...
srun: error: quartz1902: task 0: Exited with exit code 1
Launch command for cleverleaf:
    srun   -o /p/lustre2/wood67/experiments/apollo/WATCH.0008.cleverleaf.test.2950904/output/cleverleaf.stdout  -N 1  -n 8  -r 1   /p/lustre2/wood67/experiments/apollo/WATCH.0008.cleverleaf.test.2950904/bin/cleverleaf   /p/lustre2/wood67/experiments/apollo/WATCH.0008.cleverleaf.test.2950904/cleaf_triple_pt.in

srun: Job step aborted: Waiting up to 62 seconds for job step to finish.
srun: error: quartz2273: tasks 2-4: Aborted (core dumped)
srun: error: quartz2273: task 7: Exited with exit code 1
srun: error: quartz2273: tasks 0-1,5-6: Killed
--------------------------------------------------------------------------------

    DONE!

$SOS_WORK = /p/lustre2/wood67/experiments/apollo/WATCH.0008.cleverleaf.test.2950904

/p/lustre2/wood67/experiments/apollo/WATCH.0008.cleverleaf.test.2950904/daemons
|-- monitor.0.csv
|-- monitor.1.csv
|-- sosd.00000.id
|-- sosd.00000.key
`-- sosd.00001.id

0 directories, 5 files
cleaf_triple_pt.0.log
cleverleaf.stdout
controller.out
quartz2273-cleverleaf-181671.core
quartz2273-cleverleaf-181672.core
quartz2273-cleverleaf-181673.core
--------------------------------------------------------------------------------

The SOS RUNTIME IS STILL UP so you can interactively query / run visualizations.

You are now in the $SOS_WORK directory with your RESULTS and SCRIPTS!
                                       ^^^^^^^^^^^^^^^^^^^^^^^^^^^^^^

        To RETURN to your code ..: $ cd $RETURN_PATH
        To SHUT DOWN SOS ........: $ ./sosd_stop.sh   (OR: $ killall srun)

NOTE: You need to shut down SOS before it will export the databases to files.


 >>>>
 >>>>
 >>>> Press ENTER or wait 120 seconds to shut down SOS.   (C-c to stay interactive)
 >>>>

 *OK* Shutting down interactive experiment environment...

Bringing down SOS:
Done.
Done.
/p/lustre2/wood67/experiments/apollo/WATCH.0008.cleverleaf.test.2950904/sosd.00000.db --> Exported 100.0% in 0.06 seconds.  (20 of 20 pages)
** SHUTDOWN **: sosd(0) is exiting cleanly!
/p/lustre2/wood67/experiments/apollo/WATCH.0008.cleverleaf.test.2950904/sosd.00001.db --> Exported 100.0% in 0.08 seconds.  (20 of 20 pages)
** SHUTDOWN **: sosd(1) is exiting cleanly!
Killing SOS monitors:
srun: error: quartz1902: task 0: Killed
OK!


srun: error: quartz2273: task 1: Killed
srun: Force Terminated job step 2950904.2
--- Done! End of job script. ---
