
  JOB TITLE.....: COMPARE.0008.cleverleaf
  WORKING PATH..: /p/lustre2/wood67/experiments/apollo/COMPARE.0008.cleverleaf.3336125

module swap intel/18.0.1 gcc/4.9.3
Lmod has detected the following error: Swap failed: "intel/18.0.1" is not
loaded.




Compiler path: '/usr/tce/packages/gcc/gcc-4.9.3/bin/gcc'
Compiler version:
gcc (GCC) 4.9.3
Copyright (C) 2015 Free Software Foundation, Inc.
This is free software; see the source for copying conditions.  There is NO
warranty; not even for MERCHANTABILITY or FITNESS FOR A PARTICULAR PURPOSE.



 .-- Processing ~/setenv.sh ...
 |
 |-- Initializing Spack environment...
 |-- Loading Spack packages...
 |    |-- python@2.7.16                      /zsgpqf3
 |    |    |-- py-scipy
 |    |    |-- py-scikit-learn
 |    |    |-- py-pandas
 |    |    |-- py-numpy
 |    |    |-- py-pycparser
 |    |    |-- py-cffi
 |    |    |-- py-pytz
 |    |    |-- py-dateutil
 |    |    |-- py-six
 |    |    \_
 |    \_
 |-- vim
 |-- cmake
 |-- libnl
 |-- libevpath
 |-- libffs
 |-- gtkorvo-atl
 |-- gtkorvo-dill
 |-- htop
 \_

cp: omitting directory '/g/g17/wood67/src/apollo/src/python/apollo/__pycache__'

Launching SOS daemons...

    SOS_WORK=/p/lustre2/wood67/experiments/apollo/COMPARE.0008.cleverleaf.3336125
    SOS_EVPATH_MEETUP=/p/lustre2/wood67/experiments/apollo/COMPARE.0008.cleverleaf.3336125/daemons

  --> sosd.aggregator(0) starting...
  --> sosd.listener(1) starting...

Pausing to ensure runtime is completely established...

==================================================================================
----------------------------------------------------------------------------------

           _/_/_/    _/_/      _/_/_/ ||[]||[]}))))}]|[]||||  Scalable
        _/        _/    _/  _/        |||||[][{(((({[]|[]|||  Observation
         _/_/    _/    _/    _/_/     |[][]|[]}))))}][]|||[]  System
            _/  _/    _/        _/    []|||[][{(((({[]|[]|||  for Scientific
     _/_/_/      _/_/    _/_/_/       ||[]||[]}))))}][]||[]|  Workflows

             Version: 1.25
      Target machine: quartz1154

         Compiled on: Aug  8 2019 at 12:39:16 by wood67@quartz1154
   Build environment: GNU/Linux 3.10.0-957.12.2.1chaos.ch6.x86_64 x86_64
         Commit head: a6eeed771836f72734e9e2c594577bf4790e3d9f

----------------------------------------------------------------------------------
==================================================================================


SOS is ready for use!


--------------------------------------------------------------------------------


>>>> Starting SOS daemon statistics monitoring...


>>>> Creating Apollo VIEW and INDEX in the SOS databases...


>>>> Launching experiment codes...


>>>> Controller is DISABLED for the START of this run...

>>>> Comparing cleverleaf-normal and cleverleaf-apollo...

========== EXPERIMENTS STARTING ==========


>>>> Launching controller and waiting 10 seconds for it to come online...
>>>> OK.  Launching applications.

srun: error: quartz1033: task 0: Exited with exit code 1
	   8, cleaf_triple_pt_100.in, normal                        , 195.16
	   8, cleaf_triple_pt_100.in, model.roundrobin              , 2233.73
	   8, cleaf_triple_pt_100.in, normal                        , 187.48
	   8, cleaf_triple_pt_100.in, normal                        , 187.56
	   8, cleaf_triple_pt_100.in, normal                        , 190.17
	   8, cleaf_triple_pt_100.in, normal                        , 190.22

========== EXPERIMENTS COMPLETE ==========


>>>> Bringing down the controller and waiting for 5 seconds (you may see 'kill' output)...

srun: error: quartz1033: task 0: Exited with exit code 1

--------------------------------------------------------------------------------

    DONE!

$SOS_WORK = /p/lustre2/wood67/experiments/apollo/COMPARE.0008.cleverleaf.3336125

/p/lustre2/wood67/experiments/apollo/COMPARE.0008.cleverleaf.3336125/daemons
|-- monitor.0.csv
|-- monitor.1.csv
|-- sosd.00000.id
|-- sosd.00000.key
`-- sosd.00001.id

0 directories, 5 files
cleaf_triple_pt_100.0.log
cleaf_triple_pt_100.1.log
cleaf_triple_pt_100.2.log
cleaf_triple_pt_100.3.log
cleaf_triple_pt_100.4.log
cleaf_triple_pt_100.5.log
cleverleaf.0000.stdout
cleverleaf.0001.stdout
cleverleaf.0002.stdout
cleverleaf.0003.stdout
cleverleaf.0004.stdout
cleverleaf.0005.stdout
cleverleaf.0006.stdout
cleverleaf.0007.stdout
controller.out
models
sqlexec.0.out
sqlexec.1.out
sqlexec.out
--------------------------------------------------------------------------------

The SOS RUNTIME IS STILL UP so you can interactively query / run visualizations.

You are now in the $SOS_WORK directory with your RESULTS and SCRIPTS!
                                       ^^^^^^^^^^^^^^^^^^^^^^^^^^^^^^

        To RETURN to your code ..: $ cd $RETURN_PATH
        To SHUT DOWN SOS ........: $ ./sosd_stop.sh   (OR: $ killall srun)

NOTE: You need to shut down SOS before it will export the databases to files.



Constructing / emailing a results summary:
  adding: cleaf_triple_pt_100.0.log (deflated 82%)
  adding: cleverleaf.0000.stdout (deflated 83%)
  adding: controller.out (deflated 30%)
  adding: ../daemons/monitor.0.csv (deflated 85%)
	zip warning: name not matched: models/latest_model.json

zip error: Nothing to do! (results.3336125.summary.zip)
Error sending message, child exited 70 (Internal error.).
Could not send the message.

 >>>>
 >>>>
 >>>> Press ENTER or wait 120 seconds to shut down SOS.   (C-c to stay interactive)
 >>>>

 *OK* Shutting down interactive experiment environment...

Bringing down SOS:
Done.
Done.
Killing SOS monitors:
srun: error: quartz1033: task 0: Killed
OK!


srun: error: quartz1953: task 1: Killed
srun: Force Terminated job step 3336125.2
/p/lustre2/wood67/experiments/apollo/COMPARE.0008.cleverleaf.3336125/sosd.00001.db --> Exported 10.2% in 3.16 seconds.  (65536 of 639648 pages)
/p/lustre2/wood67/experiments/apollo/COMPARE.0008.cleverleaf.3336125/sosd.00000.db --> Exported 10.2% in 3.12 seconds.  (65536 of 639648 pages)
/p/lustre2/wood67/experiments/apollo/COMPARE.0008.cleverleaf.3336125/sosd.00001.db --> Exported 20.5% in 6.23 seconds.  (131072 of 639648 pages)
/p/lustre2/wood67/experiments/apollo/COMPARE.0008.cleverleaf.3336125/sosd.00000.db --> Exported 20.5% in 6.15 seconds.  (131072 of 639648 pages)
/p/lustre2/wood67/experiments/apollo/COMPARE.0008.cleverleaf.3336125/sosd.00001.db --> Exported 30.7% in 9.31 seconds.  (196608 of 639648 pages)
/p/lustre2/wood67/experiments/apollo/COMPARE.0008.cleverleaf.3336125/sosd.00000.db --> Exported 30.7% in 9.23 seconds.  (196608 of 639648 pages)
/p/lustre2/wood67/experiments/apollo/COMPARE.0008.cleverleaf.3336125/sosd.00001.db --> Exported 41.0% in 12.36 seconds.  (262144 of 639648 pages)
/p/lustre2/wood67/experiments/apollo/COMPARE.0008.cleverleaf.3336125/sosd.00000.db --> Exported 41.0% in 12.32 seconds.  (262144 of 639648 pages)
/p/lustre2/wood67/experiments/apollo/COMPARE.0008.cleverleaf.3336125/sosd.00001.db --> Exported 51.2% in 15.42 seconds.  (327680 of 639648 pages)
/p/lustre2/wood67/experiments/apollo/COMPARE.0008.cleverleaf.3336125/sosd.00000.db --> Exported 51.2% in 15.42 seconds.  (327680 of 639648 pages)
/p/lustre2/wood67/experiments/apollo/COMPARE.0008.cleverleaf.3336125/sosd.00001.db --> Exported 61.5% in 18.46 seconds.  (393216 of 639648 pages)
/p/lustre2/wood67/experiments/apollo/COMPARE.0008.cleverleaf.3336125/sosd.00000.db --> Exported 61.5% in 18.53 seconds.  (393216 of 639648 pages)
/p/lustre2/wood67/experiments/apollo/COMPARE.0008.cleverleaf.3336125/sosd.00001.db --> Exported 71.7% in 21.52 seconds.  (458752 of 639648 pages)
/p/lustre2/wood67/experiments/apollo/COMPARE.0008.cleverleaf.3336125/sosd.00000.db --> Exported 71.7% in 21.62 seconds.  (458752 of 639648 pages)
--- Done! End of job script. ---
