
  JOB TITLE.....: WATCH.0008.cleverleaf.test
  WORKING PATH..: /p/lustre2/wood67/experiments/apollo/WATCH.0008.cleverleaf.test.3132603


Launching SOS daemons...

    SOS_WORK=/p/lustre2/wood67/experiments/apollo/WATCH.0008.cleverleaf.test.3132603
    SOS_EVPATH_MEETUP=/p/lustre2/wood67/experiments/apollo/WATCH.0008.cleverleaf.test.3132603/daemons

  --> sosd.aggregator(0) starting...
  --> sosd.listener(1) starting...

Pausing to ensure runtime is completely established...

==================================================================================
----------------------------------------------------------------------------------

             ._____________________________________________________ ___  _ _
            /_____/\/\/\/\/\____/\/\/\/\______/\/\/\/\/\________ ___ _ _
           /___/\/\__________/\/\____/\/\__/\/\_______________ ___  _   __ _
          /_____/\/\/\/\____/\/\____/\/\____/\/\/\/\_________  _ __
         /___________/\/\__/\/\____/\/\__________/\/\_______ ___ _  __ _   _
        /___/\/\/\/\/\______/\/\/\/\____/\/\/\/\/\_________ ___ __ _  _   _
       /_____________________________________________________ _  _      _
      /___/\/\/\__/\/\___________________________________ ___ _ __ __  _    _
     /___/\/\______/\/\______/\/\/\____/\/\______/\/\___ ___ _ ___ __ _  _
    /___/\/\/\____/\/\____/\/\__/\/\__/\/\__/\__/\/\___ __ _ _  _  _  _
   /___/\/\______/\/\____/\/\__/\/\__/\/\/\/\/\/\/\____ __ ___  _
  /___/\/\______/\/\/\____/\/\/\______/\/\__/\/\_____ ___     _
 |__________________________________________________ ___ _  _ _  ___  _

         Scalable Observation System for Scientific Workflows

             Version: 1.25
      Target machine: quartz1922

         Compiled on: Jun 25 2019 at 02:23:34 by wood67@quartz1922
   Build environment: GNU/Linux 3.10.0-957.12.2.1chaos.ch6.x86_64 x86_64
         Commit head: 30998212659c34cbae63ce379cf3091684238a93

----------------------------------------------------------------------------------
==================================================================================


SOS is ready for use!


--------------------------------------------------------------------------------


>>>> Starting SOS daemon statistics monitoring...


>>>> Creating Apollo VIEW and INDEX in the SOS databases...


>>>> Launching experiment codes...


>>>> Controller is DISABLED for the start of this run.

Launch command for cleverleaf:
    srun   -o /p/lustre2/wood67/experiments/apollo/WATCH.0008.cleverleaf.test.3132603/output/cleverleaf.stdout  -N 1  -n 8  -r 1   /p/lustre2/wood67/experiments/apollo/WATCH.0008.cleverleaf.test.3132603/bin/cleverleaf   /p/lustre2/wood67/experiments/apollo/WATCH.0008.cleverleaf.test.3132603/cleaf_triple_pt.in

	   8, cleaf_triple_pt.in  , model.static.1.sequential     , 251.21
	   8, cleaf_triple_pt.in  , model.static.2.simd           , 252.69
	   8, cleaf_triple_pt.in  , model.static.3.loopexec       , 252.77
	   8, cleaf_triple_pt.in  , model.static.4.openmp         , 103.65
	   8, cleaf_triple_pt.in  , model.previous                , srun: error: quartz2205: tasks 0-7: Exited with exit code 1
0.89
Launching controller and waiting 10 seconds for it to come online...
	   8, cleaf_triple_pt.in  , model.roundrobin              , 258.74

>>> Bringing down the controller and waiting for 5 seconds (you may see 'kill' output)...


srun: error: quartz1849: task 0: Killed
srun: Force Terminated job step 3132603.24
--------------------------------------------------------------------------------

    DONE!

$SOS_WORK = /p/lustre2/wood67/experiments/apollo/WATCH.0008.cleverleaf.test.3132603

/p/lustre2/wood67/experiments/apollo/WATCH.0008.cleverleaf.test.3132603/daemons
|-- monitor.0.csv
|-- monitor.1.csv
|-- sosd.00000.id
|-- sosd.00000.key
`-- sosd.00001.id

0 directories, 5 files
cleaf_triple_pt.0.log
cleaf_triple_pt.0.visit
cleaf_triple_pt.1.log
cleaf_triple_pt.1.visit
cleaf_triple_pt.2.log
cleaf_triple_pt.2.visit
cleaf_triple_pt.3.log
cleaf_triple_pt.3.visit
cleaf_triple_pt.4.log
cleaf_triple_pt.4.visit
cleaf_triple_pt.5.log
cleverleaf.stdout
controller.out
--------------------------------------------------------------------------------

The SOS RUNTIME IS STILL UP so you can interactively query / run visualizations.

You are now in the $SOS_WORK directory with your RESULTS and SCRIPTS!
                                       ^^^^^^^^^^^^^^^^^^^^^^^^^^^^^^

        To RETURN to your code ..: $ cd $RETURN_PATH
        To SHUT DOWN SOS ........: $ ./sosd_stop.sh   (OR: $ killall srun)

NOTE: You need to shut down SOS before it will export the databases to files.


 >>>>
 >>>>
 >>>> Press ENTER or wait 120 seconds to shut down SOS.   (C-c to stay interactive)
 >>>>

 *OK* Shutting down interactive experiment environment...

Bringing down SOS:
Done.
Done.
Killing SOS monitors:
srun: error: quartz1849: task 0: Killed
OK!


srun: error: quartz2205: task 1: Killed
srun: Force Terminated job step 3132603.2
/p/lustre2/wood67/experiments/apollo/WATCH.0008.cleverleaf.test.3132603/sosd.00000.db --> Exported 6.7% in 2.66 seconds.  (65536 of 973443 pages)
/p/lustre2/wood67/experiments/apollo/WATCH.0008.cleverleaf.test.3132603/sosd.00001.db --> Exported 6.7% in 2.58 seconds.  (65536 of 973443 pages)
/p/lustre2/wood67/experiments/apollo/WATCH.0008.cleverleaf.test.3132603/sosd.00001.db --> Exported 13.5% in 5.17 seconds.  (131072 of 973443 pages)
/p/lustre2/wood67/experiments/apollo/WATCH.0008.cleverleaf.test.3132603/sosd.00000.db --> Exported 13.5% in 5.41 seconds.  (131072 of 973443 pages)
/p/lustre2/wood67/experiments/apollo/WATCH.0008.cleverleaf.test.3132603/sosd.00001.db --> Exported 20.2% in 7.74 seconds.  (196608 of 973443 pages)
/p/lustre2/wood67/experiments/apollo/WATCH.0008.cleverleaf.test.3132603/sosd.00000.db --> Exported 20.2% in 8.07 seconds.  (196608 of 973443 pages)
/p/lustre2/wood67/experiments/apollo/WATCH.0008.cleverleaf.test.3132603/sosd.00001.db --> Exported 26.9% in 10.33 seconds.  (262144 of 973443 pages)
/p/lustre2/wood67/experiments/apollo/WATCH.0008.cleverleaf.test.3132603/sosd.00000.db --> Exported 26.9% in 10.70 seconds.  (262144 of 973443 pages)
/p/lustre2/wood67/experiments/apollo/WATCH.0008.cleverleaf.test.3132603/sosd.00001.db --> Exported 33.7% in 12.94 seconds.  (327680 of 973443 pages)
/p/lustre2/wood67/experiments/apollo/WATCH.0008.cleverleaf.test.3132603/sosd.00000.db --> Exported 33.7% in 13.35 seconds.  (327680 of 973443 pages)
/p/lustre2/wood67/experiments/apollo/WATCH.0008.cleverleaf.test.3132603/sosd.00001.db --> Exported 40.4% in 15.58 seconds.  (393216 of 973443 pages)
/p/lustre2/wood67/experiments/apollo/WATCH.0008.cleverleaf.test.3132603/sosd.00000.db --> Exported 40.4% in 15.97 seconds.  (393216 of 973443 pages)
/p/lustre2/wood67/experiments/apollo/WATCH.0008.cleverleaf.test.3132603/sosd.00001.db --> Exported 47.1% in 18.17 seconds.  (458752 of 973443 pages)
/p/lustre2/wood67/experiments/apollo/WATCH.0008.cleverleaf.test.3132603/sosd.00000.db --> Exported 47.1% in 18.61 seconds.  (458752 of 973443 pages)
/p/lustre2/wood67/experiments/apollo/WATCH.0008.cleverleaf.test.3132603/sosd.00001.db --> Exported 53.9% in 20.76 seconds.  (524288 of 973443 pages)
/p/lustre2/wood67/experiments/apollo/WATCH.0008.cleverleaf.test.3132603/sosd.00000.db --> Exported 53.9% in 21.30 seconds.  (524288 of 973443 pages)
--- Done! End of job script. ---
